#
# There is insufficient memory for the Java Runtime Environment to continue.
# Native memory allocation (malloc) failed to allocate 1915536 bytes for Chunk::new
# Possible reasons:
#   The system is out of physical RAM or swap space
#   The process is running with CompressedOops enabled, and the Java Heap may be blocking the growth of the native heap
# Possible solutions:
#   Reduce memory load on the system
#   Increase physical memory or swap space
#   Check if swap backing store is full
#   Decrease Java heap size (-Xmx/-Xms)
#   Decrease number of Java threads
#   Decrease Java thread stack sizes (-Xss)
#   Set larger code cache with -XX:ReservedCodeCacheSize=
#   JVM is running with Zero Based Compressed Oops mode in which the Java heap is
#     placed in the first 32GB address space. The Java Heap base address is the
#     maximum limit for the native heap growth. Please use -XX:HeapBaseMinAddress
#     to set the Java Heap base and to place the Java Heap above 32GB virtual address.
# This output file may be truncated or incomplete.
#
#  Out of Memory Error (arena.cpp:189), pid=15856, tid=15144
#
# JRE version: Java(TM) SE Runtime Environment (17.0.6+9) (build 17.0.6+9-LTS-190)
# Java VM: Java HotSpot(TM) 64-Bit Server VM (17.0.6+9-LTS-190, mixed mode, sharing, tiered, compressed oops, compressed class ptrs, g1 gc, windows-amd64)
# No core dump will be written. Minidumps are not enabled by default on client versions of Windows
#

---------------  S U M M A R Y ------------

Command Line: -agentlib:jdwp=transport=dt_socket,address=127.0.0.1:11942,suspend=y,server=n -javaagent:C:\Users\Ausu\AppData\Local\JetBrains\IntelliJIdea2022.2\captureAgent\debugger-agent.jar -Dfile.encoding=UTF-8 --module-path=C:\Users\Ausu\.m2\repository\commons-codec\commons-codec\1.15\commons-codec-1.15.jar;C:\Users\Ausu\.m2\repository\org\openjfx\javafx-graphics\17.0.2\javafx-graphics-17.0.2-win.jar;C:\Users\Ausu\.m2\repository\org\openjfx\javafx-controls\17.0.2\javafx-controls-17.0.2-win.jar;D:\University\Semester2\project-group-09\crusader\target\classes;C:\Users\Ausu\.m2\repository\org\projectlombok\lombok\1.18.26\lombok-1.18.26.jar;C:\Users\Ausu\.m2\repository\com\google\code\gson\gson\2.10.1\gson-2.10.1.jar;C:\Users\Ausu\.m2\repository\org\openjfx\javafx-media\16\javafx-media-16-win.jar;C:\Users\Ausu\.m2\repository\org\openjfx\javafx-base\17.0.2\javafx-base-17.0.2-win.jar;C:\Users\Ausu\.m2\repository\org\openjfx\javafx-fxml\17.0.2\javafx-fxml-17.0.2-win.jar -Djdk.module.main=crusader crusader/view.menus.GameMenu

Host: AMD Ryzen 7 5800H with Radeon Graphics         , 16 cores, 13G,  Windows 11 , 64 bit Build 22000 (10.0.22000.1880)
Time: Tue Jun  6 23:33:01 2023 Iran Standard Time elapsed time: 3.407335 seconds (0d 0h 0m 3s)

---------------  T H R E A D  ---------------

Current thread (0x000002b86faeb130):  JavaThread "C2 CompilerThread1" daemon [_thread_in_native, id=15144, stack(0x000000f23c100000,0x000000f23c200000)]


Current CompileTask:
C2:   3407 2856       4       javafx.scene.Scene$ScenePulseListener::syncAll (121 bytes)

Stack: [0x000000f23c100000,0x000000f23c200000]
Native frames: (J=compiled Java code, j=interpreted, Vv=VM code, C=native code)
V  [jvm.dll+0x6734ea]
V  [jvm.dll+0x7d18f4]
V  [jvm.dll+0x7d309e]
V  [jvm.dll+0x7d3703]
V  [jvm.dll+0x2433c5]
V  [jvm.dll+0xaa46b]
V  [jvm.dll+0xaaa0c]
V  [jvm.dll+0x35eadf]
V  [jvm.dll+0x1b986a]
V  [jvm.dll+0x215f37]
V  [jvm.dll+0x215211]
V  [jvm.dll+0x1a1730]
V  [jvm.dll+0x224b6e]
V  [jvm.dll+0x222f15]
V  [jvm.dll+0x78753c]
V  [jvm.dll+0x781a7a]
V  [jvm.dll+0x672375]
C  [ucrtbase.dll+0x26c0c]
C  [KERNEL32.DLL+0x155a0]
C  [ntdll.dll+0x485b]


---------------  P R O C E S S  ---------------

Threads class SMR info:
_java_thread_list=0x000002b878dcdc20, length=30, elements={
0x000002b84b2b8b70, 0x000002b86d7c2660, 0x000002b86d7c6140, 0x000002b86d7d8150,
0x000002b86d7d9a20, 0x000002b86d7da2e0, 0x000002b86d7daba0, 0x000002b86d7dcba0,
0x000002b86d7e5560, 0x000002b86d7eb3a0, 0x000002b86e1d7460, 0x000002b86f98aa30,
0x000002b86eee0b60, 0x000002b86efa74d0, 0x000002b86e3436a0, 0x000002b86f989430,
0x000002b86f7ee7b0, 0x000002b86f802c30, 0x000002b870030de0, 0x000002b87002f8c0,
0x000002b86faeb130, 0x000002b86faeb640, 0x000002b8702fb030, 0x000002b870271250,
0x000002b870531a80, 0x000002b8704230f0, 0x000002b8704b1e40, 0x000002b870985fd0,
0x000002b87066b810, 0x000002b8709a6f80
}

Java Threads: ( => current thread )
  0x000002b84b2b8b70 JavaThread "main" [_thread_blocked, id=16712, stack(0x000000f238d00000,0x000000f238e00000)]
  0x000002b86d7c2660 JavaThread "Reference Handler" daemon [_thread_blocked, id=10780, stack(0x000000f239400000,0x000000f239500000)]
  0x000002b86d7c6140 JavaThread "Finalizer" daemon [_thread_blocked, id=15036, stack(0x000000f239500000,0x000000f239600000)]
  0x000002b86d7d8150 JavaThread "Signal Dispatcher" daemon [_thread_blocked, id=16700, stack(0x000000f239600000,0x000000f239700000)]
  0x000002b86d7d9a20 JavaThread "Attach Listener" daemon [_thread_blocked, id=12152, stack(0x000000f239700000,0x000000f239800000)]
  0x000002b86d7da2e0 JavaThread "Service Thread" daemon [_thread_blocked, id=6064, stack(0x000000f239800000,0x000000f239900000)]
  0x000002b86d7daba0 JavaThread "Monitor Deflation Thread" daemon [_thread_blocked, id=17632, stack(0x000000f239900000,0x000000f239a00000)]
  0x000002b86d7dcba0 JavaThread "C2 CompilerThread0" daemon [_thread_blocked, id=16904, stack(0x000000f239a00000,0x000000f239b00000)]
  0x000002b86d7e5560 JavaThread "C1 CompilerThread0" daemon [_thread_blocked, id=15500, stack(0x000000f239b00000,0x000000f239c00000)]
  0x000002b86d7eb3a0 JavaThread "Sweeper thread" daemon [_thread_blocked, id=15720, stack(0x000000f239c00000,0x000000f239d00000)]
  0x000002b86e1d7460 JavaThread "Common-Cleaner" daemon [_thread_blocked, id=16916, stack(0x000000f239e00000,0x000000f239f00000)]
  0x000002b86f98aa30 JavaThread "JDWP Transport Listener: dt_socket" daemon [_thread_blocked, id=10424, stack(0x000000f23a700000,0x000000f23a800000)]
  0x000002b86eee0b60 JavaThread "JDWP Event Helper Thread" daemon [_thread_blocked, id=18000, stack(0x000000f23a800000,0x000000f23a900000)]
  0x000002b86efa74d0 JavaThread "JDWP Command Reader" daemon [_thread_in_native, id=2312, stack(0x000000f23a900000,0x000000f23aa00000)]
  0x000002b86e3436a0 JavaThread "Notification Thread" daemon [_thread_blocked, id=15940, stack(0x000000f23a400000,0x000000f23a500000)]
  0x000002b86f989430 JavaThread "QuantumRenderer-0" daemon [_thread_blocked, id=6356, stack(0x000000f23a300000,0x000000f23a400000)]
  0x000002b86f7ee7b0 JavaThread "InvokeLaterDispatcher" daemon [_thread_blocked, id=3968, stack(0x000000f23a200000,0x000000f23a300000)]
  0x000002b86f802c30 JavaThread "JavaFX Application Thread" [_thread_in_native, id=14808, stack(0x000000f23ab00000,0x000000f23ac00000)]
  0x000002b870030de0 JavaThread "Thread-1" daemon [_thread_in_native, id=1672, stack(0x000000f23a100000,0x000000f23a200000)]
  0x000002b87002f8c0 JavaThread "JavaFX-Launcher" [_thread_blocked, id=7976, stack(0x000000f23c000000,0x000000f23c100000)]
=>0x000002b86faeb130 JavaThread "C2 CompilerThread1" daemon [_thread_in_native, id=15144, stack(0x000000f23c100000,0x000000f23c200000)]
  0x000002b86faeb640 JavaThread "C2 CompilerThread2" daemon [_thread_in_native, id=8196, stack(0x000000f23c200000,0x000000f23c300000)]
  0x000002b8702fb030 JavaThread "C1 CompilerThread1" daemon [_thread_blocked, id=7908, stack(0x000000f239d00000,0x000000f239e00000)]
  0x000002b870271250 JavaThread "C1 CompilerThread2" daemon [_thread_blocked, id=2232, stack(0x000000f239f00000,0x000000f23a000000)]
  0x000002b870531a80 JavaThread "C2 CompilerThread3" daemon [_thread_blocked, id=14448, stack(0x000000f23a000000,0x000000f23a100000)]
  0x000002b8704230f0 JavaThread "C2 CompilerThread4" daemon [_thread_blocked, id=2260, stack(0x000000f23c300000,0x000000f23c400000)]
  0x000002b8704b1e40 JavaThread "Prism Font Disposer" daemon [_thread_blocked, id=17880, stack(0x000000f23d100000,0x000000f23d200000)]
  0x000002b870985fd0 JavaThread "C1 CompilerThread3" daemon [_thread_blocked, id=856, stack(0x000000f23d300000,0x000000f23d400000)]
  0x000002b87066b810 JavaThread "C2 CompilerThread5" daemon [_thread_blocked, id=8296, stack(0x000000f23d400000,0x000000f23d500000)]
  0x000002b8709a6f80 JavaThread "C2 CompilerThread6" daemon [_thread_blocked, id=844, stack(0x000000f23d500000,0x000000f23d600000)]

Other Threads:
  0x000002b86d7bebd0 VMThread "VM Thread" [stack: 0x000000f239300000,0x000000f239400000] [id=12184]
  0x000002b84b3773e0 WatcherThread [stack: 0x000000f23a500000,0x000000f23a600000] [id=3916]
  0x000002b84b31cc80 GCTaskThread "GC Thread#0" [stack: 0x000000f238e00000,0x000000f238f00000] [id=7516]
  0x000002b86f4297f0 GCTaskThread "GC Thread#1" [stack: 0x000000f23ac00000,0x000000f23ad00000] [id=2036]
  0x000002b86f7efec0 GCTaskThread "GC Thread#2" [stack: 0x000000f23ad00000,0x000000f23ae00000] [id=17332]
  0x000002b86f81c990 GCTaskThread "GC Thread#3" [stack: 0x000000f23ae00000,0x000000f23af00000] [id=10900]
  0x000002b86f81cc40 GCTaskThread "GC Thread#4" [stack: 0x000000f23af00000,0x000000f23b000000] [id=10440]
  0x000002b86f9b8890 GCTaskThread "GC Thread#5" [stack: 0x000000f23b000000,0x000000f23b100000] [id=5792]
  0x000002b86f9b9760 GCTaskThread "GC Thread#6" [stack: 0x000000f23b100000,0x000000f23b200000] [id=8752]
  0x000002b86f9bbe30 GCTaskThread "GC Thread#7" [stack: 0x000000f23b200000,0x000000f23b300000] [id=17400]
  0x000002b86f9bc4f0 GCTaskThread "GC Thread#8" [stack: 0x000000f23b300000,0x000000f23b400000] [id=3188]
  0x000002b86f9bc7a0 GCTaskThread "GC Thread#9" [stack: 0x000000f23b400000,0x000000f23b500000] [id=9576]
  0x000002b86f9bce60 GCTaskThread "GC Thread#10" [stack: 0x000000f23b500000,0x000000f23b600000] [id=10092]
  0x000002b870122380 GCTaskThread "GC Thread#11" [stack: 0x000000f23c400000,0x000000f23c500000] [id=1176]
  0x000002b870122630 GCTaskThread "GC Thread#12" [stack: 0x000000f23c500000,0x000000f23c600000] [id=6532]
  0x000002b8490be850 ConcurrentGCThread "G1 Main Marker" [stack: 0x000000f238f00000,0x000000f239000000] [id=15680]
  0x000002b84b329400 ConcurrentGCThread "G1 Conc#0" [stack: 0x000000f239000000,0x000000f239100000] [id=13404]
  0x000002b84b38e6f0 ConcurrentGCThread "G1 Refine#0" [stack: 0x000000f239100000,0x000000f239200000] [id=11220]
  0x000002b86faebb50 ConcurrentGCThread "G1 Refine#1" [stack: 0x000000f23c600000,0x000000f23c700000] [id=15932]
  0x000002b8701b7350 ConcurrentGCThread "G1 Refine#2" [stack: 0x000000f23c700000,0x000000f23c800000] [id=6436]
  0x000002b8700989c0 ConcurrentGCThread "G1 Refine#3" [stack: 0x000000f23c800000,0x000000f23c900000] [id=3984]
  0x000002b8700994b0 ConcurrentGCThread "G1 Refine#4" [stack: 0x000000f23c900000,0x000000f23ca00000] [id=3580]
  0x000002b8701c1480 ConcurrentGCThread "G1 Refine#5" [stack: 0x000000f23ca00000,0x000000f23cb00000] [id=15512]
  0x000002b8701c2000 ConcurrentGCThread "G1 Refine#6" [stack: 0x000000f23cb00000,0x000000f23cc00000] [id=15352]
  0x000002b8701c28a0 ConcurrentGCThread "G1 Refine#7" [stack: 0x000000f23cc00000,0x000000f23cd00000] [id=9472]
  0x000002b8701c1d20 ConcurrentGCThread "G1 Refine#8" [stack: 0x000000f23cd00000,0x000000f23ce00000] [id=400]
  0x000002b8701c2e60 ConcurrentGCThread "G1 Refine#9" [stack: 0x000000f23ce00000,0x000000f23cf00000] [id=13792]
  0x000002b8701c2b80 ConcurrentGCThread "G1 Refine#10" [stack: 0x000000f23cf00000,0x000000f23d000000] [id=9556]
  0x000002b8701c3140 ConcurrentGCThread "G1 Refine#11" [stack: 0x000000f23d000000,0x000000f23d100000] [id=4780]
  0x000002b86d67c130 ConcurrentGCThread "G1 Service" [stack: 0x000000f239200000,0x000000f239300000] [id=15948]

Threads with active compile tasks:
C2 CompilerThread1     3421 2856       4       javafx.scene.Scene$ScenePulseListener::syncAll (121 bytes)
C2 CompilerThread2     3421 3076       4       javafx.scene.Parent::updateBounds (44 bytes)

VM state: not at safepoint (normal execution)

VM Mutex/Monitor currently owned by a thread: None

Heap address: 0x0000000722400000, size: 3548 MB, Compressed Oops mode: Zero based, Oop shift amount: 3

CDS archive(s) mapped at: [0x0000000800000000-0x0000000800bd0000-0x0000000800bd0000), size 12386304, SharedBaseAddress: 0x0000000800000000, ArchiveRelocationMode: 0.
Compressed class space mapped at: 0x0000000800c00000-0x0000000840c00000, reserved size: 1073741824
Narrow klass base: 0x0000000800000000, Narrow klass shift: 0, Narrow klass range: 0x100000000

GC Precious Log:
 CPUs: 16 total, 16 available
 Memory: 14188M
 Large Page Support: Disabled
 NUMA Support: Disabled
 Compressed Oops: Enabled (Zero based)
 Heap Region Size: 2M
 Heap Min Capacity: 8M
 Heap Initial Capacity: 222M
 Heap Max Capacity: 3548M
 Pre-touch: Disabled
 Parallel Workers: 13
 Concurrent Workers: 3
 Concurrent Refinement Workers: 13
 Periodic GC: Disabled

Heap:
 garbage-first heap   total 274432K, used 159744K [0x0000000722400000, 0x0000000800000000)
  region size 2048K, 11 young (22528K), 4 survivors (8192K)
 Metaspace       used 12759K, committed 12992K, reserved 1064960K
  class space    used 1566K, committed 1664K, reserved 1048576K

Heap Regions: E=young(eden), S=young(survivor), O=old, HS=humongous(starts), HC=humongous(continues), CS=collection set, F=free, OA=open archive, CA=closed archive, TAMS=top-at-mark-start (previous, next)
|   0|0x0000000722400000, 0x0000000722600000, 0x0000000722600000|100%|HS|  |TAMS 0x0000000722400000, 0x0000000722400000| Complete 
|   1|0x0000000722600000, 0x0000000722800000, 0x0000000722800000|100%|HC|  |TAMS 0x0000000722600000, 0x0000000722600000| Complete 
|   2|0x0000000722800000, 0x0000000722a00000, 0x0000000722a00000|100%| O|  |TAMS 0x0000000722800000, 0x0000000722800000| Untracked 
|   3|0x0000000722a00000, 0x0000000722c00000, 0x0000000722c00000|100%| O|  |TAMS 0x0000000722a00000, 0x0000000722a00000| Untracked 
|   4|0x0000000722c00000, 0x0000000722e00000, 0x0000000722e00000|100%| O|  |TAMS 0x0000000722c00000, 0x0000000722c00000| Untracked 
|   5|0x0000000722e00000, 0x0000000723000000, 0x0000000723000000|100%| O|  |TAMS 0x0000000722e00000, 0x0000000722e00000| Untracked 
|   6|0x0000000723000000, 0x0000000723200000, 0x0000000723200000|100%| O|  |TAMS 0x0000000723000000, 0x0000000723000000| Untracked 
|   7|0x0000000723200000, 0x0000000723400000, 0x0000000723400000|100%| O|  |TAMS 0x0000000723200000, 0x0000000723200000| Untracked 
|   8|0x0000000723400000, 0x0000000723600000, 0x0000000723600000|100%| O|  |TAMS 0x0000000723400000, 0x0000000723400000| Untracked 
|   9|0x0000000723600000, 0x0000000723800000, 0x0000000723800000|100%| O|  |TAMS 0x0000000723600000, 0x0000000723600000| Untracked 
|  10|0x0000000723800000, 0x0000000723a00000, 0x0000000723a00000|100%| O|  |TAMS 0x0000000723800000, 0x0000000723800000| Untracked 
|  11|0x0000000723a00000, 0x0000000723c00000, 0x0000000723c00000|100%| O|  |TAMS 0x0000000723a00000, 0x0000000723a00000| Untracked 
|  12|0x0000000723c00000, 0x0000000723e00000, 0x0000000723e00000|100%| O|  |TAMS 0x0000000723c00000, 0x0000000723c00000| Untracked 
|  13|0x0000000723e00000, 0x0000000724000000, 0x0000000724000000|100%| O|  |TAMS 0x0000000723e00000, 0x0000000723e00000| Untracked 
|  14|0x0000000724000000, 0x0000000724200000, 0x0000000724200000|100%| O|  |TAMS 0x0000000724000000, 0x0000000724000000| Untracked 
|  15|0x0000000724200000, 0x0000000724400000, 0x0000000724400000|100%| O|  |TAMS 0x0000000724200000, 0x0000000724200000| Untracked 
|  16|0x0000000724400000, 0x0000000724600000, 0x0000000724600000|100%| O|  |TAMS 0x0000000724400000, 0x0000000724400000| Untracked 
|  17|0x0000000724600000, 0x0000000724800000, 0x0000000724800000|100%| O|  |TAMS 0x0000000724600000, 0x0000000724600000| Untracked 
|  18|0x0000000724800000, 0x0000000724a00000, 0x0000000724a00000|100%| O|  |TAMS 0x0000000724800000, 0x0000000724800000| Untracked 
|  19|0x0000000724a00000, 0x0000000724c00000, 0x0000000724c00000|100%| O|  |TAMS 0x0000000724a00000, 0x0000000724a00000| Untracked 
|  20|0x0000000724c00000, 0x0000000724e00000, 0x0000000724e00000|100%| O|  |TAMS 0x0000000724c00000, 0x0000000724c00000| Untracked 
|  21|0x0000000724e00000, 0x0000000725000000, 0x0000000725000000|100%| O|  |TAMS 0x0000000724e00000, 0x0000000724e00000| Untracked 
|  22|0x0000000725000000, 0x0000000725200000, 0x0000000725200000|100%| O|  |TAMS 0x0000000725000000, 0x0000000725000000| Untracked 
|  23|0x0000000725200000, 0x0000000725400000, 0x0000000725400000|100%| O|  |TAMS 0x0000000725200000, 0x0000000725200000| Untracked 
|  24|0x0000000725400000, 0x0000000725600000, 0x0000000725600000|100%| O|  |TAMS 0x0000000725400000, 0x0000000725400000| Untracked 
|  25|0x0000000725600000, 0x0000000725800000, 0x0000000725800000|100%| O|  |TAMS 0x0000000725600000, 0x0000000725600000| Untracked 
|  26|0x0000000725800000, 0x0000000725a00000, 0x0000000725a00000|100%| O|  |TAMS 0x0000000725800000, 0x0000000725800000| Untracked 
|  27|0x0000000725a00000, 0x0000000725c00000, 0x0000000725c00000|100%| O|  |TAMS 0x0000000725a00000, 0x0000000725a00000| Untracked 
|  28|0x0000000725c00000, 0x0000000725e00000, 0x0000000725e00000|100%| O|  |TAMS 0x0000000725c00000, 0x0000000725c00000| Untracked 
|  29|0x0000000725e00000, 0x0000000726000000, 0x0000000726000000|100%| O|  |TAMS 0x0000000725e00000, 0x0000000725e00000| Untracked 
|  30|0x0000000726000000, 0x0000000726200000, 0x0000000726200000|100%| O|  |TAMS 0x0000000726000000, 0x0000000726000000| Untracked 
|  31|0x0000000726200000, 0x0000000726400000, 0x0000000726400000|100%| O|  |TAMS 0x0000000726200000, 0x0000000726200000| Untracked 
|  32|0x0000000726400000, 0x0000000726600000, 0x0000000726600000|100%| O|  |TAMS 0x0000000726400000, 0x0000000726400000| Untracked 
|  33|0x0000000726600000, 0x0000000726800000, 0x0000000726800000|100%| O|  |TAMS 0x0000000726600000, 0x0000000726600000| Untracked 
|  34|0x0000000726800000, 0x0000000726a00000, 0x0000000726a00000|100%| O|  |TAMS 0x0000000726800000, 0x0000000726800000| Untracked 
|  35|0x0000000726a00000, 0x0000000726c00000, 0x0000000726c00000|100%| O|  |TAMS 0x0000000726a00000, 0x0000000726a00000| Untracked 
|  36|0x0000000726c00000, 0x0000000726e00000, 0x0000000726e00000|100%| O|  |TAMS 0x0000000726c00000, 0x0000000726c00000| Untracked 
|  37|0x0000000726e00000, 0x0000000727000000, 0x0000000727000000|100%| O|  |TAMS 0x0000000726e00000, 0x0000000726e00000| Untracked 
|  38|0x0000000727000000, 0x0000000727200000, 0x0000000727200000|100%| O|  |TAMS 0x0000000727000000, 0x0000000727000000| Untracked 
|  39|0x0000000727200000, 0x0000000727400000, 0x0000000727400000|100%| O|  |TAMS 0x0000000727200000, 0x0000000727200000| Untracked 
|  40|0x0000000727400000, 0x0000000727600000, 0x0000000727600000|100%| O|  |TAMS 0x0000000727400000, 0x0000000727400000| Untracked 
|  41|0x0000000727600000, 0x0000000727800000, 0x0000000727800000|100%| O|  |TAMS 0x0000000727600000, 0x0000000727600000| Untracked 
|  42|0x0000000727800000, 0x0000000727a00000, 0x0000000727a00000|100%| O|  |TAMS 0x0000000727800000, 0x0000000727800000| Untracked 
|  43|0x0000000727a00000, 0x0000000727c00000, 0x0000000727c00000|100%| O|  |TAMS 0x0000000727a00000, 0x0000000727a00000| Untracked 
|  44|0x0000000727c00000, 0x0000000727e00000, 0x0000000727e00000|100%| O|  |TAMS 0x0000000727c00000, 0x0000000727c00000| Untracked 
|  45|0x0000000727e00000, 0x0000000728000000, 0x0000000728000000|100%| O|  |TAMS 0x0000000727e00000, 0x0000000727e00000| Untracked 
|  46|0x0000000728000000, 0x0000000728200000, 0x0000000728200000|100%| O|  |TAMS 0x0000000728000000, 0x0000000728000000| Untracked 
|  47|0x0000000728200000, 0x0000000728400000, 0x0000000728400000|100%| O|  |TAMS 0x0000000728200000, 0x0000000728200000| Untracked 
|  48|0x0000000728400000, 0x0000000728600000, 0x0000000728600000|100%| O|  |TAMS 0x0000000728400000, 0x0000000728400000| Untracked 
|  49|0x0000000728600000, 0x0000000728800000, 0x0000000728800000|100%| O|  |TAMS 0x0000000728600000, 0x0000000728600000| Untracked 
|  50|0x0000000728800000, 0x0000000728a00000, 0x0000000728a00000|100%| O|  |TAMS 0x0000000728800000, 0x0000000728800000| Untracked 
|  51|0x0000000728a00000, 0x0000000728c00000, 0x0000000728c00000|100%| O|  |TAMS 0x0000000728a00000, 0x0000000728a00000| Untracked 
|  52|0x0000000728c00000, 0x0000000728e00000, 0x0000000728e00000|100%|HS|  |TAMS 0x0000000728c00000, 0x0000000728c00000| Complete 
|  53|0x0000000728e00000, 0x0000000729000000, 0x0000000729000000|100%| O|  |TAMS 0x0000000728e00000, 0x0000000728e00000| Untracked 
|  54|0x0000000729000000, 0x0000000729200000, 0x0000000729200000|100%| O|  |TAMS 0x0000000729000000, 0x0000000729000000| Untracked 
|  55|0x0000000729200000, 0x0000000729400000, 0x0000000729400000|100%| O|  |TAMS 0x0000000729200000, 0x0000000729200000| Untracked 
|  56|0x0000000729400000, 0x0000000729600000, 0x0000000729600000|100%| O|  |TAMS 0x0000000729400000, 0x0000000729400000| Untracked 
|  57|0x0000000729600000, 0x0000000729800000, 0x0000000729800000|100%| O|  |TAMS 0x0000000729600000, 0x0000000729600000| Untracked 
|  58|0x0000000729800000, 0x0000000729a00000, 0x0000000729a00000|100%| O|  |TAMS 0x0000000729800000, 0x0000000729800000| Untracked 
|  59|0x0000000729a00000, 0x0000000729c00000, 0x0000000729c00000|100%| O|  |TAMS 0x0000000729a00000, 0x0000000729a00000| Untracked 
|  60|0x0000000729c00000, 0x0000000729e00000, 0x0000000729e00000|100%| O|  |TAMS 0x0000000729c00000, 0x0000000729c00000| Untracked 
|  61|0x0000000729e00000, 0x000000072a000000, 0x000000072a000000|100%| O|  |TAMS 0x0000000729e00000, 0x0000000729e00000| Untracked 
|  62|0x000000072a000000, 0x000000072a200000, 0x000000072a200000|100%| O|  |TAMS 0x000000072a000000, 0x000000072a000000| Untracked 
|  63|0x000000072a200000, 0x000000072a400000, 0x000000072a400000|100%| O|  |TAMS 0x000000072a200000, 0x000000072a200000| Untracked 
|  64|0x000000072a400000, 0x000000072a600000, 0x000000072a600000|100%| O|  |TAMS 0x000000072a400000, 0x000000072a400000| Untracked 
|  65|0x000000072a600000, 0x000000072a800000, 0x000000072a800000|100%| O|  |TAMS 0x000000072a600000, 0x000000072a600000| Untracked 
|  66|0x000000072a800000, 0x000000072aa00000, 0x000000072aa00000|100%| O|  |TAMS 0x000000072a800000, 0x000000072a800000| Untracked 
|  67|0x000000072aa00000, 0x000000072ac00000, 0x000000072ac00000|100%| O|  |TAMS 0x000000072aa00000, 0x000000072aa00000| Untracked 
|  68|0x000000072ac00000, 0x000000072ae00000, 0x000000072ae00000|100%| O|  |TAMS 0x000000072ac00000, 0x000000072ac00000| Untracked 
|  69|0x000000072ae00000, 0x000000072ae00000, 0x000000072b000000|  0%| F|  |TAMS 0x000000072ae00000, 0x000000072ae00000| Untracked 
|  70|0x000000072b000000, 0x000000072b000000, 0x000000072b200000|  0%| F|  |TAMS 0x000000072b000000, 0x000000072b000000| Untracked 
|  71|0x000000072b200000, 0x000000072b200000, 0x000000072b400000|  0%| F|  |TAMS 0x000000072b200000, 0x000000072b200000| Untracked 
|  72|0x000000072b400000, 0x000000072b400000, 0x000000072b600000|  0%| F|  |TAMS 0x000000072b400000, 0x000000072b400000| Untracked 
|  73|0x000000072b600000, 0x000000072b600000, 0x000000072b800000|  0%| F|  |TAMS 0x000000072b600000, 0x000000072b600000| Untracked 
|  74|0x000000072b800000, 0x000000072b800000, 0x000000072ba00000|  0%| F|  |TAMS 0x000000072b800000, 0x000000072b800000| Untracked 
|  75|0x000000072ba00000, 0x000000072ba00000, 0x000000072bc00000|  0%| F|  |TAMS 0x000000072ba00000, 0x000000072ba00000| Untracked 
|  76|0x000000072bc00000, 0x000000072bc00000, 0x000000072be00000|  0%| F|  |TAMS 0x000000072bc00000, 0x000000072bc00000| Untracked 
|  77|0x000000072be00000, 0x000000072be00000, 0x000000072c000000|  0%| F|  |TAMS 0x000000072be00000, 0x000000072be00000| Untracked 
|  78|0x000000072c000000, 0x000000072c000000, 0x000000072c200000|  0%| F|  |TAMS 0x000000072c000000, 0x000000072c000000| Untracked 
|  79|0x000000072c200000, 0x000000072c200000, 0x000000072c400000|  0%| F|  |TAMS 0x000000072c200000, 0x000000072c200000| Untracked 
|  80|0x000000072c400000, 0x000000072c400000, 0x000000072c600000|  0%| F|  |TAMS 0x000000072c400000, 0x000000072c400000| Untracked 
|  81|0x000000072c600000, 0x000000072c600000, 0x000000072c800000|  0%| F|  |TAMS 0x000000072c600000, 0x000000072c600000| Untracked 
|  82|0x000000072c800000, 0x000000072c800000, 0x000000072ca00000|  0%| F|  |TAMS 0x000000072c800000, 0x000000072c800000| Untracked 
|  83|0x000000072ca00000, 0x000000072ca00000, 0x000000072cc00000|  0%| F|  |TAMS 0x000000072ca00000, 0x000000072ca00000| Untracked 
|  84|0x000000072cc00000, 0x000000072cc00000, 0x000000072ce00000|  0%| F|  |TAMS 0x000000072cc00000, 0x000000072cc00000| Untracked 
|  85|0x000000072ce00000, 0x000000072ce00000, 0x000000072d000000|  0%| F|  |TAMS 0x000000072ce00000, 0x000000072ce00000| Untracked 
|  86|0x000000072d000000, 0x000000072d000000, 0x000000072d200000|  0%| F|  |TAMS 0x000000072d000000, 0x000000072d000000| Untracked 
|  87|0x000000072d200000, 0x000000072d200000, 0x000000072d400000|  0%| F|  |TAMS 0x000000072d200000, 0x000000072d200000| Untracked 
|  88|0x000000072d400000, 0x000000072d400000, 0x000000072d600000|  0%| F|  |TAMS 0x000000072d400000, 0x000000072d400000| Untracked 
|  89|0x000000072d600000, 0x000000072d600000, 0x000000072d800000|  0%| F|  |TAMS 0x000000072d600000, 0x000000072d600000| Untracked 
|  90|0x000000072d800000, 0x000000072d800000, 0x000000072da00000|  0%| F|  |TAMS 0x000000072d800000, 0x000000072d800000| Untracked 
|  91|0x000000072da00000, 0x000000072da00000, 0x000000072dc00000|  0%| F|  |TAMS 0x000000072da00000, 0x000000072da00000| Untracked 
|  92|0x000000072dc00000, 0x000000072dc00000, 0x000000072de00000|  0%| F|  |TAMS 0x000000072dc00000, 0x000000072dc00000| Untracked 
|  93|0x000000072de00000, 0x000000072de00000, 0x000000072e000000|  0%| F|  |TAMS 0x000000072de00000, 0x000000072de00000| Untracked 
|  94|0x000000072e000000, 0x000000072e000000, 0x000000072e200000|  0%| F|  |TAMS 0x000000072e000000, 0x000000072e000000| Untracked 
|  95|0x000000072e200000, 0x000000072e200000, 0x000000072e400000|  0%| F|  |TAMS 0x000000072e200000, 0x000000072e200000| Untracked 
|  96|0x000000072e400000, 0x000000072e400000, 0x000000072e600000|  0%| F|  |TAMS 0x000000072e400000, 0x000000072e400000| Untracked 
|  97|0x000000072e600000, 0x000000072e600000, 0x000000072e800000|  0%| F|  |TAMS 0x000000072e600000, 0x000000072e600000| Untracked 
|  98|0x000000072e800000, 0x000000072e800000, 0x000000072ea00000|  0%| F|  |TAMS 0x000000072e800000, 0x000000072e800000| Untracked 
|  99|0x000000072ea00000, 0x000000072ea00000, 0x000000072ec00000|  0%| F|  |TAMS 0x000000072ea00000, 0x000000072ea00000| Untracked 
| 100|0x000000072ec00000, 0x000000072ec00000, 0x000000072ee00000|  0%| F|  |TAMS 0x000000072ec00000, 0x000000072ec00000| Untracked 
| 101|0x000000072ee00000, 0x000000072ee00000, 0x000000072f000000|  0%| F|  |TAMS 0x000000072ee00000, 0x000000072ee00000| Untracked 
| 102|0x000000072f000000, 0x000000072f000000, 0x000000072f200000|  0%| F|  |TAMS 0x000000072f000000, 0x000000072f000000| Untracked 
| 103|0x000000072f200000, 0x000000072f400000, 0x000000072f400000|100%| S|CS|TAMS 0x000000072f200000, 0x000000072f200000| Complete 
| 104|0x000000072f400000, 0x000000072f600000, 0x000000072f600000|100%| S|CS|TAMS 0x000000072f400000, 0x000000072f400000| Complete 
| 105|0x000000072f600000, 0x000000072f800000, 0x000000072f800000|100%| S|CS|TAMS 0x000000072f600000, 0x000000072f600000| Complete 
| 106|0x000000072f800000, 0x000000072fa00000, 0x000000072fa00000|100%| S|CS|TAMS 0x000000072f800000, 0x000000072f800000| Complete 
| 107|0x000000072fa00000, 0x000000072fa00000, 0x000000072fc00000|  0%| F|  |TAMS 0x000000072fa00000, 0x000000072fa00000| Untracked 
| 108|0x000000072fc00000, 0x000000072fc00000, 0x000000072fe00000|  0%| F|  |TAMS 0x000000072fc00000, 0x000000072fc00000| Untracked 
| 109|0x000000072fe00000, 0x000000072fe00000, 0x0000000730000000|  0%| F|  |TAMS 0x000000072fe00000, 0x000000072fe00000| Untracked 
| 110|0x0000000730000000, 0x0000000730000000, 0x0000000730200000|  0%| F|  |TAMS 0x0000000730000000, 0x0000000730000000| Untracked 
| 111|0x0000000730200000, 0x0000000730200000, 0x0000000730400000|  0%| F|  |TAMS 0x0000000730200000, 0x0000000730200000| Untracked 
| 112|0x0000000730400000, 0x0000000730400000, 0x0000000730600000|  0%| F|  |TAMS 0x0000000730400000, 0x0000000730400000| Untracked 
| 113|0x0000000730600000, 0x0000000730600000, 0x0000000730800000|  0%| F|  |TAMS 0x0000000730600000, 0x0000000730600000| Untracked 
| 114|0x0000000730800000, 0x0000000730800000, 0x0000000730a00000|  0%| F|  |TAMS 0x0000000730800000, 0x0000000730800000| Untracked 
| 115|0x0000000730a00000, 0x0000000730a00000, 0x0000000730c00000|  0%| F|  |TAMS 0x0000000730a00000, 0x0000000730a00000| Untracked 
| 116|0x0000000730c00000, 0x0000000730c00000, 0x0000000730e00000|  0%| F|  |TAMS 0x0000000730c00000, 0x0000000730c00000| Untracked 
| 117|0x0000000730e00000, 0x0000000730e00000, 0x0000000731000000|  0%| F|  |TAMS 0x0000000730e00000, 0x0000000730e00000| Untracked 
| 118|0x0000000731000000, 0x0000000731000000, 0x0000000731200000|  0%| F|  |TAMS 0x0000000731000000, 0x0000000731000000| Untracked 
| 119|0x0000000731200000, 0x0000000731200000, 0x0000000731400000|  0%| F|  |TAMS 0x0000000731200000, 0x0000000731200000| Untracked 
| 120|0x0000000731400000, 0x0000000731400000, 0x0000000731600000|  0%| F|  |TAMS 0x0000000731400000, 0x0000000731400000| Untracked 
| 121|0x0000000731600000, 0x0000000731600000, 0x0000000731800000|  0%| F|  |TAMS 0x0000000731600000, 0x0000000731600000| Untracked 
| 122|0x0000000731800000, 0x0000000731800000, 0x0000000731a00000|  0%| F|  |TAMS 0x0000000731800000, 0x0000000731800000| Untracked 
| 123|0x0000000731a00000, 0x0000000731a00000, 0x0000000731c00000|  0%| F|  |TAMS 0x0000000731a00000, 0x0000000731a00000| Untracked 
| 124|0x0000000731c00000, 0x0000000731c00000, 0x0000000731e00000|  0%| F|  |TAMS 0x0000000731c00000, 0x0000000731c00000| Untracked 
| 125|0x0000000731e00000, 0x0000000731e00000, 0x0000000732000000|  0%| F|  |TAMS 0x0000000731e00000, 0x0000000731e00000| Untracked 
| 126|0x0000000732000000, 0x0000000732000000, 0x0000000732200000|  0%| F|  |TAMS 0x0000000732000000, 0x0000000732000000| Untracked 
| 127|0x0000000732200000, 0x00000007323ae738, 0x0000000732400000| 84%| E|  |TAMS 0x0000000732200000, 0x0000000732200000| Complete 
| 128|0x0000000732400000, 0x0000000732600000, 0x0000000732600000|100%| E|CS|TAMS 0x0000000732400000, 0x0000000732400000| Complete 
| 129|0x0000000732600000, 0x0000000732800000, 0x0000000732800000|100%| E|CS|TAMS 0x0000000732600000, 0x0000000732600000| Complete 
| 130|0x0000000732800000, 0x0000000732a00000, 0x0000000732a00000|100%| E|CS|TAMS 0x0000000732800000, 0x0000000732800000| Complete 
| 131|0x0000000732a00000, 0x0000000732c00000, 0x0000000732c00000|100%| E|CS|TAMS 0x0000000732a00000, 0x0000000732a00000| Complete 
| 132|0x0000000732c00000, 0x0000000732e00000, 0x0000000732e00000|100%| E|CS|TAMS 0x0000000732c00000, 0x0000000732c00000| Complete 
| 133|0x0000000732e00000, 0x0000000733000000, 0x0000000733000000|100%| E|  |TAMS 0x0000000732e00000, 0x0000000732e00000| Complete 

Card table byte_map: [0x000002b862ab0000,0x000002b8631a0000] _byte_map_base: 0x000002b85f19e000

Marking Bits (Prev, Next): (CMBitMap*) 0x000002b84b31d290, (CMBitMap*) 0x000002b84b31d2d0
 Prev Bits: [0x000002b863890000, 0x000002b867000000)
 Next Bits: [0x000002b867000000, 0x000002b86a770000)

Polling page: 0x000002b84aa90000

Metaspace:

Usage:
  Non-class:     10.93 MB used.
      Class:      1.53 MB used.
       Both:     12.46 MB used.

Virtual space:
  Non-class space:       16.00 MB reserved,      11.06 MB ( 69%) committed,  2 nodes.
      Class space:        1.00 GB reserved,       1.62 MB ( <1%) committed,  1 nodes.
             Both:        1.02 GB reserved,      12.69 MB (  1%) committed. 

Chunk freelists:
   Non-Class:  928.00 KB
       Class:  2.28 MB
        Both:  3.19 MB

MaxMetaspaceSize: unlimited
CompressedClassSpaceSize: 1.00 GB
Initial GC threshold: 21.00 MB
Current GC threshold: 21.00 MB
CDS: on
MetaspaceReclaimPolicy: balanced
 - commit_granule_bytes: 65536.
 - commit_granule_words: 8192.
 - virtual_space_node_default_size: 1048576.
 - enlarge_chunks_in_place: 1.
 - new_chunks_are_fully_committed: 0.
 - uncommit_free_chunks: 1.
 - use_allocation_guard: 0.
 - handle_deallocations: 1.


Internal statistics:

num_allocs_failed_limit: 0.
num_arena_births: 186.
num_arena_deaths: 0.
num_vsnodes_births: 3.
num_vsnodes_deaths: 0.
num_space_committed: 203.
num_space_uncommitted: 0.
num_chunks_returned_to_freelist: 0.
num_chunks_taken_from_freelist: 551.
num_chunk_merges: 0.
num_chunk_splits: 380.
num_chunks_enlarged: 304.
num_purges: 0.
num_inconsistent_stats: 0.

CodeHeap 'non-profiled nmethods': size=119168Kb used=1836Kb max_used=1836Kb free=117331Kb
 bounds [0x000002b85a6e0000, 0x000002b85a950000, 0x000002b861b40000]
CodeHeap 'profiled nmethods': size=119104Kb used=6179Kb max_used=6179Kb free=112924Kb
 bounds [0x000002b852b40000, 0x000002b853150000, 0x000002b859f90000]
CodeHeap 'non-nmethods': size=7488Kb used=3152Kb max_used=3204Kb free=4335Kb
 bounds [0x000002b859f90000, 0x000002b85a330000, 0x000002b85a6e0000]
 total_blobs=3843 nmethods=3093 adapters=659
 compilation: enabled
              stopped_count=0, restarted_count=0
 full_count=0

Compilation events (20 events):
Event: 3.401 Thread 0x000002b86d7e5560 nmethod 3079 0x000002b853131a10 code [0x000002b853131cc0, 0x000002b853132848]
Event: 3.401 Thread 0x000002b86d7e5560 3087       3       java.lang.invoke.AbstractValidatingLambdaMetafactory::validateMetafactoryArgs (607 bytes)
Event: 3.402 Thread 0x000002b8702fb030 nmethod 3082 0x000002b853132d90 code [0x000002b853133100, 0x000002b8531344e8]
Event: 3.402 Thread 0x000002b8702fb030 3083       3       java.lang.invoke.InfoFromMemberName::<init> (72 bytes)
Event: 3.402 Thread 0x000002b8702fb030 nmethod 3083 0x000002b853134c90 code [0x000002b853134e40, 0x000002b853135038]
Event: 3.402 Thread 0x000002b8702fb030 3084       3       java.lang.invoke.InfoFromMemberName::getName (8 bytes)
Event: 3.402 Thread 0x000002b8702fb030 nmethod 3084 0x000002b853135110 code [0x000002b8531352e0, 0x000002b8531356e8]
Event: 3.402 Thread 0x000002b8702fb030 3085       3       java.lang.invoke.InfoFromMemberName::getMethodType (8 bytes)
Event: 3.402 Thread 0x000002b8702fb030 nmethod 3085 0x000002b853135810 code [0x000002b8531359c0, 0x000002b853135b08]
Event: 3.402 Thread 0x000002b8702fb030 3086       3       java.lang.invoke.InnerClassLambdaMetafactory::lambdaClassName (57 bytes)
Event: 3.403 Thread 0x000002b870985fd0 nmethod 3080 0x000002b853135c10 code [0x000002b853136020, 0x000002b853138098]
Event: 3.403 Thread 0x000002b870985fd0 3088       3       java.lang.invoke.AbstractValidatingLambdaMetafactory::isAdaptableToAsReturn (36 bytes)
Event: 3.403 Thread 0x000002b8702fb030 nmethod 3086 0x000002b853138c10 code [0x000002b853138ea0, 0x000002b8531396e8]
Event: 3.403 Thread 0x000002b8704230f0 nmethod 3075 0x000002b85a8a7d90 code [0x000002b85a8a7f80, 0x000002b85a8a8788]
Event: 3.403 Thread 0x000002b870985fd0 nmethod 3088 0x000002b853139a10 code [0x000002b853139be0, 0x000002b85313a0a8]
Event: 3.404 Thread 0x000002b870531a80 3089       4       java.lang.Double::isNaN (12 bytes)
Event: 3.404 Thread 0x000002b870531a80 nmethod 3089 0x000002b85a8a8f10 code [0x000002b85a8a9080, 0x000002b85a8a90f8]
Event: 3.405 Thread 0x000002b86d7e5560 nmethod 3087 0x000002b85313a210 code [0x000002b85313aa00, 0x000002b85313ff88]
Event: 3.405 Thread 0x000002b870271250 nmethod 3081 0x000002b853141e90 code [0x000002b853142640, 0x000002b8531469c8]
Event: 3.406 Thread 0x000002b8709a6f80 3090       4       com.sun.prism.impl.BaseResourcePool$WeakLinkedList::getResource (11 bytes)

GC Heap History (14 events):
Event: 0.667 GC heap before
{Heap before GC invocations=0 (full 0):
 garbage-first heap   total 227328K, used 20480K [0x0000000722400000, 0x0000000800000000)
  region size 2048K, 11 young (22528K), 0 survivors (0K)
 Metaspace       used 3754K, committed 3968K, reserved 1056768K
  class space    used 382K, committed 512K, reserved 1048576K
}
Event: 0.669 GC heap after
{Heap after GC invocations=1 (full 0):
 garbage-first heap   total 227328K, used 2131K [0x0000000722400000, 0x0000000800000000)
  region size 2048K, 2 young (4096K), 2 survivors (4096K)
 Metaspace       used 3754K, committed 3968K, reserved 1056768K
  class space    used 382K, committed 512K, reserved 1048576K
}
Event: 0.915 GC heap before
{Heap before GC invocations=1 (full 0):
 garbage-first heap   total 227328K, used 47187K [0x0000000722400000, 0x0000000800000000)
  region size 2048K, 22 young (45056K), 2 survivors (4096K)
 Metaspace       used 9231K, committed 9408K, reserved 1064960K
  class space    used 1142K, committed 1216K, reserved 1048576K
}
Event: 0.923 GC heap after
{Heap after GC invocations=2 (full 0):
 garbage-first heap   total 227328K, used 21640K [0x0000000722400000, 0x0000000800000000)
  region size 2048K, 3 young (6144K), 3 survivors (6144K)
 Metaspace       used 9231K, committed 9408K, reserved 1064960K
  class space    used 1142K, committed 1216K, reserved 1048576K
}
Event: 1.229 GC heap before
{Heap before GC invocations=2 (full 0):
 garbage-first heap   total 227328K, used 54408K [0x0000000722400000, 0x0000000800000000)
  region size 2048K, 19 young (38912K), 3 survivors (6144K)
 Metaspace       used 10139K, committed 10368K, reserved 1064960K
  class space    used 1257K, committed 1344K, reserved 1048576K
}
Event: 1.236 GC heap after
{Heap after GC invocations=3 (full 0):
 garbage-first heap   total 227328K, used 38557K [0x0000000722400000, 0x0000000800000000)
  region size 2048K, 3 young (6144K), 3 survivors (6144K)
 Metaspace       used 10139K, committed 10368K, reserved 1064960K
  class space    used 1257K, committed 1344K, reserved 1048576K
}
Event: 1.647 GC heap before
{Heap before GC invocations=3 (full 0):
 garbage-first heap   total 227328K, used 81565K [0x0000000722400000, 0x0000000800000000)
  region size 2048K, 24 young (49152K), 3 survivors (6144K)
 Metaspace       used 10220K, committed 10432K, reserved 1064960K
  class space    used 1257K, committed 1344K, reserved 1048576K
}
Event: 1.654 GC heap after
{Heap after GC invocations=4 (full 0):
 garbage-first heap   total 227328K, used 61440K [0x0000000722400000, 0x0000000800000000)
  region size 2048K, 3 young (6144K), 3 survivors (6144K)
 Metaspace       used 10220K, committed 10432K, reserved 1064960K
  class space    used 1257K, committed 1344K, reserved 1048576K
}
Event: 2.083 GC heap before
{Heap before GC invocations=4 (full 0):
 garbage-first heap   total 227328K, used 114688K [0x0000000722400000, 0x0000000800000000)
  region size 2048K, 29 young (59392K), 3 survivors (6144K)
 Metaspace       used 10220K, committed 10432K, reserved 1064960K
  class space    used 1257K, committed 1344K, reserved 1048576K
}
Event: 2.094 GC heap after
{Heap after GC invocations=5 (full 0):
 garbage-first heap   total 227328K, used 89332K [0x0000000722400000, 0x0000000800000000)
  region size 2048K, 4 young (8192K), 4 survivors (8192K)
 Metaspace       used 10220K, committed 10432K, reserved 1064960K
  class space    used 1257K, committed 1344K, reserved 1048576K
}
Event: 2.483 GC heap before
{Heap before GC invocations=5 (full 0):
 garbage-first heap   total 227328K, used 136436K [0x0000000722400000, 0x0000000800000000)
  region size 2048K, 27 young (55296K), 4 survivors (8192K)
 Metaspace       used 10220K, committed 10432K, reserved 1064960K
  class space    used 1257K, committed 1344K, reserved 1048576K
}
Event: 2.489 GC heap after
{Heap after GC invocations=6 (full 0):
 garbage-first heap   total 274432K, used 113375K [0x0000000722400000, 0x0000000800000000)
  region size 2048K, 4 young (8192K), 4 survivors (8192K)
 Metaspace       used 10220K, committed 10432K, reserved 1064960K
  class space    used 1257K, committed 1344K, reserved 1048576K
}
Event: 2.808 GC heap before
{Heap before GC invocations=6 (full 0):
 garbage-first heap   total 274432K, used 168671K [0x0000000722400000, 0x0000000800000000)
  region size 2048K, 31 young (63488K), 4 survivors (8192K)
 Metaspace       used 10926K, committed 11136K, reserved 1064960K
  class space    used 1371K, committed 1472K, reserved 1048576K
}
Event: 2.821 GC heap after
{Heap after GC invocations=7 (full 0):
 garbage-first heap   total 274432K, used 149504K [0x0000000722400000, 0x0000000800000000)
  region size 2048K, 4 young (8192K), 4 survivors (8192K)
 Metaspace       used 10926K, committed 11136K, reserved 1064960K
  class space    used 1371K, committed 1472K, reserved 1048576K
}

Deoptimization events (20 events):
Event: 3.397 Thread 0x000002b86f802c30 Uncommon trap: trap_request=0xffffffde fr.pc=0x000002b85a877f94 relative=0x0000000000000814
Event: 3.397 Thread 0x000002b86f802c30 Uncommon trap: reason=class_check action=maybe_recompile pc=0x000002b85a877f94 method=javafx.scene.layout.Background.isEmpty()Z @ 4 c2
Event: 3.397 Thread 0x000002b86f802c30 DEOPT PACKING pc=0x000002b85a877f94 sp=0x000000f23abfc080
Event: 3.397 Thread 0x000002b86f802c30 DEOPT UNPACKING pc=0x000002b859fe23a3 sp=0x000000f23abfbfc0 mode 2
Event: 3.397 Thread 0x000002b86f802c30 Uncommon trap: trap_request=0xffffff45 fr.pc=0x000002b85a86de60 relative=0x0000000000000060
Event: 3.397 Thread 0x000002b86f802c30 Uncommon trap: reason=unstable_if action=reinterpret pc=0x000002b85a86de60 method=com.sun.javafx.sg.prism.NGNode.markDirty()V @ 7 c2
Event: 3.397 Thread 0x000002b86f802c30 DEOPT PACKING pc=0x000002b85a86de60 sp=0x000000f23abfc070
Event: 3.397 Thread 0x000002b86f802c30 DEOPT UNPACKING pc=0x000002b859fe23a3 sp=0x000000f23abfc008 mode 2
Event: 3.397 Thread 0x000002b86f802c30 Uncommon trap: trap_request=0xffffff45 fr.pc=0x000002b85a89f7b4 relative=0x0000000000001e14
Event: 3.397 Thread 0x000002b86f802c30 Uncommon trap: reason=unstable_if action=reinterpret pc=0x000002b85a89f7b4 method=javafx.scene.Parent.doUpdatePeer()V @ 60 c2
Event: 3.397 Thread 0x000002b86f802c30 DEOPT PACKING pc=0x000002b85a89f7b4 sp=0x000000f23abfc1b0
Event: 3.397 Thread 0x000002b86f802c30 DEOPT UNPACKING pc=0x000002b859fe23a3 sp=0x000000f23abfc008 mode 2
Event: 3.398 Thread 0x000002b86f802c30 Uncommon trap: trap_request=0xffffffde fr.pc=0x000002b85a877f94 relative=0x0000000000000814
Event: 3.398 Thread 0x000002b86f802c30 Uncommon trap: reason=class_check action=maybe_recompile pc=0x000002b85a877f94 method=javafx.scene.layout.Background.isEmpty()Z @ 4 c2
Event: 3.398 Thread 0x000002b86f802c30 DEOPT PACKING pc=0x000002b85a877f94 sp=0x000000f23abfc030
Event: 3.398 Thread 0x000002b86f802c30 DEOPT UNPACKING pc=0x000002b859fe23a3 sp=0x000000f23abfbf70 mode 2
Event: 3.402 Thread 0x000002b86f802c30 Uncommon trap: trap_request=0xffffffc6 fr.pc=0x000002b85a871868 relative=0x00000000000001a8
Event: 3.402 Thread 0x000002b86f802c30 Uncommon trap: reason=bimorphic_or_optimized_type_check action=maybe_recompile pc=0x000002b85a871868 method=java.util.AbstractList$Itr.hasNext()Z @ 8 c2
Event: 3.402 Thread 0x000002b86f802c30 DEOPT PACKING pc=0x000002b85a871868 sp=0x000000f23abfe290
Event: 3.402 Thread 0x000002b86f802c30 DEOPT UNPACKING pc=0x000002b859fe23a3 sp=0x000000f23abfe1e8 mode 2

Classes unloaded (0 events):
No events

Classes redefined (0 events):
No events

Internal exceptions (20 events):
Event: 0.656 Thread 0x000002b84b2b8b70 Exception <a 'java/lang/NoSuchMethodError'{0x000000072ed27588}: 'java.lang.Object java.lang.invoke.DirectMethodHandle$Holder.newInvokeSpecial(java.lang.Object, java.lang.Object, int, java.lang.Object)'> (0x000000072ed27588) 
thrown [s\open\src\hotspot\share\interpreter\linkResolver.cpp, line 759]
Event: 0.657 Thread 0x000002b84b2b8b70 Exception <a 'java/lang/NoSuchMethodError'{0x000000072ed2b968}: 'java.lang.Object java.lang.invoke.DirectMethodHandle$Holder.invokeSpecial(java.lang.Object, java.lang.Object, java.lang.Object, int, java.lang.Object)'> (0x000000072ed2b968) 
thrown [s\open\src\hotspot\share\interpreter\linkResolver.cpp, line 759]
Event: 0.704 Thread 0x000002b86f802c30 Exception <a 'java/lang/NoSuchMethodError'{0x000000072fffc860}: 'void java.lang.invoke.DirectMethodHandle$Holder.invokeStaticInit(java.lang.Object)'> (0x000000072fffc860) 
thrown [s\open\src\hotspot\share\interpreter\linkResolver.cpp, line 759]
Event: 0.707 Thread 0x000002b84b2b8b70 Exception <a 'java/lang/NoSuchMethodError'{0x000000072fc6f230}: 'java.lang.Object java.lang.invoke.DirectMethodHandle$Holder.newInvokeSpecial(java.lang.Object, java.lang.Object, java.lang.Object, java.lang.Object, java.lang.Object, java.lang.Object)'> (0x000000072fc6f230) 
thrown [s\open\src\hotspot\share\interpreter\linkResolver.cpp, line 759]
Event: 0.725 Thread 0x000002b84b2b8b70 Exception <a 'java/lang/NoSuchMethodError'{0x000000072fabba98}: 'java.lang.Object java.lang.invoke.DirectMethodHandle$Holder.newInvokeSpecial(java.lang.Object, java.lang.Object, java.lang.Object, java.lang.Object, java.lang.Object)'> (0x000000072fabba98) 
thrown [s\open\src\hotspot\share\interpreter\linkResolver.cpp, line 759]
Event: 0.768 Thread 0x000002b86f802c30 Exception <a 'sun/nio/fs/WindowsException'{0x000000072f663f28}> (0x000000072f663f28) 
thrown [s\open\src\hotspot\share\prims\jni.cpp, line 516]
Event: 0.797 Thread 0x000002b86f802c30 Exception <a 'java/lang/NoSuchMethodError'{0x000000072f5caaa8}: 'java.lang.Object java.lang.invoke.DirectMethodHandle$Holder.invokeStaticInit(java.lang.Object, java.lang.Object, java.lang.Object, java.lang.Object)'> (0x000000072f5caaa8) 
thrown [s\open\src\hotspot\share\interpreter\linkResolver.cpp, line 759]
Event: 0.798 Thread 0x000002b86f802c30 Exception <a 'java/lang/NullPointerException'{0x000000072f5d6dc0}> (0x000000072f5d6dc0) 
thrown [s\open\src\hotspot\share\interpreter\linkResolver.cpp, line 1350]
Event: 0.834 Thread 0x000002b86f802c30 Exception <a 'sun/nio/fs/WindowsException'{0x000000072f1ffd80}> (0x000000072f1ffd80) 
thrown [s\open\src\hotspot\share\prims\jni.cpp, line 516]
Event: 0.872 Thread 0x000002b86f802c30 Implicit null exception at 0x000002b85a7116dc to 0x000002b85a712884
Event: 0.949 Thread 0x000002b86f802c30 Exception <a 'java/lang/NoSuchMethodError'{0x000000072f71d950}: 'java.lang.Object java.lang.invoke.DirectMethodHandle$Holder.invokeSpecial(java.lang.Object, java.lang.Object, java.lang.Object, java.lang.Object, int)'> (0x000000072f71d950) 
thrown [s\open\src\hotspot\share\interpreter\linkResolver.cpp, line 759]
Event: 0.949 Thread 0x000002b86f802c30 Exception <a 'java/lang/NoSuchMethodError'{0x000000072f721518}: 'java.lang.Object java.lang.invoke.Invokers$Holder.linkToTargetMethod(java.lang.Object, java.lang.Object, int, java.lang.Object)'> (0x000000072f721518) 
thrown [s\open\src\hotspot\share\interpreter\linkResolver.cpp, line 759]
Event: 2.781 Thread 0x000002b86f802c30 Implicit null exception at 0x000002b85a7b8d98 to 0x000002b85a7bbe0c
Event: 2.791 Thread 0x000002b86f802c30 Implicit null exception at 0x000002b85a738d1a to 0x000002b85a7392ec
Event: 2.798 Thread 0x000002b86f802c30 Exception <a 'sun/nio/fs/WindowsException'{0x000000072fb36518}> (0x000000072fb36518) 
thrown [s\open\src\hotspot\share\prims\jni.cpp, line 516]
Event: 2.824 Thread 0x000002b86f802c30 Implicit null exception at 0x000002b85a77c749 to 0x000002b85a77c7ac
Event: 3.007 Thread 0x000002b86f802c30 Exception <a 'java/lang/NoSuchMethodError'{0x0000000732945ef0}: 'java.lang.Object java.lang.invoke.DirectMethodHandle$Holder.newInvokeSpecial(java.lang.Object, java.lang.Object, int)'> (0x0000000732945ef0) 
thrown [s\open\src\hotspot\share\interpreter\linkResolver.cpp, line 759]
Event: 3.148 Thread 0x000002b86f989430 Exception <a 'java/lang/NoSuchMethodError'{0x00000007325a2780}: 'int java.lang.invoke.DirectMethodHandle$Holder.invokeStaticInit(java.lang.Object, java.lang.Object)'> (0x00000007325a2780) 
thrown [s\open\src\hotspot\share\interpreter\linkResolver.cpp, line 759]
Event: 3.391 Thread 0x000002b86f989430 Implicit null exception at 0x000002b853122f0a to 0x000002b8531238f3
Event: 3.391 Thread 0x000002b86f989430 Exception <a 'java/lang/NullPointerException'{0x000000073230a608}> (0x000000073230a608) 
thrown [s\open\src\hotspot\share\runtime\sharedRuntime.cpp, line 628]

VM Operations (20 events):
Event: 2.083 Executing VM operation: G1CollectForAllocation
Event: 2.094 Executing VM operation: G1CollectForAllocation done
Event: 2.483 Executing VM operation: G1CollectForAllocation
Event: 2.489 Executing VM operation: G1CollectForAllocation done
Event: 2.740 Executing VM operation: HandshakeAllThreads
Event: 2.740 Executing VM operation: HandshakeAllThreads done
Event: 2.795 Executing VM operation: HandshakeAllThreads
Event: 2.795 Executing VM operation: HandshakeAllThreads done
Event: 2.796 Executing VM operation: HandshakeAllThreads
Event: 2.796 Executing VM operation: HandshakeAllThreads done
Event: 2.808 Executing VM operation: G1CollectForAllocation
Event: 2.821 Executing VM operation: G1CollectForAllocation done
Event: 2.835 Executing VM operation: HandshakeAllThreads
Event: 2.835 Executing VM operation: HandshakeAllThreads done
Event: 2.888 Executing VM operation: HandshakeAllThreads
Event: 2.888 Executing VM operation: HandshakeAllThreads done
Event: 3.057 Executing VM operation: ICBufferFull
Event: 3.057 Executing VM operation: ICBufferFull done
Event: 3.135 Executing VM operation: HandshakeAllThreads
Event: 3.135 Executing VM operation: HandshakeAllThreads done

Events (20 events):
Event: 3.149 loading class com/sun/prism/impl/ManagedResource done
Event: 3.149 loading class com/sun/prism/impl/BaseResourcePool$Predicate
Event: 3.149 loading class com/sun/prism/impl/BaseResourcePool$Predicate done
Event: 3.149 loading class com/sun/prism/impl/ManagedResource
Event: 3.149 loading class com/sun/prism/impl/ManagedResource done
Event: 3.150 loading class com/sun/prism/impl/BaseResourcePool$Predicate
Event: 3.150 loading class com/sun/prism/impl/BaseResourcePool$Predicate done
Event: 3.150 loading class com/sun/prism/impl/ManagedResource
Event: 3.150 loading class com/sun/prism/impl/ManagedResource done
Event: 3.380 Thread 0x000002b870d293f0 Thread exited: 0x000002b870d293f0
Event: 3.391 loading class java/lang/Throwable$WrappedPrintStream
Event: 3.391 loading class java/lang/Throwable$PrintStreamOrWriter
Event: 3.391 loading class java/lang/Throwable$PrintStreamOrWriter done
Event: 3.391 loading class java/lang/Throwable$WrappedPrintStream done
Event: 3.392 loading class java/lang/StackTraceElement$HashedModules
Event: 3.392 loading class java/lang/StackTraceElement$HashedModules done
Event: 3.400 loading class com/sun/javafx/tk/quantum/WindowStage
Event: 3.400 loading class com/sun/javafx/tk/quantum/WindowStage done
Event: 3.405 loading class com/sun/javafx/tk/quantum/GlassViewEventHandler
Event: 3.405 loading class com/sun/javafx/tk/quantum/GlassViewEventHandler done


Dynamic libraries:
0x00007ff6af880000 - 0x00007ff6af890000 	C:\Program Files\Java\jdk-17\bin\java.exe
0x00007ffe4e060000 - 0x00007ffe4e269000 	C:\Windows\SYSTEM32\ntdll.dll
0x00007ffe4d510000 - 0x00007ffe4d5ce000 	C:\Windows\System32\KERNEL32.DLL
0x00007ffe4bb40000 - 0x00007ffe4bec4000 	C:\Windows\System32\KERNELBASE.dll
0x00007ffe4b510000 - 0x00007ffe4b621000 	C:\Windows\System32\ucrtbase.dll
0x00007ffe3a940000 - 0x00007ffe3a958000 	C:\Program Files\Java\jdk-17\bin\jli.dll
0x00007ffe3acb0000 - 0x00007ffe3accb000 	C:\Program Files\Java\jdk-17\bin\VCRUNTIME140.dll
0x00007ffe4dee0000 - 0x00007ffe4df8f000 	C:\Windows\System32\ADVAPI32.dll
0x00007ffe4de00000 - 0x00007ffe4dea3000 	C:\Windows\System32\msvcrt.dll
0x00007ffe4ca10000 - 0x00007ffe4caae000 	C:\Windows\System32\sechost.dll
0x00007ffe4cab0000 - 0x00007ffe4cbd1000 	C:\Windows\System32\RPCRT4.dll
0x00007ffe4d5d0000 - 0x00007ffe4d77d000 	C:\Windows\System32\USER32.dll
0x00007ffe4b940000 - 0x00007ffe4b966000 	C:\Windows\System32\win32u.dll
0x00007ffe37540000 - 0x00007ffe377e5000 	C:\Windows\WinSxS\amd64_microsoft.windows.common-controls_6595b64144ccf1df_6.0.22000.120_none_9d947278b86cc467\COMCTL32.dll
0x00007ffe4dcc0000 - 0x00007ffe4dcea000 	C:\Windows\System32\GDI32.dll
0x00007ffe4b7a0000 - 0x00007ffe4b8bf000 	C:\Windows\System32\gdi32full.dll
0x00007ffe4b970000 - 0x00007ffe4ba0d000 	C:\Windows\System32\msvcp_win.dll
0x00007ffe442f0000 - 0x00007ffe442fa000 	C:\Windows\SYSTEM32\VERSION.dll
0x00007ffe4d4d0000 - 0x00007ffe4d501000 	C:\Windows\System32\IMM32.DLL
0x00007ffe3c380000 - 0x00007ffe3c38c000 	C:\Program Files\Java\jdk-17\bin\vcruntime140_1.dll
0x00007ffe3a600000 - 0x00007ffe3a68e000 	C:\Program Files\Java\jdk-17\bin\msvcp140.dll
0x00007ffda4bc0000 - 0x00007ffda5797000 	C:\Program Files\Java\jdk-17\bin\server\jvm.dll
0x00007ffe4cbe0000 - 0x00007ffe4cbe8000 	C:\Windows\System32\PSAPI.DLL
0x00007ffe42550000 - 0x00007ffe42583000 	C:\Windows\SYSTEM32\WINMM.dll
0x00007ffe3ba90000 - 0x00007ffe3ba99000 	C:\Windows\SYSTEM32\WSOCK32.dll
0x00007ffe4dc40000 - 0x00007ffe4dcaf000 	C:\Windows\System32\WS2_32.dll
0x00007ffe4a640000 - 0x00007ffe4a658000 	C:\Windows\SYSTEM32\kernel.appcore.dll
0x00007ffe3b610000 - 0x00007ffe3b61a000 	C:\Program Files\Java\jdk-17\bin\jimage.dll
0x00007ffe49200000 - 0x00007ffe49421000 	C:\Windows\SYSTEM32\DBGHELP.DLL
0x00007ffe31160000 - 0x00007ffe31191000 	C:\Windows\SYSTEM32\dbgcore.DLL
0x00007ffe4b8c0000 - 0x00007ffe4b93f000 	C:\Windows\System32\bcryptPrimitives.dll
0x00007ffe3a960000 - 0x00007ffe3a99b000 	C:\Program Files\Java\jdk-17\bin\jdwp.dll
0x00007ffe3cc80000 - 0x00007ffe3cc8e000 	C:\Program Files\Java\jdk-17\bin\instrument.dll
0x00007ffe3a7d0000 - 0x00007ffe3a7f5000 	C:\Program Files\Java\jdk-17\bin\java.dll
0x00007ffe3a5a0000 - 0x00007ffe3a5b8000 	C:\Program Files\Java\jdk-17\bin\zip.dll
0x00007ffe11260000 - 0x00007ffe11337000 	C:\Program Files\Java\jdk-17\bin\jsvml.dll
0x00007ffe4c030000 - 0x00007ffe4c7f5000 	C:\Windows\System32\SHELL32.dll
0x00007ffe495c0000 - 0x00007ffe49e24000 	C:\Windows\SYSTEM32\windows.storage.dll
0x00007ffe4d060000 - 0x00007ffe4d3d6000 	C:\Windows\System32\combase.dll
0x00007ffe49450000 - 0x00007ffe495b7000 	C:\Windows\SYSTEM32\wintypes.dll
0x00007ffe4d930000 - 0x00007ffe4da1a000 	C:\Windows\System32\SHCORE.dll
0x00007ffe4dbe0000 - 0x00007ffe4dc3d000 	C:\Windows\System32\shlwapi.dll
0x00007ffe4b440000 - 0x00007ffe4b461000 	C:\Windows\SYSTEM32\profapi.dll
0x00007ffe3a5e0000 - 0x00007ffe3a5f9000 	C:\Program Files\Java\jdk-17\bin\net.dll
0x00007ffe45220000 - 0x00007ffe45333000 	C:\Windows\SYSTEM32\WINHTTP.dll
0x00007ffe4aad0000 - 0x00007ffe4ab37000 	C:\Windows\system32\mswsock.dll
0x00007ffe3a5c0000 - 0x00007ffe3a5d6000 	C:\Program Files\Java\jdk-17\bin\nio.dll
0x00007ffe3aa60000 - 0x00007ffe3aa6c000 	C:\Program Files\Java\jdk-17\bin\dt_socket.dll
0x00007ffe4a150000 - 0x00007ffe4a17d000 	C:\Windows\SYSTEM32\IPHLPAPI.DLL
0x000002b84b200000 - 0x000002b84b203000 	C:\Users\Ausu\.openjfx\cache\17.0.2-ea\api-ms-win-core-console-l1-1-0.dll
0x000002b84b210000 - 0x000002b84b213000 	C:\Users\Ausu\.openjfx\cache\17.0.2-ea\api-ms-win-core-console-l1-2-0.dll
0x000002b84b220000 - 0x000002b84b223000 	C:\Users\Ausu\.openjfx\cache\17.0.2-ea\api-ms-win-core-datetime-l1-1-0.dll
0x000002b84b230000 - 0x000002b84b233000 	C:\Users\Ausu\.openjfx\cache\17.0.2-ea\api-ms-win-core-debug-l1-1-0.dll
0x000002b84b240000 - 0x000002b84b243000 	C:\Users\Ausu\.openjfx\cache\17.0.2-ea\api-ms-win-core-errorhandling-l1-1-0.dll
0x000002b84b250000 - 0x000002b84b254000 	C:\Users\Ausu\.openjfx\cache\17.0.2-ea\api-ms-win-core-file-l1-1-0.dll
0x000002b84b260000 - 0x000002b84b263000 	C:\Users\Ausu\.openjfx\cache\17.0.2-ea\api-ms-win-core-file-l1-2-0.dll
0x000002b84b270000 - 0x000002b84b273000 	C:\Users\Ausu\.openjfx\cache\17.0.2-ea\api-ms-win-core-file-l2-1-0.dll
0x000002b84b280000 - 0x000002b84b283000 	C:\Users\Ausu\.openjfx\cache\17.0.2-ea\api-ms-win-core-handle-l1-1-0.dll
0x000002b870da0000 - 0x000002b870da3000 	C:\Users\Ausu\.openjfx\cache\17.0.2-ea\api-ms-win-core-heap-l1-1-0.dll
0x000002b870db0000 - 0x000002b870db3000 	C:\Users\Ausu\.openjfx\cache\17.0.2-ea\api-ms-win-core-interlocked-l1-1-0.dll
0x000002b870dc0000 - 0x000002b870dc3000 	C:\Users\Ausu\.openjfx\cache\17.0.2-ea\api-ms-win-core-libraryloader-l1-1-0.dll
0x000002b870dd0000 - 0x000002b870dd3000 	C:\Users\Ausu\.openjfx\cache\17.0.2-ea\api-ms-win-core-localization-l1-2-0.dll
0x000002b870de0000 - 0x000002b870de3000 	C:\Users\Ausu\.openjfx\cache\17.0.2-ea\api-ms-win-core-memory-l1-1-0.dll
0x000002b870df0000 - 0x000002b870df3000 	C:\Users\Ausu\.openjfx\cache\17.0.2-ea\api-ms-win-core-namedpipe-l1-1-0.dll
0x000002b870e00000 - 0x000002b870e03000 	C:\Users\Ausu\.openjfx\cache\17.0.2-ea\api-ms-win-core-processenvironment-l1-1-0.dll
0x000002b870e10000 - 0x000002b870e13000 	C:\Users\Ausu\.openjfx\cache\17.0.2-ea\api-ms-win-core-processthreads-l1-1-0.dll
0x000002b870e20000 - 0x000002b870e23000 	C:\Users\Ausu\.openjfx\cache\17.0.2-ea\api-ms-win-core-processthreads-l1-1-1.dll
0x000002b870e30000 - 0x000002b870e33000 	C:\Users\Ausu\.openjfx\cache\17.0.2-ea\api-ms-win-core-profile-l1-1-0.dll
0x000002b870e40000 - 0x000002b870e43000 	C:\Users\Ausu\.openjfx\cache\17.0.2-ea\api-ms-win-core-rtlsupport-l1-1-0.dll
0x000002b870e50000 - 0x000002b870e53000 	C:\Users\Ausu\.openjfx\cache\17.0.2-ea\api-ms-win-core-string-l1-1-0.dll
0x000002b870e60000 - 0x000002b870e63000 	C:\Users\Ausu\.openjfx\cache\17.0.2-ea\api-ms-win-core-synch-l1-1-0.dll
0x000002b870e70000 - 0x000002b870e73000 	C:\Users\Ausu\.openjfx\cache\17.0.2-ea\api-ms-win-core-synch-l1-2-0.dll
0x000002b870e80000 - 0x000002b870e83000 	C:\Users\Ausu\.openjfx\cache\17.0.2-ea\api-ms-win-core-sysinfo-l1-1-0.dll
0x000002b870e90000 - 0x000002b870e93000 	C:\Users\Ausu\.openjfx\cache\17.0.2-ea\api-ms-win-core-timezone-l1-1-0.dll
0x000002b870ea0000 - 0x000002b870ea3000 	C:\Users\Ausu\.openjfx\cache\17.0.2-ea\api-ms-win-core-util-l1-1-0.dll
0x000002b870eb0000 - 0x000002b870eb3000 	C:\Users\Ausu\.openjfx\cache\17.0.2-ea\api-ms-win-crt-conio-l1-1-0.dll
0x000002b870ec0000 - 0x000002b870ec4000 	C:\Users\Ausu\.openjfx\cache\17.0.2-ea\api-ms-win-crt-convert-l1-1-0.dll
0x000002b870ed0000 - 0x000002b870ed3000 	C:\Users\Ausu\.openjfx\cache\17.0.2-ea\api-ms-win-crt-environment-l1-1-0.dll
0x000002b870ee0000 - 0x000002b870ee3000 	C:\Users\Ausu\.openjfx\cache\17.0.2-ea\api-ms-win-crt-filesystem-l1-1-0.dll
0x000002b870ef0000 - 0x000002b870ef3000 	C:\Users\Ausu\.openjfx\cache\17.0.2-ea\api-ms-win-crt-heap-l1-1-0.dll
0x000002b870f00000 - 0x000002b870f03000 	C:\Users\Ausu\.openjfx\cache\17.0.2-ea\api-ms-win-crt-locale-l1-1-0.dll
0x000002b870f10000 - 0x000002b870f15000 	C:\Users\Ausu\.openjfx\cache\17.0.2-ea\api-ms-win-crt-math-l1-1-0.dll
0x000002b870f20000 - 0x000002b870f25000 	C:\Users\Ausu\.openjfx\cache\17.0.2-ea\api-ms-win-crt-multibyte-l1-1-0.dll
0x000002b870f30000 - 0x000002b870f40000 	C:\Users\Ausu\.openjfx\cache\17.0.2-ea\api-ms-win-crt-private-l1-1-0.dll
0x000002b870f40000 - 0x000002b870f43000 	C:\Users\Ausu\.openjfx\cache\17.0.2-ea\api-ms-win-crt-process-l1-1-0.dll
0x000002b870f50000 - 0x000002b870f54000 	C:\Users\Ausu\.openjfx\cache\17.0.2-ea\api-ms-win-crt-runtime-l1-1-0.dll
0x000002b870f60000 - 0x000002b870f64000 	C:\Users\Ausu\.openjfx\cache\17.0.2-ea\api-ms-win-crt-stdio-l1-1-0.dll
0x000002b870f70000 - 0x000002b870f74000 	C:\Users\Ausu\.openjfx\cache\17.0.2-ea\api-ms-win-crt-string-l1-1-0.dll
0x000002b870f80000 - 0x000002b870f83000 	C:\Users\Ausu\.openjfx\cache\17.0.2-ea\api-ms-win-crt-time-l1-1-0.dll
0x000002b870f90000 - 0x000002b870f93000 	C:\Users\Ausu\.openjfx\cache\17.0.2-ea\api-ms-win-crt-utility-l1-1-0.dll
0x00007ffe39960000 - 0x00007ffe39a5c000 	C:\Users\Ausu\.openjfx\cache\17.0.2-ea\ucrtbase.dll
0x00007ffe3a910000 - 0x00007ffe3a92a000 	C:\Users\Ausu\.openjfx\cache\17.0.2-ea\vcruntime140.dll
0x00007ffe3a900000 - 0x00007ffe3a90c000 	C:\Users\Ausu\.openjfx\cache\17.0.2-ea\vcruntime140_1.dll
0x00007ffe398d0000 - 0x00007ffe3995d000 	C:\Users\Ausu\.openjfx\cache\17.0.2-ea\msvcp140.dll
0x00007ffe394f0000 - 0x00007ffe3951a000 	C:\Users\Ausu\.openjfx\cache\17.0.2-ea\prism_d3d.dll
0x00007ffe3d440000 - 0x00007ffe3d5e6000 	C:\Windows\system32\d3d9.dll
0x00007ffe48bd0000 - 0x00007ffe48bff000 	C:\Windows\SYSTEM32\dwmapi.dll
0x00007ffe48a50000 - 0x00007ffe48a88000 	C:\Windows\SYSTEM32\dxcore.dll
0x00007ffe487a0000 - 0x00007ffe4884c000 	C:\Windows\system32\uxtheme.dll
0x00007ffe42120000 - 0x00007ffe422da000 	C:\Windows\System32\DriverStore\FileRepository\u0381698.inf_amd64_c210a171e1a050ef\B381591\aticfx64.dll
0x00007ffe394b0000 - 0x00007ffe394e4000 	C:\Windows\System32\DriverStore\FileRepository\u0381698.inf_amd64_c210a171e1a050ef\B381591\atiu9p64.dll
0x00007ffd96830000 - 0x00007ffd97586000 	C:\Windows\System32\DriverStore\FileRepository\u0381698.inf_amd64_c210a171e1a050ef\B381591\atiumd64.dll
0x00007ffe4d780000 - 0x00007ffe4d91a000 	C:\Windows\System32\ole32.dll
0x00000000762f0000 - 0x00000000771af000 	C:\Windows\System32\DriverStore\FileRepository\u0381698.inf_amd64_c210a171e1a050ef\B381591\atiumd6a.dll
0x00007ffe4cbf0000 - 0x00007ffe4d05c000 	C:\Windows\System32\SETUPAPI.dll
0x00007ffe49e40000 - 0x00007ffe49e8d000 	C:\Windows\SYSTEM32\POWRPROF.dll
0x00007ffe49f30000 - 0x00007ffe49f43000 	C:\Windows\SYSTEM32\UMPDC.dll
0x00007ffe41730000 - 0x00007ffe41760000 	C:\Windows\SYSTEM32\amdihk64.dll
0x00007ffe46610000 - 0x00007ffe46654000 	C:\Windows\SYSTEM32\directxdatabasehelper.dll
0x00007ffe4a660000 - 0x00007ffe4a694000 	C:\Windows\SYSTEM32\ntmarta.dll
0x00007ffe38b00000 - 0x00007ffe38b42000 	C:\Users\Ausu\.openjfx\cache\17.0.2-ea\glass.dll
0x00007ffe4c800000 - 0x00007ffe4c8ec000 	C:\Windows\System32\COMDLG32.dll
0x00007ffe4bf50000 - 0x00007ffe4c026000 	C:\Windows\System32\OLEAUT32.dll
0x00007ffe4c8f0000 - 0x00007ffe4ca0d000 	C:\Windows\System32\MSCTF.dll
0x00007ffe3a580000 - 0x00007ffe3a594000 	C:\Users\Ausu\.openjfx\cache\17.0.2-ea\javafx_font.dll
0x00007ffe30dd0000 - 0x00007ffe3102f000 	C:\Windows\SYSTEM32\dwrite.dll
0x00007ffe4dcf0000 - 0x00007ffe4dd9f000 	C:\Windows\System32\clbcatq.dll
0x00007ffe44360000 - 0x00007ffe4450e000 	C:\Windows\SYSTEM32\WindowsCodecs.dll
0x00007ffe1eb40000 - 0x00007ffe1eb9d000 	C:\Windows\system32\dataexchange.dll
0x00007ffe43060000 - 0x00007ffe432c6000 	C:\Windows\system32\twinapi.appcore.dll
0x00007ffe36170000 - 0x00007ffe361a2000 	C:\Program Files\Common Files\Microsoft Shared\Ink\rtscom.dll
0x00007ffe2dc00000 - 0x00007ffe2dd2c000 	C:\Windows\SYSTEM32\textinputframework.dll
0x00007ffe483b0000 - 0x00007ffe484e1000 	C:\Windows\SYSTEM32\CoreMessaging.dll
0x00007ffe456e0000 - 0x00007ffe45a4d000 	C:\Windows\SYSTEM32\CoreUIComponents.dll
0x00007ffe4acc0000 - 0x00007ffe4accc000 	C:\Windows\SYSTEM32\CRYPTBASE.DLL

dbghelp: loaded successfully - version: 4.0.5 - missing functions: none
symbol engine: initialized successfully - sym options: 0x614 - pdb path: .;C:\Program Files\Java\jdk-17\bin;C:\Windows\SYSTEM32;C:\Windows\WinSxS\amd64_microsoft.windows.common-controls_6595b64144ccf1df_6.0.22000.120_none_9d947278b86cc467;C:\Program Files\Java\jdk-17\bin\server;C:\Users\Ausu\.openjfx\cache\17.0.2-ea;C:\Windows\System32\DriverStore\FileRepository\u0381698.inf_amd64_c210a171e1a050ef\B381591;C:\Program Files\Common Files\Microsoft Shared\Ink

VM Arguments:
jvm_args: -agentlib:jdwp=transport=dt_socket,address=127.0.0.1:11942,suspend=y,server=n -javaagent:C:\Users\Ausu\AppData\Local\JetBrains\IntelliJIdea2022.2\captureAgent\debugger-agent.jar -Dfile.encoding=UTF-8 --module-path=C:\Users\Ausu\.m2\repository\commons-codec\commons-codec\1.15\commons-codec-1.15.jar;C:\Users\Ausu\.m2\repository\org\openjfx\javafx-graphics\17.0.2\javafx-graphics-17.0.2-win.jar;C:\Users\Ausu\.m2\repository\org\openjfx\javafx-controls\17.0.2\javafx-controls-17.0.2-win.jar;D:\University\Semester2\project-group-09\crusader\target\classes;C:\Users\Ausu\.m2\repository\org\projectlombok\lombok\1.18.26\lombok-1.18.26.jar;C:\Users\Ausu\.m2\repository\com\google\code\gson\gson\2.10.1\gson-2.10.1.jar;C:\Users\Ausu\.m2\repository\org\openjfx\javafx-media\16\javafx-media-16-win.jar;C:\Users\Ausu\.m2\repository\org\openjfx\javafx-base\17.0.2\javafx-base-17.0.2-win.jar;C:\Users\Ausu\.m2\repository\org\openjfx\javafx-fxml\17.0.2\javafx-fxml-17.0.2-win.jar -Djdk.module.main=crusader 
java_command: crusader/view.menus.GameMenu
java_class_path (initial): C:\Users\Ausu\.m2\repository\junit\junit\4.13.2\junit-4.13.2.jar;C:\Users\Ausu\.m2\repository\org\hamcrest\hamcrest-core\1.3\hamcrest-core-1.3.jar;C:\Users\Ausu\.m2\repository\org\junit\jupiter\junit-jupiter\5.10.0-M1\junit-jupiter-5.10.0-M1.jar;C:\Users\Ausu\.m2\repository\org\junit\jupiter\junit-jupiter-api\5.10.0-M1\junit-jupiter-api-5.10.0-M1.jar;C:\Users\Ausu\.m2\repository\org\opentest4j\opentest4j\1.2.0\opentest4j-1.2.0.jar;C:\Users\Ausu\.m2\repository\org\junit\platform\junit-platform-commons\1.10.0-M1\junit-platform-commons-1.10.0-M1.jar;C:\Users\Ausu\.m2\repository\org\apiguardian\apiguardian-api\1.1.2\apiguardian-api-1.1.2.jar;C:\Users\Ausu\.m2\repository\org\junit\jupiter\junit-jupiter-params\5.10.0-M1\junit-jupiter-params-5.10.0-M1.jar;C:\Users\Ausu\.m2\repository\org\junit\jupiter\junit-jupiter-engine\5.10.0-M1\junit-jupiter-engine-5.10.0-M1.jar;C:\Users\Ausu\.m2\repository\org\junit\platform\junit-platform-engine\1.10.0-M1\junit-platform-engine-1.10.0-M1.jar;C:\Users\Ausu\.m2\repository\org\openjfx\javafx-controls\17.0.2\javafx-controls-17.0.2.jar;C:\Users\Ausu\.m2\repository\org\openjfx\javafx-graphics\17.0.2\javafx-graphics-17.0.2.jar;C:\Users\Ausu\.m2\repository\org\openjfx\javafx-base\17.0.2\javafx-base-17.0.2.jar;C:\Users\Ausu\.m2\repository\org\openjfx\javafx-fxml\17.0.2\javafx-fxml-17.0.2.jar;C:\Users\Ausu\.m2\repository\org\openjfx\javafx-media\16\javafx-media-16.jar;C:\Users\Ausu\.m2\repository\org\python\jython-standalone\2.7.3\jython-standalone-2.7.3.jar;C:\Program Files\JetBrains\IntelliJ IDEA 2022.2\lib\idea_rt.jar
Launcher Type: SUN_STANDARD

[Global flags]
     intx CICompilerCount                          = 12                                        {product} {ergonomic}
     uint ConcGCThreads                            = 3                                         {product} {ergonomic}
     uint G1ConcRefinementThreads                  = 13                                        {product} {ergonomic}
   size_t G1HeapRegionSize                         = 2097152                                   {product} {ergonomic}
    uintx GCDrainStackTargetSize                   = 64                                        {product} {ergonomic}
   size_t InitialHeapSize                          = 232783872                                 {product} {ergonomic}
   size_t MarkStackSize                            = 4194304                                   {product} {ergonomic}
   size_t MaxHeapSize                              = 3720347648                                {product} {ergonomic}
   size_t MaxNewSize                               = 2231369728                                {product} {ergonomic}
   size_t MinHeapDeltaBytes                        = 2097152                                   {product} {ergonomic}
   size_t MinHeapSize                              = 8388608                                   {product} {ergonomic}
    uintx NonNMethodCodeHeapSize                   = 7602480                                {pd product} {ergonomic}
    uintx NonProfiledCodeHeapSize                  = 122027880                              {pd product} {ergonomic}
    uintx ProfiledCodeHeapSize                     = 122027880                              {pd product} {ergonomic}
    uintx ReservedCodeCacheSize                    = 251658240                              {pd product} {ergonomic}
     bool SegmentedCodeCache                       = true                                      {product} {ergonomic}
   size_t SoftMaxHeapSize                          = 3720347648                             {manageable} {ergonomic}
     bool UseCompressedClassPointers               = true                           {product lp64_product} {ergonomic}
     bool UseCompressedOops                        = true                           {product lp64_product} {ergonomic}
     bool UseG1GC                                  = true                                      {product} {ergonomic}
     bool UseLargePagesIndividualAllocation        = false                                  {pd product} {ergonomic}

Logging:
Log output configuration:
 #0: stdout all=warning uptime,level,tags
 #1: stderr all=off uptime,level,tags

Environment Variables:
PATH=C:\Program Files (x86)\Common Files\Oracle\Java\javapath;C:\Program Files\Common Files\Oracle\Java\javapath;C:\Windows\system32;C:\Windows;C:\Windows\System32\Wbem;C:\Windows\System32\WindowsPowerShell\v1.0\;C:\Windows\System32\OpenSSH\;C:\Program Files (x86)\NVIDIA Corporation\PhysX\Common;C:\Program Files\NVIDIA Corporation\NVIDIA NvDLISR;C:\Program Files\Microsoft VS Code\bin;C:\MinGW\bin;C:\Program Files\Git\cmd;C:\Program Files\Java\jdk-19\bin;C:\Users\Ausu\AppData\Local\Programs\Python\Python311\Scripts\;C:\Users\Ausu\AppData\Local\Programs\Python\Python311\;C:\Users\Ausu\AppData\Local\Microsoft\WindowsApps;C:\Users\Ausu\AppData\Local\GitHubDesktop\bin;C:\Program Files\JetBrains\IntelliJ IDEA 2022.2\bin;
USERNAME=AmirS
OS=Windows_NT
PROCESSOR_IDENTIFIER=AMD64 Family 25 Model 80 Stepping 0, AuthenticAMD



---------------  S Y S T E M  ---------------

OS:
 Windows 11 , 64 bit Build 22000 (10.0.22000.1880)
OS uptime: 0 days 11:30 hours
Hyper-V role detected

CPU: total 16 (initial active 16) (16 cores per cpu, 2 threads per core) family 25 model 80 stepping 0 microcode 0x0, cx8, cmov, fxsr, ht, mmx, 3dnowpref, sse, sse2, sse3, ssse3, sse4a, sse4.1, sse4.2, popcnt, lzcnt, tsc, tscinvbit, avx, avx2, aes, erms, clmul, bmi1, bmi2, adx, sha, fma, vzeroupper, clflush, clflushopt, hv

Memory: 4k page, system-wide physical 14188M (4093M free)
TotalPageFile size 16236M (AvailPageFile size 6M)
current process WorkingSet (physical memory assigned to process): 380M, peak: 386M
current process commit charge ("private bytes"): 534M, peak: 544M

vm_info: Java HotSpot(TM) 64-Bit Server VM (17.0.6+9-LTS-190) for windows-amd64 JRE (17.0.6+9-LTS-190), built on Dec  6 2022 15:53:54 by "mach5one" with MS VC++ 17.1 (VS2022)

END.
