#
# There is insufficient memory for the Java Runtime Environment to continue.
# Native memory allocation (mmap) failed to map 339738624 bytes for G1 virtual space
# Possible reasons:
#   The system is out of physical RAM or swap space
#   The process is running with CompressedOops enabled, and the Java Heap may be blocking the growth of the native heap
# Possible solutions:
#   Reduce memory load on the system
#   Increase physical memory or swap space
#   Check if swap backing store is full
#   Decrease Java heap size (-Xmx/-Xms)
#   Decrease number of Java threads
#   Decrease Java thread stack sizes (-Xss)
#   Set larger code cache with -XX:ReservedCodeCacheSize=
#   JVM is running with Zero Based Compressed Oops mode in which the Java heap is
#     placed in the first 32GB address space. The Java Heap base address is the
#     maximum limit for the native heap growth. Please use -XX:HeapBaseMinAddress
#     to set the Java Heap base and to place the Java Heap above 32GB virtual address.
# This output file may be truncated or incomplete.
#
#  Out of Memory Error (os_windows.cpp:3550), pid=16068, tid=3360
#
# JRE version: Java(TM) SE Runtime Environment (17.0.6+9) (build 17.0.6+9-LTS-190)
# Java VM: Java HotSpot(TM) 64-Bit Server VM (17.0.6+9-LTS-190, mixed mode, sharing, tiered, compressed oops, compressed class ptrs, g1 gc, windows-amd64)
# No core dump will be written. Minidumps are not enabled by default on client versions of Windows
#

---------------  S U M M A R Y ------------

Command Line: -javaagent:C:\Program Files\JetBrains\IntelliJ IDEA 2022.2\lib\idea_rt.jar=5812:C:\Program Files\JetBrains\IntelliJ IDEA 2022.2\bin -Dfile.encoding=UTF-8 --module-path=C:\Users\Ausu\.m2\repository\commons-codec\commons-codec\1.15\commons-codec-1.15.jar;C:\Users\Ausu\.m2\repository\com\google\code\gson\gson\2.10.1\gson-2.10.1.jar;C:\Users\Ausu\.m2\repository\org\openjfx\javafx-media\16\javafx-media-16-win.jar;C:\Users\Ausu\.m2\repository\org\openjfx\javafx-fxml\17.0.2\javafx-fxml-17.0.2-win.jar;C:\Users\Ausu\.m2\repository\org\openjfx\javafx-graphics\17.0.2\javafx-graphics-17.0.2-win.jar;C:\Users\Ausu\.m2\repository\org\projectlombok\lombok\1.18.26\lombok-1.18.26.jar;C:\Users\Ausu\.m2\repository\org\openjfx\javafx-base\17.0.2\javafx-base-17.0.2-win.jar;D:\University\Semester2\project-group-09\crusader\target\classes;C:\Users\Ausu\.m2\repository\org\openjfx\javafx-controls\17.0.2\javafx-controls-17.0.2-win.jar -Djdk.module.main=crusader crusader/view.menus.GameMenu

Host: AMD Ryzen 7 5800H with Radeon Graphics         , 16 cores, 13G,  Windows 11 , 64 bit Build 22000 (10.0.22000.1880)
Time: Tue Jun  6 14:44:16 2023 Iran Standard Time elapsed time: 44.935075 seconds (0d 0h 0m 44s)

---------------  T H R E A D  ---------------

Current thread (0x000001ddb35a5850):  VMThread "VM Thread" [stack: 0x00000049a1f00000,0x00000049a2000000] [id=3360]

Stack: [0x00000049a1f00000,0x00000049a2000000]
Native frames: (J=compiled Java code, j=interpreted, Vv=VM code, C=native code)
V  [jvm.dll+0x6734ea]
V  [jvm.dll+0x7d18f4]
V  [jvm.dll+0x7d309e]
V  [jvm.dll+0x7d3703]
V  [jvm.dll+0x2433c5]
V  [jvm.dll+0x6703f9]
V  [jvm.dll+0x664d32]
V  [jvm.dll+0x300086]
V  [jvm.dll+0x307606]
V  [jvm.dll+0x356c1e]
V  [jvm.dll+0x356e4f]
V  [jvm.dll+0x2d72e8]
V  [jvm.dll+0x2da386]
V  [jvm.dll+0x2e4b58]
V  [jvm.dll+0x318590]
V  [jvm.dll+0x7d7f0b]
V  [jvm.dll+0x7d8c44]
V  [jvm.dll+0x7d915d]
V  [jvm.dll+0x7d9534]
V  [jvm.dll+0x7d9600]
V  [jvm.dll+0x781a7a]
V  [jvm.dll+0x672375]
C  [ucrtbase.dll+0x26c0c]
C  [KERNEL32.DLL+0x155a0]
C  [ntdll.dll+0x485b]

VM_Operation (0x00000049a1bff410): G1Concurrent, mode: safepoint, requested by thread 0x000001dd91208230


---------------  P R O C E S S  ---------------

Threads class SMR info:
_java_thread_list=0x000001ddb59a6a00, length=19, elements={
0x000001dd91192be0, 0x000001ddb35a9fb0, 0x000001ddb35aaa70, 0x000001ddb35bd730,
0x000001ddb35bdff0, 0x000001ddb35be8b0, 0x000001ddb4003490, 0x000001ddb40052e0,
0x000001ddb4006ca0, 0x000001ddb400dfe0, 0x000001ddb4115800, 0x000001ddb4aa84e0,
0x000001ddb4628740, 0x000001ddb4615d90, 0x000001ddb4d7bd10, 0x000001ddb4bebee0,
0x000001ddb4fc0d20, 0x000001ddb4fcc690, 0x000001ddb547f240
}

Java Threads: ( => current thread )
  0x000001dd91192be0 JavaThread "main" [_thread_blocked, id=10300, stack(0x00000049a1900000,0x00000049a1a00000)]
  0x000001ddb35a9fb0 JavaThread "Reference Handler" daemon [_thread_blocked, id=8596, stack(0x00000049a2000000,0x00000049a2100000)]
  0x000001ddb35aaa70 JavaThread "Finalizer" daemon [_thread_blocked, id=13320, stack(0x00000049a2100000,0x00000049a2200000)]
  0x000001ddb35bd730 JavaThread "Signal Dispatcher" daemon [_thread_blocked, id=10980, stack(0x00000049a2200000,0x00000049a2300000)]
  0x000001ddb35bdff0 JavaThread "Attach Listener" daemon [_thread_blocked, id=14176, stack(0x00000049a2300000,0x00000049a2400000)]
  0x000001ddb35be8b0 JavaThread "Service Thread" daemon [_thread_blocked, id=6300, stack(0x00000049a2400000,0x00000049a2500000)]
  0x000001ddb4003490 JavaThread "Monitor Deflation Thread" daemon [_thread_blocked, id=10176, stack(0x00000049a2500000,0x00000049a2600000)]
  0x000001ddb40052e0 JavaThread "C2 CompilerThread0" daemon [_thread_blocked, id=6764, stack(0x00000049a2600000,0x00000049a2700000)]
  0x000001ddb4006ca0 JavaThread "C1 CompilerThread0" daemon [_thread_blocked, id=4584, stack(0x00000049a2700000,0x00000049a2800000)]
  0x000001ddb400dfe0 JavaThread "Sweeper thread" daemon [_thread_blocked, id=10652, stack(0x00000049a2800000,0x00000049a2900000)]
  0x000001ddb4115800 JavaThread "Common-Cleaner" daemon [_thread_blocked, id=10952, stack(0x00000049a2a00000,0x00000049a2b00000)]
  0x000001ddb4aa84e0 JavaThread "Monitor Ctrl-Break" daemon [_thread_in_native, id=1944, stack(0x00000049a3100000,0x00000049a3200000)]
  0x000001ddb4628740 JavaThread "Notification Thread" daemon [_thread_blocked, id=1288, stack(0x00000049a3200000,0x00000049a3300000)]
  0x000001ddb4615d90 JavaThread "QuantumRenderer-0" daemon [_thread_blocked, id=9268, stack(0x00000049a3400000,0x00000049a3500000)]
  0x000001ddb4d7bd10 JavaThread "InvokeLaterDispatcher" daemon [_thread_blocked, id=10212, stack(0x00000049a3000000,0x00000049a3100000)]
  0x000001ddb4bebee0 JavaThread "JavaFX Application Thread" [_thread_in_native, id=11872, stack(0x00000049a3700000,0x00000049a3800000)]
  0x000001ddb4fc0d20 JavaThread "JavaFX-Launcher" [_thread_blocked, id=3804, stack(0x00000049a4700000,0x00000049a4800000)]
  0x000001ddb4fcc690 JavaThread "Thread-2" daemon [_thread_blocked, id=1948, stack(0x00000049a4600000,0x00000049a4700000)]
  0x000001ddb547f240 JavaThread "Prism Font Disposer" daemon [_thread_blocked, id=15864, stack(0x00000049a5900000,0x00000049a5a00000)]

Other Threads:
=>0x000001ddb35a5850 VMThread "VM Thread" [stack: 0x00000049a1f00000,0x00000049a2000000] [id=3360]
  0x000001ddb43bb3a0 WatcherThread [stack: 0x00000049a3300000,0x00000049a3400000] [id=5772]
  0x000001dd911f5a90 GCTaskThread "GC Thread#0" [stack: 0x00000049a1a00000,0x00000049a1b00000] [id=16140]
  0x000001ddb4f40360 GCTaskThread "GC Thread#1" [stack: 0x00000049a4100000,0x00000049a4200000] [id=2424]
  0x000001ddb4f3fc90 GCTaskThread "GC Thread#2" [stack: 0x00000049a4200000,0x00000049a4300000] [id=16264]
  0x000001ddb4f7ae70 GCTaskThread "GC Thread#3" [stack: 0x00000049a4300000,0x00000049a4400000] [id=364]
  0x000001ddb4f7b530 GCTaskThread "GC Thread#4" [stack: 0x00000049a4400000,0x00000049a4500000] [id=13104]
  0x000001ddb4f97f00 GCTaskThread "GC Thread#5" [stack: 0x00000049a4500000,0x00000049a4600000] [id=11808]
  0x000001ddb4fb0910 GCTaskThread "GC Thread#6" [stack: 0x00000049a4800000,0x00000049a4900000] [id=8516]
  0x000001ddb516e0d0 GCTaskThread "GC Thread#7" [stack: 0x00000049a4900000,0x00000049a4a00000] [id=6016]
  0x000001ddb52577a0 GCTaskThread "GC Thread#8" [stack: 0x00000049a5600000,0x00000049a5700000] [id=10840]
  0x000001ddb52b9b00 GCTaskThread "GC Thread#9" [stack: 0x00000049a5700000,0x00000049a5800000] [id=7848]
  0x000001ddb52b9db0 GCTaskThread "GC Thread#10" [stack: 0x00000049a5800000,0x00000049a5900000] [id=10628]
  0x000001ddb54a5310 GCTaskThread "GC Thread#11" [stack: 0x00000049a5b00000,0x00000049a5c00000] [id=1956]
  0x000001ddb54a5dd0 GCTaskThread "GC Thread#12" [stack: 0x00000049a5c00000,0x00000049a5d00000] [id=10796]
  0x000001dd91208230 ConcurrentGCThread "G1 Main Marker" [stack: 0x00000049a1b00000,0x00000049a1c00000] [id=11752]
  0x000001dd912093e0 ConcurrentGCThread "G1 Conc#0" [stack: 0x00000049a1c00000,0x00000049a1d00000] [id=3660]
  0x000001ddb54a65e0 ConcurrentGCThread "G1 Conc#1" [stack: 0x00000049a2900000,0x00000049a2a00000] [id=5472]
  0x000001ddb54a6b40 ConcurrentGCThread "G1 Conc#2" [stack: 0x00000049a2d00000,0x00000049a2e00000] [id=3004]
  0x000001ddb34654c0 ConcurrentGCThread "G1 Refine#0" [stack: 0x00000049a1d00000,0x00000049a1e00000] [id=15936]
  0x000001ddb4f952c0 ConcurrentGCThread "G1 Refine#1" [stack: 0x00000049a4a00000,0x00000049a4b00000] [id=11876]
  0x000001ddb4f955a0 ConcurrentGCThread "G1 Refine#2" [stack: 0x00000049a4b00000,0x00000049a4c00000] [id=9856]
  0x000001ddb4fafb10 ConcurrentGCThread "G1 Refine#3" [stack: 0x00000049a4c00000,0x00000049a4d00000] [id=12252]
  0x000001ddb4fafdf0 ConcurrentGCThread "G1 Refine#4" [stack: 0x00000049a4d00000,0x00000049a4e00000] [id=11444]
  0x000001ddb516e790 ConcurrentGCThread "G1 Refine#5" [stack: 0x00000049a4e00000,0x00000049a4f00000] [id=14120]
  0x000001ddb519e640 ConcurrentGCThread "G1 Refine#6" [stack: 0x00000049a4f00000,0x00000049a5000000] [id=2860]
  0x000001ddb519e360 ConcurrentGCThread "G1 Refine#7" [stack: 0x00000049a5000000,0x00000049a5100000] [id=4572]
  0x000001ddb519e920 ConcurrentGCThread "G1 Refine#8" [stack: 0x00000049a5100000,0x00000049a5200000] [id=9192]
  0x000001ddb519f1c0 ConcurrentGCThread "G1 Refine#9" [stack: 0x00000049a5200000,0x00000049a5300000] [id=8412]
  0x000001ddb519fd40 ConcurrentGCThread "G1 Refine#10" [stack: 0x00000049a5300000,0x00000049a5400000] [id=13548]
  0x000001ddb519e080 ConcurrentGCThread "G1 Refine#11" [stack: 0x00000049a5400000,0x00000049a5500000] [id=16304]
  0x000001ddb519ec00 ConcurrentGCThread "G1 Refine#12" [stack: 0x00000049a5500000,0x00000049a5600000] [id=13584]
  0x000001dd9126c110 ConcurrentGCThread "G1 Service" [stack: 0x00000049a1e00000,0x00000049a1f00000] [id=12140]

Threads with active compile tasks:

VM state: at safepoint (normal execution)

VM Mutex/Monitor currently owned by a thread:  ([mutex/lock_event])
[0x000001dd911825c0] Threads_lock - owner thread: 0x000001ddb35a5850
[0x000001dd91183850] Heap_lock - owner thread: 0x000001dd91208230

Heap address: 0x0000000722400000, size: 3548 MB, Compressed Oops mode: Zero based, Oop shift amount: 3

CDS archive(s) mapped at: [0x0000000800000000-0x0000000800bd0000-0x0000000800bd0000), size 12386304, SharedBaseAddress: 0x0000000800000000, ArchiveRelocationMode: 0.
Compressed class space mapped at: 0x0000000800c00000-0x0000000840c00000, reserved size: 1073741824
Narrow klass base: 0x0000000800000000, Narrow klass shift: 0, Narrow klass range: 0x100000000

GC Precious Log:
 CPUs: 16 total, 16 available
 Memory: 14188M
 Large Page Support: Disabled
 NUMA Support: Disabled
 Compressed Oops: Enabled (Zero based)
 Heap Region Size: 2M
 Heap Min Capacity: 8M
 Heap Initial Capacity: 222M
 Heap Max Capacity: 3548M
 Pre-touch: Disabled
 Parallel Workers: 13
 Concurrent Workers: 3
 Concurrent Refinement Workers: 13
 Periodic GC: Disabled

Heap:
 garbage-first heap   total 649216K, used 585500K [0x0000000722400000, 0x0000000800000000)
  region size 2048K, 3 young (6144K), 2 survivors (4096K)
 Metaspace       used 13772K, committed 14016K, reserved 1064960K
  class space    used 1646K, committed 1728K, reserved 1048576K

Heap Regions: E=young(eden), S=young(survivor), O=old, HS=humongous(starts), HC=humongous(continues), CS=collection set, F=free, OA=open archive, CA=closed archive, TAMS=top-at-mark-start (previous, next)
|   0|0x0000000722400000, 0x0000000722600000, 0x0000000722600000|100%|HS|  |TAMS 0x0000000722600000, 0x0000000722400000| Complete 
|   1|0x0000000722600000, 0x0000000722800000, 0x0000000722800000|100%|HC|  |TAMS 0x0000000722800000, 0x0000000722600000| Complete 
|   2|0x0000000722800000, 0x0000000722a00000, 0x0000000722a00000|100%| O|  |TAMS 0x0000000722a00000, 0x0000000722800000| Untracked 
|   3|0x0000000722a00000, 0x0000000722c00000, 0x0000000722c00000|100%| O|  |TAMS 0x0000000722c00000, 0x0000000722a00000| Untracked 
|   4|0x0000000722c00000, 0x0000000722e00000, 0x0000000722e00000|100%| O|  |TAMS 0x0000000722e00000, 0x0000000722c00000| Untracked 
|   5|0x0000000722e00000, 0x0000000723000000, 0x0000000723000000|100%| O|  |TAMS 0x0000000723000000, 0x0000000722e00000| Untracked 
|   6|0x0000000723000000, 0x0000000723200000, 0x0000000723200000|100%| O|  |TAMS 0x0000000723200000, 0x0000000723000000| Untracked 
|   7|0x0000000723200000, 0x0000000723400000, 0x0000000723400000|100%| O|  |TAMS 0x0000000723400000, 0x0000000723200000| Untracked 
|   8|0x0000000723400000, 0x0000000723600000, 0x0000000723600000|100%| O|  |TAMS 0x0000000723600000, 0x0000000723400000| Untracked 
|   9|0x0000000723600000, 0x0000000723800000, 0x0000000723800000|100%| O|  |TAMS 0x0000000723800000, 0x0000000723600000| Untracked 
|  10|0x0000000723800000, 0x0000000723a00000, 0x0000000723a00000|100%| O|  |TAMS 0x0000000723a00000, 0x0000000723800000| Untracked 
|  11|0x0000000723a00000, 0x0000000723c00000, 0x0000000723c00000|100%| O|  |TAMS 0x0000000723c00000, 0x0000000723a00000| Untracked 
|  12|0x0000000723c00000, 0x0000000723e00000, 0x0000000723e00000|100%| O|  |TAMS 0x0000000723e00000, 0x0000000723c00000| Untracked 
|  13|0x0000000723e00000, 0x0000000724000000, 0x0000000724000000|100%| O|  |TAMS 0x0000000724000000, 0x0000000723e00000| Untracked 
|  14|0x0000000724000000, 0x0000000724200000, 0x0000000724200000|100%| O|  |TAMS 0x0000000724200000, 0x0000000724000000| Untracked 
|  15|0x0000000724200000, 0x0000000724400000, 0x0000000724400000|100%| O|  |TAMS 0x0000000724400000, 0x0000000724200000| Untracked 
|  16|0x0000000724400000, 0x0000000724600000, 0x0000000724600000|100%| O|  |TAMS 0x0000000724600000, 0x0000000724400000| Updating 
|  17|0x0000000724600000, 0x0000000724800000, 0x0000000724800000|100%| O|  |TAMS 0x0000000724800000, 0x0000000724600000| Untracked 
|  18|0x0000000724800000, 0x0000000724a00000, 0x0000000724a00000|100%| O|  |TAMS 0x0000000724a00000, 0x0000000724800000| Untracked 
|  19|0x0000000724a00000, 0x0000000724c00000, 0x0000000724c00000|100%| O|  |TAMS 0x0000000724c00000, 0x0000000724a00000| Untracked 
|  20|0x0000000724c00000, 0x0000000724e00000, 0x0000000724e00000|100%| O|  |TAMS 0x0000000724e00000, 0x0000000724c00000| Untracked 
|  21|0x0000000724e00000, 0x0000000725000000, 0x0000000725000000|100%| O|  |TAMS 0x0000000725000000, 0x0000000724e00000| Untracked 
|  22|0x0000000725000000, 0x0000000725200000, 0x0000000725200000|100%| O|  |TAMS 0x0000000725200000, 0x0000000725000000| Untracked 
|  23|0x0000000725200000, 0x0000000725400000, 0x0000000725400000|100%| O|  |TAMS 0x0000000725400000, 0x0000000725200000| Untracked 
|  24|0x0000000725400000, 0x0000000725600000, 0x0000000725600000|100%| O|  |TAMS 0x0000000725600000, 0x0000000725400000| Untracked 
|  25|0x0000000725600000, 0x0000000725800000, 0x0000000725800000|100%| O|  |TAMS 0x0000000725800000, 0x0000000725600000| Updating 
|  26|0x0000000725800000, 0x0000000725a00000, 0x0000000725a00000|100%| O|  |TAMS 0x0000000725a00000, 0x0000000725800000| Updating 
|  27|0x0000000725a00000, 0x0000000725c00000, 0x0000000725c00000|100%|HS|  |TAMS 0x0000000725c00000, 0x0000000725a00000| Complete 
|  28|0x0000000725c00000, 0x0000000725e00000, 0x0000000725e00000|100%| O|  |TAMS 0x0000000725e00000, 0x0000000725c00000| Untracked 
|  29|0x0000000725e00000, 0x0000000726000000, 0x0000000726000000|100%| O|  |TAMS 0x0000000726000000, 0x0000000725e00000| Untracked 
|  30|0x0000000726000000, 0x0000000726200000, 0x0000000726200000|100%| O|  |TAMS 0x0000000726200000, 0x0000000726000000| Untracked 
|  31|0x0000000726200000, 0x0000000726400000, 0x0000000726400000|100%| O|  |TAMS 0x0000000726400000, 0x0000000726200000| Untracked 
|  32|0x0000000726400000, 0x0000000726600000, 0x0000000726600000|100%| O|  |TAMS 0x0000000726600000, 0x0000000726400000| Untracked 
|  33|0x0000000726600000, 0x0000000726800000, 0x0000000726800000|100%| O|  |TAMS 0x0000000726800000, 0x0000000726600000| Untracked 
|  34|0x0000000726800000, 0x0000000726a00000, 0x0000000726a00000|100%| O|  |TAMS 0x0000000726a00000, 0x0000000726800000| Untracked 
|  35|0x0000000726a00000, 0x0000000726c00000, 0x0000000726c00000|100%| O|  |TAMS 0x0000000726c00000, 0x0000000726a00000| Untracked 
|  36|0x0000000726c00000, 0x0000000726e00000, 0x0000000726e00000|100%| O|  |TAMS 0x0000000726e00000, 0x0000000726c00000| Untracked 
|  37|0x0000000726e00000, 0x0000000727000000, 0x0000000727000000|100%| O|  |TAMS 0x0000000727000000, 0x0000000726e00000| Untracked 
|  38|0x0000000727000000, 0x0000000727200000, 0x0000000727200000|100%| O|  |TAMS 0x0000000727200000, 0x0000000727000000| Untracked 
|  39|0x0000000727200000, 0x0000000727400000, 0x0000000727400000|100%| O|  |TAMS 0x0000000727400000, 0x0000000727200000| Updating 
|  40|0x0000000727400000, 0x0000000727600000, 0x0000000727600000|100%| O|  |TAMS 0x0000000727600000, 0x0000000727400000| Updating 
|  41|0x0000000727600000, 0x0000000727800000, 0x0000000727800000|100%| O|  |TAMS 0x0000000727800000, 0x0000000727600000| Untracked 
|  42|0x0000000727800000, 0x0000000727a00000, 0x0000000727a00000|100%| O|  |TAMS 0x0000000727a00000, 0x0000000727800000| Untracked 
|  43|0x0000000727a00000, 0x0000000727c00000, 0x0000000727c00000|100%| O|  |TAMS 0x0000000727c00000, 0x0000000727a00000| Untracked 
|  44|0x0000000727c00000, 0x0000000727e00000, 0x0000000727e00000|100%| O|  |TAMS 0x0000000727e00000, 0x0000000727c00000| Untracked 
|  45|0x0000000727e00000, 0x0000000728000000, 0x0000000728000000|100%| O|  |TAMS 0x0000000728000000, 0x0000000727e00000| Untracked 
|  46|0x0000000728000000, 0x0000000728200000, 0x0000000728200000|100%| O|  |TAMS 0x0000000728200000, 0x0000000728000000| Untracked 
|  47|0x0000000728200000, 0x0000000728400000, 0x0000000728400000|100%| O|  |TAMS 0x0000000728400000, 0x0000000728200000| Untracked 
|  48|0x0000000728400000, 0x0000000728600000, 0x0000000728600000|100%| O|  |TAMS 0x0000000728600000, 0x0000000728400000| Untracked 
|  49|0x0000000728600000, 0x0000000728800000, 0x0000000728800000|100%| O|  |TAMS 0x0000000728800000, 0x0000000728600000| Untracked 
|  50|0x0000000728800000, 0x0000000728a00000, 0x0000000728a00000|100%| O|  |TAMS 0x0000000728a00000, 0x0000000728800000| Updating 
|  51|0x0000000728a00000, 0x0000000728c00000, 0x0000000728c00000|100%| O|  |TAMS 0x0000000728c00000, 0x0000000728a00000| Untracked 
|  52|0x0000000728c00000, 0x0000000728e00000, 0x0000000728e00000|100%| O|  |TAMS 0x0000000728e00000, 0x0000000728c00000| Updating 
|  53|0x0000000728e00000, 0x0000000729000000, 0x0000000729000000|100%| O|  |TAMS 0x0000000729000000, 0x0000000728e00000| Untracked 
|  54|0x0000000729000000, 0x0000000729200000, 0x0000000729200000|100%| O|  |TAMS 0x0000000729200000, 0x0000000729000000| Untracked 
|  55|0x0000000729200000, 0x0000000729400000, 0x0000000729400000|100%| O|  |TAMS 0x0000000729400000, 0x0000000729200000| Untracked 
|  56|0x0000000729400000, 0x0000000729600000, 0x0000000729600000|100%| O|  |TAMS 0x0000000729600000, 0x0000000729400000| Untracked 
|  57|0x0000000729600000, 0x0000000729800000, 0x0000000729800000|100%| O|  |TAMS 0x0000000729800000, 0x0000000729600000| Untracked 
|  58|0x0000000729800000, 0x0000000729a00000, 0x0000000729a00000|100%| O|  |TAMS 0x0000000729a00000, 0x0000000729800000| Untracked 
|  59|0x0000000729a00000, 0x0000000729c00000, 0x0000000729c00000|100%| O|  |TAMS 0x0000000729c00000, 0x0000000729a00000| Untracked 
|  60|0x0000000729c00000, 0x0000000729e00000, 0x0000000729e00000|100%| O|  |TAMS 0x0000000729e00000, 0x0000000729c00000| Untracked 
|  61|0x0000000729e00000, 0x000000072a000000, 0x000000072a000000|100%| O|  |TAMS 0x000000072a000000, 0x0000000729e00000| Untracked 
|  62|0x000000072a000000, 0x000000072a200000, 0x000000072a200000|100%| O|  |TAMS 0x000000072a200000, 0x000000072a000000| Untracked 
|  63|0x000000072a200000, 0x000000072a400000, 0x000000072a400000|100%| O|  |TAMS 0x000000072a400000, 0x000000072a200000| Untracked 
|  64|0x000000072a400000, 0x000000072a600000, 0x000000072a600000|100%| O|  |TAMS 0x000000072a600000, 0x000000072a400000| Untracked 
|  65|0x000000072a600000, 0x000000072a800000, 0x000000072a800000|100%| O|  |TAMS 0x000000072a800000, 0x000000072a600000| Untracked 
|  66|0x000000072a800000, 0x000000072aa00000, 0x000000072aa00000|100%| O|  |TAMS 0x000000072aa00000, 0x000000072a800000| Untracked 
|  67|0x000000072aa00000, 0x000000072ac00000, 0x000000072ac00000|100%| O|  |TAMS 0x000000072ac00000, 0x000000072aa00000| Untracked 
|  68|0x000000072ac00000, 0x000000072ae00000, 0x000000072ae00000|100%| O|  |TAMS 0x000000072ae00000, 0x000000072ac00000| Untracked 
|  69|0x000000072ae00000, 0x000000072b000000, 0x000000072b000000|100%| O|  |TAMS 0x000000072b000000, 0x000000072ae00000| Updating 
|  70|0x000000072b000000, 0x000000072b200000, 0x000000072b200000|100%| O|  |TAMS 0x000000072b200000, 0x000000072b000000| Untracked 
|  71|0x000000072b200000, 0x000000072b400000, 0x000000072b400000|100%| O|  |TAMS 0x000000072b400000, 0x000000072b200000| Untracked 
|  72|0x000000072b400000, 0x000000072b600000, 0x000000072b600000|100%| O|  |TAMS 0x000000072b600000, 0x000000072b400000| Untracked 
|  73|0x000000072b600000, 0x000000072b800000, 0x000000072b800000|100%| O|  |TAMS 0x000000072b800000, 0x000000072b600000| Untracked 
|  74|0x000000072b800000, 0x000000072ba00000, 0x000000072ba00000|100%| O|  |TAMS 0x000000072ba00000, 0x000000072b800000| Untracked 
|  75|0x000000072ba00000, 0x000000072bc00000, 0x000000072bc00000|100%| O|  |TAMS 0x000000072bc00000, 0x000000072ba00000| Untracked 
|  76|0x000000072bc00000, 0x000000072be00000, 0x000000072be00000|100%| O|  |TAMS 0x000000072be00000, 0x000000072bc00000| Untracked 
|  77|0x000000072be00000, 0x000000072c000000, 0x000000072c000000|100%| O|  |TAMS 0x000000072c000000, 0x000000072be00000| Updating 
|  78|0x000000072c000000, 0x000000072c200000, 0x000000072c200000|100%| O|  |TAMS 0x000000072c200000, 0x000000072c000000| Untracked 
|  79|0x000000072c200000, 0x000000072c400000, 0x000000072c400000|100%| O|  |TAMS 0x000000072c400000, 0x000000072c200000| Untracked 
|  80|0x000000072c400000, 0x000000072c600000, 0x000000072c600000|100%| O|  |TAMS 0x000000072c600000, 0x000000072c400000| Untracked 
|  81|0x000000072c600000, 0x000000072c800000, 0x000000072c800000|100%| O|  |TAMS 0x000000072c800000, 0x000000072c600000| Untracked 
|  82|0x000000072c800000, 0x000000072ca00000, 0x000000072ca00000|100%| O|  |TAMS 0x000000072ca00000, 0x000000072c800000| Untracked 
|  83|0x000000072ca00000, 0x000000072cc00000, 0x000000072cc00000|100%| O|  |TAMS 0x000000072cc00000, 0x000000072ca00000| Untracked 
|  84|0x000000072cc00000, 0x000000072ce00000, 0x000000072ce00000|100%| O|  |TAMS 0x000000072ce00000, 0x000000072cc00000| Untracked 
|  85|0x000000072ce00000, 0x000000072d000000, 0x000000072d000000|100%| O|  |TAMS 0x000000072d000000, 0x000000072ce00000| Untracked 
|  86|0x000000072d000000, 0x000000072d200000, 0x000000072d200000|100%| O|  |TAMS 0x000000072d200000, 0x000000072d000000| Untracked 
|  87|0x000000072d200000, 0x000000072d400000, 0x000000072d400000|100%| O|  |TAMS 0x000000072d400000, 0x000000072d200000| Updating 
|  88|0x000000072d400000, 0x000000072d600000, 0x000000072d600000|100%| O|  |TAMS 0x000000072d600000, 0x000000072d400000| Untracked 
|  89|0x000000072d600000, 0x000000072d800000, 0x000000072d800000|100%| O|  |TAMS 0x000000072d800000, 0x000000072d600000| Untracked 
|  90|0x000000072d800000, 0x000000072da00000, 0x000000072da00000|100%| O|  |TAMS 0x000000072da00000, 0x000000072d800000| Untracked 
|  91|0x000000072da00000, 0x000000072dc00000, 0x000000072dc00000|100%| O|  |TAMS 0x000000072dc00000, 0x000000072da00000| Untracked 
|  92|0x000000072dc00000, 0x000000072de00000, 0x000000072de00000|100%| O|  |TAMS 0x000000072de00000, 0x000000072dc00000| Updating 
|  93|0x000000072de00000, 0x000000072e000000, 0x000000072e000000|100%| O|  |TAMS 0x000000072e000000, 0x000000072de00000| Untracked 
|  94|0x000000072e000000, 0x000000072e200000, 0x000000072e200000|100%| O|  |TAMS 0x000000072e200000, 0x000000072e000000| Untracked 
|  95|0x000000072e200000, 0x000000072e400000, 0x000000072e400000|100%| O|  |TAMS 0x000000072e400000, 0x000000072e200000| Untracked 
|  96|0x000000072e400000, 0x000000072e600000, 0x000000072e600000|100%| O|  |TAMS 0x000000072e600000, 0x000000072e400000| Untracked 
|  97|0x000000072e600000, 0x000000072e800000, 0x000000072e800000|100%| O|  |TAMS 0x000000072e800000, 0x000000072e600000| Updating 
|  98|0x000000072e800000, 0x000000072ea00000, 0x000000072ea00000|100%| O|  |TAMS 0x000000072ea00000, 0x000000072e800000| Updating 
|  99|0x000000072ea00000, 0x000000072ec00000, 0x000000072ec00000|100%| O|  |TAMS 0x000000072ec00000, 0x000000072ea00000| Untracked 
| 100|0x000000072ec00000, 0x000000072ee00000, 0x000000072ee00000|100%| O|  |TAMS 0x000000072ee00000, 0x000000072ec00000| Untracked 
| 101|0x000000072ee00000, 0x000000072f000000, 0x000000072f000000|100%| O|  |TAMS 0x000000072f000000, 0x000000072ee00000| Untracked 
| 102|0x000000072f000000, 0x000000072f200000, 0x000000072f200000|100%| O|  |TAMS 0x000000072f200000, 0x000000072f000000| Updating 
| 103|0x000000072f200000, 0x000000072f400000, 0x000000072f400000|100%| O|  |TAMS 0x000000072f400000, 0x000000072f200000| Untracked 
| 104|0x000000072f400000, 0x000000072f600000, 0x000000072f600000|100%| O|  |TAMS 0x000000072f600000, 0x000000072f400000| Untracked 
| 105|0x000000072f600000, 0x000000072f800000, 0x000000072f800000|100%| O|  |TAMS 0x000000072f800000, 0x000000072f600000| Untracked 
| 106|0x000000072f800000, 0x000000072fa00000, 0x000000072fa00000|100%| O|  |TAMS 0x000000072fa00000, 0x000000072f800000| Untracked 
| 107|0x000000072fa00000, 0x000000072fc00000, 0x000000072fc00000|100%| O|  |TAMS 0x000000072fc00000, 0x000000072fa00000| Updating 
| 108|0x000000072fc00000, 0x000000072fe00000, 0x000000072fe00000|100%| O|  |TAMS 0x000000072fe00000, 0x000000072fc00000| Untracked 
| 109|0x000000072fe00000, 0x0000000730000000, 0x0000000730000000|100%| O|  |TAMS 0x0000000730000000, 0x000000072fe00000| Untracked 
| 110|0x0000000730000000, 0x0000000730200000, 0x0000000730200000|100%| O|  |TAMS 0x0000000730200000, 0x0000000730000000| Untracked 
| 111|0x0000000730200000, 0x0000000730400000, 0x0000000730400000|100%| O|  |TAMS 0x0000000730400000, 0x0000000730200000| Untracked 
| 112|0x0000000730400000, 0x0000000730600000, 0x0000000730600000|100%| O|  |TAMS 0x0000000730600000, 0x0000000730400000| Untracked 
| 113|0x0000000730600000, 0x0000000730800000, 0x0000000730800000|100%| O|  |TAMS 0x0000000730800000, 0x0000000730600000| Untracked 
| 114|0x0000000730800000, 0x0000000730a00000, 0x0000000730a00000|100%| O|  |TAMS 0x0000000730a00000, 0x0000000730800000| Updating 
| 115|0x0000000730a00000, 0x0000000730c00000, 0x0000000730c00000|100%| O|  |TAMS 0x0000000730c00000, 0x0000000730a00000| Untracked 
| 116|0x0000000730c00000, 0x0000000730e00000, 0x0000000730e00000|100%| O|  |TAMS 0x0000000730e00000, 0x0000000730c00000| Untracked 
| 117|0x0000000730e00000, 0x0000000731000000, 0x0000000731000000|100%| O|  |TAMS 0x0000000731000000, 0x0000000730e00000| Untracked 
| 118|0x0000000731000000, 0x0000000731200000, 0x0000000731200000|100%| O|  |TAMS 0x0000000731200000, 0x0000000731000000| Updating 
| 119|0x0000000731200000, 0x0000000731400000, 0x0000000731400000|100%| O|  |TAMS 0x0000000731400000, 0x0000000731200000| Updating 
| 120|0x0000000731400000, 0x0000000731600000, 0x0000000731600000|100%| O|  |TAMS 0x0000000731600000, 0x0000000731400000| Untracked 
| 121|0x0000000731600000, 0x0000000731800000, 0x0000000731800000|100%| O|  |TAMS 0x0000000731800000, 0x0000000731600000| Untracked 
| 122|0x0000000731800000, 0x0000000731a00000, 0x0000000731a00000|100%| O|  |TAMS 0x0000000731a00000, 0x0000000731800000| Untracked 
| 123|0x0000000731a00000, 0x0000000731c00000, 0x0000000731c00000|100%| O|  |TAMS 0x0000000731c00000, 0x0000000731a00000| Untracked 
| 124|0x0000000731c00000, 0x0000000731e00000, 0x0000000731e00000|100%| O|  |TAMS 0x0000000731e00000, 0x0000000731c00000| Untracked 
| 125|0x0000000731e00000, 0x0000000732000000, 0x0000000732000000|100%| O|  |TAMS 0x0000000732000000, 0x0000000731e00000| Untracked 
| 126|0x0000000732000000, 0x0000000732200000, 0x0000000732200000|100%| O|  |TAMS 0x0000000732200000, 0x0000000732000000| Untracked 
| 127|0x0000000732200000, 0x0000000732400000, 0x0000000732400000|100%| O|  |TAMS 0x0000000732400000, 0x0000000732200000| Untracked 
| 128|0x0000000732400000, 0x0000000732600000, 0x0000000732600000|100%| O|  |TAMS 0x0000000732600000, 0x0000000732400000| Untracked 
| 129|0x0000000732600000, 0x0000000732800000, 0x0000000732800000|100%| O|  |TAMS 0x0000000732800000, 0x0000000732600000| Untracked 
| 130|0x0000000732800000, 0x0000000732a00000, 0x0000000732a00000|100%| O|  |TAMS 0x0000000732a00000, 0x0000000732800000| Untracked 
| 131|0x0000000732a00000, 0x0000000732c00000, 0x0000000732c00000|100%| O|  |TAMS 0x0000000732c00000, 0x0000000732a00000| Untracked 
| 132|0x0000000732c00000, 0x0000000732e00000, 0x0000000732e00000|100%| O|  |TAMS 0x0000000732e00000, 0x0000000732c00000| Untracked 
| 133|0x0000000732e00000, 0x0000000733000000, 0x0000000733000000|100%| O|  |TAMS 0x0000000733000000, 0x0000000732e00000| Updating 
| 134|0x0000000733000000, 0x0000000733200000, 0x0000000733200000|100%| O|  |TAMS 0x0000000733200000, 0x0000000733000000| Untracked 
| 135|0x0000000733200000, 0x0000000733400000, 0x0000000733400000|100%| O|  |TAMS 0x0000000733400000, 0x0000000733200000| Untracked 
| 136|0x0000000733400000, 0x0000000733600000, 0x0000000733600000|100%| O|  |TAMS 0x0000000733600000, 0x0000000733400000| Untracked 
| 137|0x0000000733600000, 0x0000000733800000, 0x0000000733800000|100%| O|  |TAMS 0x0000000733800000, 0x0000000733600000| Updating 
| 138|0x0000000733800000, 0x0000000733a00000, 0x0000000733a00000|100%| O|  |TAMS 0x0000000733a00000, 0x0000000733800000| Updating 
| 139|0x0000000733a00000, 0x0000000733c00000, 0x0000000733c00000|100%| O|  |TAMS 0x0000000733c00000, 0x0000000733a00000| Untracked 
| 140|0x0000000733c00000, 0x0000000733e00000, 0x0000000733e00000|100%| O|  |TAMS 0x0000000733e00000, 0x0000000733c00000| Untracked 
| 141|0x0000000733e00000, 0x0000000734000000, 0x0000000734000000|100%| O|  |TAMS 0x0000000734000000, 0x0000000733e00000| Untracked 
| 142|0x0000000734000000, 0x0000000734200000, 0x0000000734200000|100%| O|  |TAMS 0x0000000734200000, 0x0000000734000000| Untracked 
| 143|0x0000000734200000, 0x0000000734400000, 0x0000000734400000|100%| O|  |TAMS 0x0000000734400000, 0x0000000734200000| Untracked 
| 144|0x0000000734400000, 0x0000000734600000, 0x0000000734600000|100%| O|  |TAMS 0x0000000734600000, 0x0000000734400000| Untracked 
| 145|0x0000000734600000, 0x0000000734800000, 0x0000000734800000|100%| O|  |TAMS 0x0000000734800000, 0x0000000734600000| Untracked 
| 146|0x0000000734800000, 0x0000000734a00000, 0x0000000734a00000|100%| O|  |TAMS 0x0000000734a00000, 0x0000000734800000| Updating 
| 147|0x0000000734a00000, 0x0000000734c00000, 0x0000000734c00000|100%| O|  |TAMS 0x0000000734c00000, 0x0000000734a00000| Untracked 
| 148|0x0000000734c00000, 0x0000000734e00000, 0x0000000734e00000|100%| O|  |TAMS 0x0000000734e00000, 0x0000000734c00000| Untracked 
| 149|0x0000000734e00000, 0x0000000735000000, 0x0000000735000000|100%| O|  |TAMS 0x0000000735000000, 0x0000000734e00000| Untracked 
| 150|0x0000000735000000, 0x0000000735200000, 0x0000000735200000|100%| O|  |TAMS 0x0000000735200000, 0x0000000735000000| Untracked 
| 151|0x0000000735200000, 0x0000000735400000, 0x0000000735400000|100%| O|  |TAMS 0x0000000735400000, 0x0000000735200000| Untracked 
| 152|0x0000000735400000, 0x0000000735600000, 0x0000000735600000|100%| O|  |TAMS 0x0000000735600000, 0x0000000735400000| Untracked 
| 153|0x0000000735600000, 0x0000000735800000, 0x0000000735800000|100%| O|  |TAMS 0x0000000735800000, 0x0000000735600000| Updating 
| 154|0x0000000735800000, 0x0000000735a00000, 0x0000000735a00000|100%| O|  |TAMS 0x0000000735a00000, 0x0000000735800000| Untracked 
| 155|0x0000000735a00000, 0x0000000735c00000, 0x0000000735c00000|100%| O|  |TAMS 0x0000000735c00000, 0x0000000735a00000| Updating 
| 156|0x0000000735c00000, 0x0000000735e00000, 0x0000000735e00000|100%| O|  |TAMS 0x0000000735e00000, 0x0000000735c00000| Untracked 
| 157|0x0000000735e00000, 0x0000000736000000, 0x0000000736000000|100%| O|  |TAMS 0x0000000736000000, 0x0000000735e00000| Untracked 
| 158|0x0000000736000000, 0x0000000736200000, 0x0000000736200000|100%| O|  |TAMS 0x0000000736200000, 0x0000000736000000| Untracked 
| 159|0x0000000736200000, 0x0000000736400000, 0x0000000736400000|100%| O|  |TAMS 0x0000000736400000, 0x0000000736200000| Untracked 
| 160|0x0000000736400000, 0x0000000736600000, 0x0000000736600000|100%| O|  |TAMS 0x0000000736600000, 0x0000000736400000| Untracked 
| 161|0x0000000736600000, 0x0000000736800000, 0x0000000736800000|100%| O|  |TAMS 0x0000000736800000, 0x0000000736600000| Untracked 
| 162|0x0000000736800000, 0x0000000736a00000, 0x0000000736a00000|100%| O|  |TAMS 0x0000000736a00000, 0x0000000736800000| Untracked 
| 163|0x0000000736a00000, 0x0000000736c00000, 0x0000000736c00000|100%| O|  |TAMS 0x0000000736c00000, 0x0000000736a00000| Updating 
| 164|0x0000000736c00000, 0x0000000736e00000, 0x0000000736e00000|100%| O|  |TAMS 0x0000000736e00000, 0x0000000736c00000| Untracked 
| 165|0x0000000736e00000, 0x0000000737000000, 0x0000000737000000|100%| O|  |TAMS 0x0000000737000000, 0x0000000736e00000| Untracked 
| 166|0x0000000737000000, 0x0000000737200000, 0x0000000737200000|100%| O|  |TAMS 0x0000000737200000, 0x0000000737000000| Untracked 
| 167|0x0000000737200000, 0x0000000737400000, 0x0000000737400000|100%| O|  |TAMS 0x0000000737400000, 0x0000000737200000| Untracked 
| 168|0x0000000737400000, 0x0000000737600000, 0x0000000737600000|100%| O|  |TAMS 0x0000000737600000, 0x0000000737400000| Untracked 
| 169|0x0000000737600000, 0x0000000737800000, 0x0000000737800000|100%| O|  |TAMS 0x0000000737800000, 0x0000000737600000| Untracked 
| 170|0x0000000737800000, 0x0000000737a00000, 0x0000000737a00000|100%| O|  |TAMS 0x0000000737a00000, 0x0000000737800000| Updating 
| 171|0x0000000737a00000, 0x0000000737c00000, 0x0000000737c00000|100%| O|  |TAMS 0x0000000737c00000, 0x0000000737a00000| Updating 
| 172|0x0000000737c00000, 0x0000000737e00000, 0x0000000737e00000|100%| O|  |TAMS 0x0000000737e00000, 0x0000000737c00000| Untracked 
| 173|0x0000000737e00000, 0x0000000738000000, 0x0000000738000000|100%| O|  |TAMS 0x0000000738000000, 0x0000000737e00000| Untracked 
| 174|0x0000000738000000, 0x0000000738200000, 0x0000000738200000|100%| O|  |TAMS 0x0000000738200000, 0x0000000738000000| Untracked 
| 175|0x0000000738200000, 0x0000000738400000, 0x0000000738400000|100%| O|  |TAMS 0x0000000738400000, 0x0000000738200000| Untracked 
| 176|0x0000000738400000, 0x0000000738600000, 0x0000000738600000|100%| O|  |TAMS 0x0000000738600000, 0x0000000738400000| Updating 
| 177|0x0000000738600000, 0x0000000738800000, 0x0000000738800000|100%| O|  |TAMS 0x0000000738800000, 0x0000000738600000| Untracked 
| 178|0x0000000738800000, 0x0000000738a00000, 0x0000000738a00000|100%| O|  |TAMS 0x0000000738a00000, 0x0000000738800000| Untracked 
| 179|0x0000000738a00000, 0x0000000738c00000, 0x0000000738c00000|100%| O|  |TAMS 0x0000000738c00000, 0x0000000738a00000| Untracked 
| 180|0x0000000738c00000, 0x0000000738e00000, 0x0000000738e00000|100%| O|  |TAMS 0x0000000738e00000, 0x0000000738c00000| Untracked 
| 181|0x0000000738e00000, 0x0000000739000000, 0x0000000739000000|100%| O|  |TAMS 0x0000000739000000, 0x0000000738e00000| Untracked 
| 182|0x0000000739000000, 0x0000000739200000, 0x0000000739200000|100%| O|  |TAMS 0x0000000739200000, 0x0000000739000000| Untracked 
| 183|0x0000000739200000, 0x0000000739400000, 0x0000000739400000|100%| O|  |TAMS 0x0000000739400000, 0x0000000739200000| Updating 
| 184|0x0000000739400000, 0x0000000739600000, 0x0000000739600000|100%| O|  |TAMS 0x0000000739600000, 0x0000000739400000| Untracked 
| 185|0x0000000739600000, 0x0000000739800000, 0x0000000739800000|100%| O|  |TAMS 0x0000000739800000, 0x0000000739600000| Untracked 
| 186|0x0000000739800000, 0x0000000739a00000, 0x0000000739a00000|100%| O|  |TAMS 0x0000000739a00000, 0x0000000739800000| Updating 
| 187|0x0000000739a00000, 0x0000000739c00000, 0x0000000739c00000|100%| O|  |TAMS 0x0000000739c00000, 0x0000000739a00000| Untracked 
| 188|0x0000000739c00000, 0x0000000739e00000, 0x0000000739e00000|100%| O|  |TAMS 0x0000000739e00000, 0x0000000739c00000| Untracked 
| 189|0x0000000739e00000, 0x000000073a000000, 0x000000073a000000|100%| O|  |TAMS 0x000000073a000000, 0x0000000739e00000| Untracked 
| 190|0x000000073a000000, 0x000000073a200000, 0x000000073a200000|100%| O|  |TAMS 0x000000073a200000, 0x000000073a000000| Updating 
| 191|0x000000073a200000, 0x000000073a400000, 0x000000073a400000|100%| O|  |TAMS 0x000000073a400000, 0x000000073a200000| Untracked 
| 192|0x000000073a400000, 0x000000073a600000, 0x000000073a600000|100%| O|  |TAMS 0x000000073a600000, 0x000000073a400000| Untracked 
| 193|0x000000073a600000, 0x000000073a800000, 0x000000073a800000|100%| O|  |TAMS 0x000000073a800000, 0x000000073a600000| Untracked 
| 194|0x000000073a800000, 0x000000073aa00000, 0x000000073aa00000|100%| O|  |TAMS 0x000000073aa00000, 0x000000073a800000| Untracked 
| 195|0x000000073aa00000, 0x000000073ac00000, 0x000000073ac00000|100%| O|  |TAMS 0x000000073ac00000, 0x000000073aa00000| Untracked 
| 196|0x000000073ac00000, 0x000000073ae00000, 0x000000073ae00000|100%| O|  |TAMS 0x000000073ae00000, 0x000000073ac00000| Updating 
| 197|0x000000073ae00000, 0x000000073b000000, 0x000000073b000000|100%| O|  |TAMS 0x000000073b000000, 0x000000073ae00000| Untracked 
| 198|0x000000073b000000, 0x000000073b200000, 0x000000073b200000|100%| O|  |TAMS 0x000000073b200000, 0x000000073b000000| Untracked 
| 199|0x000000073b200000, 0x000000073b400000, 0x000000073b400000|100%| O|  |TAMS 0x000000073b400000, 0x000000073b200000| Untracked 
| 200|0x000000073b400000, 0x000000073b600000, 0x000000073b600000|100%| O|  |TAMS 0x000000073b600000, 0x000000073b400000| Untracked 
| 201|0x000000073b600000, 0x000000073b800000, 0x000000073b800000|100%| O|  |TAMS 0x000000073b800000, 0x000000073b600000| Untracked 
| 202|0x000000073b800000, 0x000000073ba00000, 0x000000073ba00000|100%| O|  |TAMS 0x000000073ba00000, 0x000000073b800000| Untracked 
| 203|0x000000073ba00000, 0x000000073bc00000, 0x000000073bc00000|100%| O|  |TAMS 0x000000073bc00000, 0x000000073ba00000| Untracked 
| 204|0x000000073bc00000, 0x000000073be00000, 0x000000073be00000|100%| O|  |TAMS 0x000000073be00000, 0x000000073bc00000| Untracked 
| 205|0x000000073be00000, 0x000000073c000000, 0x000000073c000000|100%| O|  |TAMS 0x000000073c000000, 0x000000073be00000| Untracked 
| 206|0x000000073c000000, 0x000000073c200000, 0x000000073c200000|100%| O|  |TAMS 0x000000073c200000, 0x000000073c000000| Updating 
| 207|0x000000073c200000, 0x000000073c400000, 0x000000073c400000|100%| O|  |TAMS 0x000000073c400000, 0x000000073c200000| Updating 
| 208|0x000000073c400000, 0x000000073c600000, 0x000000073c600000|100%| O|  |TAMS 0x000000073c600000, 0x000000073c400000| Untracked 
| 209|0x000000073c600000, 0x000000073c800000, 0x000000073c800000|100%| O|  |TAMS 0x000000073c800000, 0x000000073c600000| Untracked 
| 210|0x000000073c800000, 0x000000073ca00000, 0x000000073ca00000|100%| O|  |TAMS 0x000000073ca00000, 0x000000073c800000| Untracked 
| 211|0x000000073ca00000, 0x000000073cc00000, 0x000000073cc00000|100%| O|  |TAMS 0x000000073cc00000, 0x000000073ca00000| Untracked 
| 212|0x000000073cc00000, 0x000000073ce00000, 0x000000073ce00000|100%| O|  |TAMS 0x000000073ce00000, 0x000000073cc00000| Untracked 
| 213|0x000000073ce00000, 0x000000073d000000, 0x000000073d000000|100%| O|  |TAMS 0x000000073d000000, 0x000000073ce00000| Untracked 
| 214|0x000000073d000000, 0x000000073d200000, 0x000000073d200000|100%| O|  |TAMS 0x000000073d200000, 0x000000073d000000| Untracked 
| 215|0x000000073d200000, 0x000000073d400000, 0x000000073d400000|100%| O|  |TAMS 0x000000073d400000, 0x000000073d200000| Untracked 
| 216|0x000000073d400000, 0x000000073d600000, 0x000000073d600000|100%| O|  |TAMS 0x000000073d600000, 0x000000073d400000| Untracked 
| 217|0x000000073d600000, 0x000000073d800000, 0x000000073d800000|100%| O|  |TAMS 0x000000073d800000, 0x000000073d600000| Untracked 
| 218|0x000000073d800000, 0x000000073da00000, 0x000000073da00000|100%| O|  |TAMS 0x000000073da00000, 0x000000073d800000| Untracked 
| 219|0x000000073da00000, 0x000000073dc00000, 0x000000073dc00000|100%| O|  |TAMS 0x000000073dc00000, 0x000000073da00000| Untracked 
| 220|0x000000073dc00000, 0x000000073de00000, 0x000000073de00000|100%| O|  |TAMS 0x000000073de00000, 0x000000073dc00000| Untracked 
| 221|0x000000073de00000, 0x000000073e000000, 0x000000073e000000|100%| O|  |TAMS 0x000000073e000000, 0x000000073de00000| Updating 
| 222|0x000000073e000000, 0x000000073e200000, 0x000000073e200000|100%| O|  |TAMS 0x000000073e200000, 0x000000073e000000| Updating 
| 223|0x000000073e200000, 0x000000073e400000, 0x000000073e400000|100%| O|  |TAMS 0x000000073e400000, 0x000000073e200000| Untracked 
| 224|0x000000073e400000, 0x000000073e600000, 0x000000073e600000|100%| O|  |TAMS 0x000000073e600000, 0x000000073e400000| Untracked 
| 225|0x000000073e600000, 0x000000073e800000, 0x000000073e800000|100%| O|  |TAMS 0x000000073e800000, 0x000000073e600000| Untracked 
| 226|0x000000073e800000, 0x000000073ea00000, 0x000000073ea00000|100%| O|  |TAMS 0x000000073ea00000, 0x000000073e800000| Untracked 
| 227|0x000000073ea00000, 0x000000073ec00000, 0x000000073ec00000|100%| O|  |TAMS 0x000000073ec00000, 0x000000073ea00000| Untracked 
| 228|0x000000073ec00000, 0x000000073ee00000, 0x000000073ee00000|100%| O|  |TAMS 0x000000073ee00000, 0x000000073ec00000| Untracked 
| 229|0x000000073ee00000, 0x000000073f000000, 0x000000073f000000|100%| O|  |TAMS 0x000000073f000000, 0x000000073ee00000| Untracked 
| 230|0x000000073f000000, 0x000000073f200000, 0x000000073f200000|100%| O|  |TAMS 0x000000073f200000, 0x000000073f000000| Untracked 
| 231|0x000000073f200000, 0x000000073f400000, 0x000000073f400000|100%| O|  |TAMS 0x000000073f400000, 0x000000073f200000| Untracked 
| 232|0x000000073f400000, 0x000000073f600000, 0x000000073f600000|100%| O|  |TAMS 0x000000073f600000, 0x000000073f400000| Untracked 
| 233|0x000000073f600000, 0x000000073f800000, 0x000000073f800000|100%| O|  |TAMS 0x000000073f800000, 0x000000073f600000| Untracked 
| 234|0x000000073f800000, 0x000000073fa00000, 0x000000073fa00000|100%| O|  |TAMS 0x000000073fa00000, 0x000000073f800000| Updating 
| 235|0x000000073fa00000, 0x000000073fc00000, 0x000000073fc00000|100%| O|  |TAMS 0x000000073fc00000, 0x000000073fa00000| Updating 
| 236|0x000000073fc00000, 0x000000073fe00000, 0x000000073fe00000|100%| O|  |TAMS 0x000000073fe00000, 0x000000073fc00000| Updating 
| 237|0x000000073fe00000, 0x0000000740000000, 0x0000000740000000|100%| O|  |TAMS 0x0000000740000000, 0x000000073fe00000| Untracked 
| 238|0x0000000740000000, 0x0000000740200000, 0x0000000740200000|100%| O|  |TAMS 0x0000000740200000, 0x0000000740000000| Untracked 
| 239|0x0000000740200000, 0x0000000740400000, 0x0000000740400000|100%| O|  |TAMS 0x0000000740400000, 0x0000000740200000| Untracked 
| 240|0x0000000740400000, 0x0000000740600000, 0x0000000740600000|100%| O|  |TAMS 0x0000000740600000, 0x0000000740400000| Untracked 
| 241|0x0000000740600000, 0x0000000740800000, 0x0000000740800000|100%| O|  |TAMS 0x0000000740800000, 0x0000000740600000| Untracked 
| 242|0x0000000740800000, 0x0000000740a00000, 0x0000000740a00000|100%| O|  |TAMS 0x0000000740a00000, 0x0000000740800000| Untracked 
| 243|0x0000000740a00000, 0x0000000740c00000, 0x0000000740c00000|100%| O|  |TAMS 0x0000000740c00000, 0x0000000740a00000| Untracked 
| 244|0x0000000740c00000, 0x0000000740e00000, 0x0000000740e00000|100%| O|  |TAMS 0x0000000740e00000, 0x0000000740c00000| Untracked 
| 245|0x0000000740e00000, 0x0000000741000000, 0x0000000741000000|100%| O|  |TAMS 0x0000000741000000, 0x0000000740e00000| Untracked 
| 246|0x0000000741000000, 0x0000000741200000, 0x0000000741200000|100%| O|  |TAMS 0x0000000741200000, 0x0000000741000000| Untracked 
| 247|0x0000000741200000, 0x0000000741400000, 0x0000000741400000|100%| O|  |TAMS 0x0000000741400000, 0x0000000741200000| Updating 
| 248|0x0000000741400000, 0x0000000741600000, 0x0000000741600000|100%| O|  |TAMS 0x0000000741600000, 0x0000000741400000| Updating 
| 249|0x0000000741600000, 0x0000000741800000, 0x0000000741800000|100%| O|  |TAMS 0x0000000741800000, 0x0000000741600000| Untracked 
| 250|0x0000000741800000, 0x0000000741a00000, 0x0000000741a00000|100%| O|  |TAMS 0x0000000741a00000, 0x0000000741800000| Untracked 
| 251|0x0000000741a00000, 0x0000000741c00000, 0x0000000741c00000|100%| O|  |TAMS 0x0000000741c00000, 0x0000000741a00000| Untracked 
| 252|0x0000000741c00000, 0x0000000741e00000, 0x0000000741e00000|100%| O|  |TAMS 0x0000000741e00000, 0x0000000741c00000| Untracked 
| 253|0x0000000741e00000, 0x0000000742000000, 0x0000000742000000|100%| O|  |TAMS 0x0000000742000000, 0x0000000741e00000| Untracked 
| 254|0x0000000742000000, 0x0000000742200000, 0x0000000742200000|100%| O|  |TAMS 0x0000000742200000, 0x0000000742000000| Untracked 
| 255|0x0000000742200000, 0x0000000742400000, 0x0000000742400000|100%| O|  |TAMS 0x0000000742400000, 0x0000000742200000| Untracked 
| 256|0x0000000742400000, 0x0000000742600000, 0x0000000742600000|100%| O|  |TAMS 0x0000000742600000, 0x0000000742400000| Updating 
| 257|0x0000000742600000, 0x0000000742800000, 0x0000000742800000|100%| O|  |TAMS 0x0000000742800000, 0x0000000742600000| Updating 
| 258|0x0000000742800000, 0x0000000742a00000, 0x0000000742a00000|100%| O|  |TAMS 0x0000000742a00000, 0x0000000742800000| Untracked 
| 259|0x0000000742a00000, 0x0000000742c00000, 0x0000000742c00000|100%| O|  |TAMS 0x0000000742c00000, 0x0000000742a00000| Untracked 
| 260|0x0000000742c00000, 0x0000000742e00000, 0x0000000742e00000|100%| O|  |TAMS 0x0000000742e00000, 0x0000000742c00000| Untracked 
| 261|0x0000000742e00000, 0x0000000743000000, 0x0000000743000000|100%| O|  |TAMS 0x0000000743000000, 0x0000000742e00000| Untracked 
| 262|0x0000000743000000, 0x0000000743200000, 0x0000000743200000|100%| O|  |TAMS 0x0000000743200000, 0x0000000743000000| Untracked 
| 263|0x0000000743200000, 0x0000000743400000, 0x0000000743400000|100%| O|  |TAMS 0x0000000743400000, 0x0000000743200000| Updating 
| 264|0x0000000743400000, 0x0000000743600000, 0x0000000743600000|100%| O|  |TAMS 0x0000000743600000, 0x0000000743400000| Updating 
| 265|0x0000000743600000, 0x0000000743800000, 0x0000000743800000|100%| O|  |TAMS 0x0000000743800000, 0x0000000743600000| Updating 
| 266|0x0000000743800000, 0x0000000743a00000, 0x0000000743a00000|100%| O|  |TAMS 0x0000000743a00000, 0x0000000743800000| Untracked 
| 267|0x0000000743a00000, 0x0000000743c00000, 0x0000000743c00000|100%| O|  |TAMS 0x0000000743c00000, 0x0000000743a00000| Untracked 
| 268|0x0000000743c00000, 0x0000000743e00000, 0x0000000743e00000|100%| O|  |TAMS 0x0000000743e00000, 0x0000000743c00000| Untracked 
| 269|0x0000000743e00000, 0x0000000744000000, 0x0000000744000000|100%| O|  |TAMS 0x0000000744000000, 0x0000000743e00000| Untracked 
| 270|0x0000000744000000, 0x0000000744200000, 0x0000000744200000|100%| O|  |TAMS 0x0000000744200000, 0x0000000744000000| Untracked 
| 271|0x0000000744200000, 0x0000000744400000, 0x0000000744400000|100%| O|  |TAMS 0x0000000744400000, 0x0000000744200000| Updating 
| 272|0x0000000744400000, 0x0000000744600000, 0x0000000744600000|100%| O|  |TAMS 0x0000000744600000, 0x0000000744400000| Updating 
| 273|0x0000000744600000, 0x0000000744800000, 0x0000000744800000|100%| O|  |TAMS 0x0000000744800000, 0x0000000744600000| Untracked 
| 274|0x0000000744800000, 0x0000000744a00000, 0x0000000744a00000|100%| O|  |TAMS 0x0000000744a00000, 0x0000000744800000| Untracked 
| 275|0x0000000744a00000, 0x0000000744c00000, 0x0000000744c00000|100%| O|  |TAMS 0x0000000744c00000, 0x0000000744a00000| Untracked 
| 276|0x0000000744c00000, 0x0000000744e00000, 0x0000000744e00000|100%| O|  |TAMS 0x0000000744e00000, 0x0000000744c00000| Untracked 
| 277|0x0000000744e00000, 0x0000000745000000, 0x0000000745000000|100%| O|  |TAMS 0x0000000745000000, 0x0000000744e00000| Untracked 
| 278|0x0000000745000000, 0x0000000745200000, 0x0000000745200000|100%| O|  |TAMS 0x00000007450fc600, 0x0000000745000000| Updating 
| 279|0x0000000745200000, 0x0000000745400000, 0x0000000745400000|100%| O|  |TAMS 0x0000000745200000, 0x0000000745200000| Untracked 
| 280|0x0000000745400000, 0x0000000745600000, 0x0000000745600000|100%| O|  |TAMS 0x0000000745400000, 0x0000000745400000| Untracked 
| 281|0x0000000745600000, 0x0000000745800000, 0x0000000745800000|100%| O|  |TAMS 0x0000000745600000, 0x0000000745600000| Untracked 
| 282|0x0000000745800000, 0x0000000745a00000, 0x0000000745a00000|100%| O|  |TAMS 0x0000000745800000, 0x0000000745800000| Untracked 
| 283|0x0000000745a00000, 0x0000000745bc7000, 0x0000000745c00000| 88%| O|  |TAMS 0x0000000745a00000, 0x0000000745a00000| Untracked 
| 284|0x0000000745c00000, 0x0000000745c00000, 0x0000000745e00000|  0%| F|  |TAMS 0x0000000745c00000, 0x0000000745c00000| Untracked 
| 285|0x0000000745e00000, 0x0000000745e00000, 0x0000000746000000|  0%| F|  |TAMS 0x0000000745e00000, 0x0000000745e00000| Untracked 
| 286|0x0000000746000000, 0x0000000746000000, 0x0000000746200000|  0%| F|  |TAMS 0x0000000746000000, 0x0000000746000000| Untracked 
| 287|0x0000000746200000, 0x0000000746200000, 0x0000000746400000|  0%| F|  |TAMS 0x0000000746200000, 0x0000000746200000| Untracked 
| 288|0x0000000746400000, 0x0000000746400000, 0x0000000746600000|  0%| F|  |TAMS 0x0000000746400000, 0x0000000746400000| Untracked 
| 289|0x0000000746600000, 0x0000000746600000, 0x0000000746800000|  0%| F|  |TAMS 0x0000000746600000, 0x0000000746600000| Untracked 
| 290|0x0000000746800000, 0x0000000746800000, 0x0000000746a00000|  0%| F|  |TAMS 0x0000000746800000, 0x0000000746800000| Untracked 
| 291|0x0000000746a00000, 0x0000000746a00000, 0x0000000746c00000|  0%| F|  |TAMS 0x0000000746a00000, 0x0000000746a00000| Untracked 
| 292|0x0000000746c00000, 0x0000000746c00000, 0x0000000746e00000|  0%| F|  |TAMS 0x0000000746c00000, 0x0000000746c00000| Untracked 
| 293|0x0000000746e00000, 0x0000000746e00000, 0x0000000747000000|  0%| F|  |TAMS 0x0000000746e00000, 0x0000000746e00000| Untracked 
| 294|0x0000000747000000, 0x0000000747000000, 0x0000000747200000|  0%| F|  |TAMS 0x0000000747000000, 0x0000000747000000| Untracked 
| 295|0x0000000747200000, 0x0000000747200000, 0x0000000747400000|  0%| F|  |TAMS 0x0000000747200000, 0x0000000747200000| Untracked 
| 296|0x0000000747400000, 0x0000000747400000, 0x0000000747600000|  0%| F|  |TAMS 0x0000000747400000, 0x0000000747400000| Untracked 
| 297|0x0000000747600000, 0x0000000747600000, 0x0000000747800000|  0%| F|  |TAMS 0x0000000747600000, 0x0000000747600000| Untracked 
| 298|0x0000000747800000, 0x0000000747800000, 0x0000000747a00000|  0%| F|  |TAMS 0x0000000747800000, 0x0000000747800000| Untracked 
| 299|0x0000000747a00000, 0x0000000747a00000, 0x0000000747c00000|  0%| F|  |TAMS 0x0000000747a00000, 0x0000000747a00000| Untracked 
| 300|0x0000000747c00000, 0x0000000747e00000, 0x0000000747e00000|100%| S|CS|TAMS 0x0000000747c00000, 0x0000000747c00000| Complete 
| 301|0x0000000747e00000, 0x0000000748000000, 0x0000000748000000|100%| S|CS|TAMS 0x0000000747e00000, 0x0000000747e00000| Complete 
| 302|0x0000000748000000, 0x0000000748000000, 0x0000000748200000|  0%| F|  |TAMS 0x0000000748000000, 0x0000000748000000| Untracked 
| 303|0x0000000748200000, 0x0000000748200000, 0x0000000748400000|  0%| F|  |TAMS 0x0000000748200000, 0x0000000748200000| Untracked 
| 304|0x0000000748400000, 0x0000000748400000, 0x0000000748600000|  0%| F|  |TAMS 0x0000000748400000, 0x0000000748400000| Untracked 
| 305|0x0000000748600000, 0x0000000748600000, 0x0000000748800000|  0%| F|  |TAMS 0x0000000748600000, 0x0000000748600000| Untracked 
| 306|0x0000000748800000, 0x0000000748800000, 0x0000000748a00000|  0%| F|  |TAMS 0x0000000748800000, 0x0000000748800000| Untracked 
| 307|0x0000000748a00000, 0x0000000748a00000, 0x0000000748c00000|  0%| F|  |TAMS 0x0000000748a00000, 0x0000000748a00000| Untracked 
| 308|0x0000000748c00000, 0x0000000748c00000, 0x0000000748e00000|  0%| F|  |TAMS 0x0000000748c00000, 0x0000000748c00000| Untracked 
| 309|0x0000000748e00000, 0x0000000748e00000, 0x0000000749000000|  0%| F|  |TAMS 0x0000000748e00000, 0x0000000748e00000| Untracked 
| 310|0x0000000749000000, 0x0000000749000000, 0x0000000749200000|  0%| F|  |TAMS 0x0000000749000000, 0x0000000749000000| Untracked 
| 311|0x0000000749200000, 0x0000000749200000, 0x0000000749400000|  0%| F|  |TAMS 0x0000000749200000, 0x0000000749200000| Untracked 
| 312|0x0000000749400000, 0x0000000749400000, 0x0000000749600000|  0%| F|  |TAMS 0x0000000749400000, 0x0000000749400000| Untracked 
| 313|0x0000000749600000, 0x0000000749600000, 0x0000000749800000|  0%| F|  |TAMS 0x0000000749600000, 0x0000000749600000| Untracked 
| 314|0x0000000749800000, 0x0000000749800000, 0x0000000749a00000|  0%| F|  |TAMS 0x0000000749800000, 0x0000000749800000| Untracked 
| 315|0x0000000749a00000, 0x0000000749a00000, 0x0000000749c00000|  0%| F|  |TAMS 0x0000000749a00000, 0x0000000749a00000| Untracked 
| 316|0x0000000749c00000, 0x0000000749d70588, 0x0000000749e00000| 71%| E|  |TAMS 0x0000000749c00000, 0x0000000749c00000| Complete 

Card table byte_map: [0x000001dda8990000,0x000001dda9080000] _byte_map_base: 0x000001dda507e000

Marking Bits (Prev, Next): (CMBitMap*) 0x000001dd911f6ed0, (CMBitMap*) 0x000001dd911f6e90
 Prev Bits: [0x000001ddacee0000, 0x000001ddb0650000)
 Next Bits: [0x000001dda9770000, 0x000001ddacee0000)

Polling page: 0x000001dd90970000

Metaspace:

Usage:
  Non-class:     11.84 MB used.
      Class:      1.61 MB used.
       Both:     13.45 MB used.

Virtual space:
  Non-class space:       16.00 MB reserved,      12.00 MB ( 75%) committed,  2 nodes.
      Class space:        1.00 GB reserved,       1.69 MB ( <1%) committed,  1 nodes.
             Both:        1.02 GB reserved,      13.69 MB (  1%) committed. 

Chunk freelists:
   Non-Class:  48.00 KB
       Class:  2.21 MB
        Both:  2.26 MB

MaxMetaspaceSize: unlimited
CompressedClassSpaceSize: 1.00 GB
Initial GC threshold: 21.00 MB
Current GC threshold: 22.44 MB
CDS: on
MetaspaceReclaimPolicy: balanced
 - commit_granule_bytes: 65536.
 - commit_granule_words: 8192.
 - virtual_space_node_default_size: 1048576.
 - enlarge_chunks_in_place: 1.
 - new_chunks_are_fully_committed: 0.
 - uncommit_free_chunks: 1.
 - use_allocation_guard: 0.
 - handle_deallocations: 1.


Internal statistics:

num_allocs_failed_limit: 0.
num_arena_births: 172.
num_arena_deaths: 0.
num_vsnodes_births: 3.
num_vsnodes_deaths: 0.
num_space_committed: 219.
num_space_uncommitted: 0.
num_chunks_returned_to_freelist: 0.
num_chunks_taken_from_freelist: 572.
num_chunk_merges: 0.
num_chunk_splits: 408.
num_chunks_enlarged: 330.
num_purges: 0.
num_inconsistent_stats: 0.

CodeHeap 'non-profiled nmethods': size=119168Kb used=3444Kb max_used=3444Kb free=115723Kb
 bounds [0x000001dda05c0000, 0x000001dda0920000, 0x000001dda7a20000]
CodeHeap 'profiled nmethods': size=119104Kb used=6016Kb max_used=7683Kb free=113087Kb
 bounds [0x000001dd98a20000, 0x000001dd991c0000, 0x000001dd9fe70000]
CodeHeap 'non-nmethods': size=7488Kb used=1406Kb max_used=3173Kb free=6081Kb
 bounds [0x000001dd9fe70000, 0x000001dda0190000, 0x000001dda05c0000]
 total_blobs=4336 nmethods=3577 adapters=671
 compilation: enabled
              stopped_count=0, restarted_count=0
 full_count=0

Compilation events (20 events):
Event: 42.066 Thread 0x000001ddb4006ca0 4402       3       java.security.AccessControlContext::optimize (319 bytes)
Event: 42.074 Thread 0x000001ddb4006ca0 nmethod 4402 0x000001dd98d08f10 code [0x000001dd98d09280, 0x000001dd98d0a898]
Event: 42.102 Thread 0x000001ddb40052e0 4403       4       javafx.geometry.Point3D::<init> (26 bytes)
Event: 42.102 Thread 0x000001ddb40052e0 nmethod 4403 0x000001dda091b610 code [0x000001dda091b780, 0x000001dda091b818]
Event: 42.370 Thread 0x000001ddb40052e0 4404       4       com.sun.javafx.geom.transform.AffineBase::transform (40 bytes)
Event: 42.371 Thread 0x000001ddb40052e0 nmethod 4404 0x000001dda091b910 code [0x000001dda091bac0, 0x000001dda091bbd8]
Event: 42.484 Thread 0x000001ddb40052e0 4405       4       com.sun.javafx.geom.transform.Affine3D::transform (352 bytes)
Event: 42.485 Thread 0x000001ddb40052e0 nmethod 4405 0x000001dda091bd90 code [0x000001dda091bf40, 0x000001dda091c098]
Event: 42.853 Thread 0x000001ddb4006ca0 4406       3       javafx.animation.AnimationAccessorImpl::jumpTo (10 bytes)
Event: 42.854 Thread 0x000001ddb4006ca0 nmethod 4406 0x000001dd98cf2510 code [0x000001dd98cf26c0, 0x000001dd98cf28a8]
Event: 42.978 Thread 0x000001ddb40052e0 4407       4       com.sun.javafx.geom.DirtyRegionContainer::getDirtyRegion (7 bytes)
Event: 42.979 Thread 0x000001ddb40052e0 nmethod 4407 0x000001dda091c290 code [0x000001dda091c400, 0x000001dda091c4b8]
Event: 43.783 Thread 0x000001ddb4006ca0 4408       3       com.sun.prism.d3d.D3DGraphics::clear (46 bytes)
Event: 43.783 Thread 0x000001ddb4006ca0 nmethod 4408 0x000001dd98eefa90 code [0x000001dd98eefca0, 0x000001dd98ef0238]
Event: 44.262 Thread 0x000001ddb40052e0 4409       4       javafx.scene.Node::getTranslateX (19 bytes)
Event: 44.263 Thread 0x000001ddb40052e0 nmethod 4409 0x000001dda091c590 code [0x000001dda091c700, 0x000001dda091c7f8]
Event: 44.582 Thread 0x000001ddb40052e0 4410       4       com.sun.javafx.geom.RectBounds::contains (70 bytes)
Event: 44.583 Thread 0x000001ddb40052e0 nmethod 4410 0x000001dda091c910 code [0x000001dda091caa0, 0x000001dda091cc78]
Event: 44.820 Thread 0x000001ddb40052e0 4411   !   4       com.sun.scenario.animation.shared.AnimationAccessor::getDefault (66 bytes)
Event: 44.820 Thread 0x000001ddb40052e0 nmethod 4411 0x000001dda091ce10 code [0x000001dda091cf80, 0x000001dda091cff8]

GC Heap History (20 events):
Event: 27.700 GC heap before
{Heap before GC invocations=35 (full 0):
 garbage-first heap   total 649216K, used 418642K [0x0000000722400000, 0x0000000800000000)
  region size 2048K, 15 young (30720K), 2 survivors (4096K)
 Metaspace       used 13593K, committed 13760K, reserved 1064960K
  class space    used 1646K, committed 1728K, reserved 1048576K
}
Event: 27.706 GC heap after
{Heap after GC invocations=36 (full 0):
 garbage-first heap   total 649216K, used 399140K [0x0000000722400000, 0x0000000800000000)
  region size 2048K, 2 young (4096K), 2 survivors (4096K)
 Metaspace       used 13593K, committed 13760K, reserved 1064960K
  class space    used 1646K, committed 1728K, reserved 1048576K
}
Event: 30.943 GC heap before
{Heap before GC invocations=36 (full 0):
 garbage-first heap   total 649216K, used 493348K [0x0000000722400000, 0x0000000800000000)
  region size 2048K, 48 young (98304K), 2 survivors (4096K)
 Metaspace       used 13615K, committed 13824K, reserved 1064960K
  class space    used 1646K, committed 1728K, reserved 1048576K
}
Event: 30.954 GC heap after
{Heap after GC invocations=37 (full 0):
 garbage-first heap   total 649216K, used 436943K [0x0000000722400000, 0x0000000800000000)
  region size 2048K, 6 young (12288K), 6 survivors (12288K)
 Metaspace       used 13615K, committed 13824K, reserved 1064960K
  class space    used 1646K, committed 1728K, reserved 1048576K
}
Event: 32.393 GC heap before
{Heap before GC invocations=37 (full 0):
 garbage-first heap   total 649216K, used 504527K [0x0000000722400000, 0x0000000800000000)
  region size 2048K, 39 young (79872K), 6 survivors (12288K)
 Metaspace       used 13752K, committed 13888K, reserved 1064960K
  class space    used 1646K, committed 1728K, reserved 1048576K
}
Event: 32.403 GC heap after
{Heap after GC invocations=38 (full 0):
 garbage-first heap   total 649216K, used 466457K [0x0000000722400000, 0x0000000800000000)
  region size 2048K, 5 young (10240K), 5 survivors (10240K)
 Metaspace       used 13752K, committed 13888K, reserved 1064960K
  class space    used 1646K, committed 1728K, reserved 1048576K
}
Event: 36.106 GC heap before
{Heap before GC invocations=38 (full 0):
 garbage-first heap   total 649216K, used 523801K [0x0000000722400000, 0x0000000800000000)
  region size 2048K, 33 young (67584K), 5 survivors (10240K)
 Metaspace       used 13762K, committed 13952K, reserved 1064960K
  class space    used 1646K, committed 1728K, reserved 1048576K
}
Event: 36.117 GC heap after
{Heap after GC invocations=39 (full 0):
 garbage-first heap   total 649216K, used 494380K [0x0000000722400000, 0x0000000800000000)
  region size 2048K, 5 young (10240K), 5 survivors (10240K)
 Metaspace       used 13762K, committed 13952K, reserved 1064960K
  class space    used 1646K, committed 1728K, reserved 1048576K
}
Event: 38.749 GC heap before
{Heap before GC invocations=39 (full 0):
 garbage-first heap   total 649216K, used 537388K [0x0000000722400000, 0x0000000800000000)
  region size 2048K, 26 young (53248K), 5 survivors (10240K)
 Metaspace       used 13765K, committed 13952K, reserved 1064960K
  class space    used 1646K, committed 1728K, reserved 1048576K
}
Event: 38.759 GC heap after
{Heap after GC invocations=40 (full 0):
 garbage-first heap   total 649216K, used 517623K [0x0000000722400000, 0x0000000800000000)
  region size 2048K, 4 young (8192K), 4 survivors (8192K)
 Metaspace       used 13765K, committed 13952K, reserved 1064960K
  class space    used 1646K, committed 1728K, reserved 1048576K
}
Event: 39.460 GC heap before
{Heap before GC invocations=40 (full 0):
 garbage-first heap   total 649216K, used 548343K [0x0000000722400000, 0x0000000800000000)
  region size 2048K, 19 young (38912K), 4 survivors (8192K)
 Metaspace       used 13766K, committed 14016K, reserved 1064960K
  class space    used 1646K, committed 1728K, reserved 1048576K
}
Event: 39.468 GC heap after
{Heap after GC invocations=41 (full 0):
 garbage-first heap   total 649216K, used 533896K [0x0000000722400000, 0x0000000800000000)
  region size 2048K, 3 young (6144K), 3 survivors (6144K)
 Metaspace       used 13766K, committed 14016K, reserved 1064960K
  class space    used 1646K, committed 1728K, reserved 1048576K
}
Event: 42.066 GC heap before
{Heap before GC invocations=41 (full 0):
 garbage-first heap   total 649216K, used 558472K [0x0000000722400000, 0x0000000800000000)
  region size 2048K, 15 young (30720K), 3 survivors (6144K)
 Metaspace       used 13768K, committed 14016K, reserved 1064960K
  class space    used 1646K, committed 1728K, reserved 1048576K
}
Event: 42.073 GC heap after
{Heap after GC invocations=42 (full 0):
 garbage-first heap   total 649216K, used 547633K [0x0000000722400000, 0x0000000800000000)
  region size 2048K, 2 young (4096K), 2 survivors (4096K)
 Metaspace       used 13768K, committed 14016K, reserved 1064960K
  class space    used 1646K, committed 1728K, reserved 1048576K
}
Event: 43.268 GC heap before
{Heap before GC invocations=42 (full 0):
 garbage-first heap   total 649216K, used 574257K [0x0000000722400000, 0x0000000800000000)
  region size 2048K, 15 young (30720K), 2 survivors (4096K)
 Metaspace       used 13772K, committed 14016K, reserved 1064960K
  class space    used 1646K, committed 1728K, reserved 1048576K
}
Event: 43.275 GC heap after
{Heap after GC invocations=43 (full 0):
 garbage-first heap   total 649216K, used 562260K [0x0000000722400000, 0x0000000800000000)
  region size 2048K, 2 young (4096K), 2 survivors (4096K)
 Metaspace       used 13772K, committed 14016K, reserved 1064960K
  class space    used 1646K, committed 1728K, reserved 1048576K
}
Event: 44.070 GC heap before
{Heap before GC invocations=43 (full 0):
 garbage-first heap   total 649216K, used 588884K [0x0000000722400000, 0x0000000800000000)
  region size 2048K, 15 young (30720K), 2 survivors (4096K)
 Metaspace       used 13772K, committed 14016K, reserved 1064960K
  class space    used 1646K, committed 1728K, reserved 1048576K
}
Event: 44.076 GC heap after
{Heap after GC invocations=44 (full 0):
 garbage-first heap   total 649216K, used 574449K [0x0000000722400000, 0x0000000800000000)
  region size 2048K, 2 young (4096K), 2 survivors (4096K)
 Metaspace       used 13772K, committed 14016K, reserved 1064960K
  class space    used 1646K, committed 1728K, reserved 1048576K
}
Event: 44.865 GC heap before
{Heap before GC invocations=44 (full 0):
 garbage-first heap   total 649216K, used 601073K [0x0000000722400000, 0x0000000800000000)
  region size 2048K, 15 young (30720K), 2 survivors (4096K)
 Metaspace       used 13772K, committed 14016K, reserved 1064960K
  class space    used 1646K, committed 1728K, reserved 1048576K
}
Event: 44.872 GC heap after
{Heap after GC invocations=45 (full 0):
 garbage-first heap   total 649216K, used 585500K [0x0000000722400000, 0x0000000800000000)
  region size 2048K, 2 young (4096K), 2 survivors (4096K)
 Metaspace       used 13772K, committed 14016K, reserved 1064960K
  class space    used 1646K, committed 1728K, reserved 1048576K
}

Deoptimization events (20 events):
Event: 29.865 Thread 0x000001ddb4615d90 Uncommon trap: trap_request=0xffffff45 fr.pc=0x000001dda07c19e8 relative=0x0000000000000248
Event: 29.865 Thread 0x000001ddb4615d90 Uncommon trap: reason=unstable_if action=reinterpret pc=0x000001dda07c19e8 method=com.sun.prism.impl.shape.BasicRoundRectRep.notOnIntGrid(FFFF)Z @ 11 c2
Event: 29.865 Thread 0x000001ddb4615d90 DEOPT PACKING pc=0x000001dda07c19e8 sp=0x00000049a34fe570
Event: 29.866 Thread 0x000001ddb4615d90 DEOPT UNPACKING pc=0x000001dd9fec23a3 sp=0x00000049a34fe4a8 mode 2
Event: 29.928 Thread 0x000001ddb4bebee0 Uncommon trap: trap_request=0xffffff45 fr.pc=0x000001dda089dda4 relative=0x0000000000000304
Event: 29.928 Thread 0x000001ddb4bebee0 Uncommon trap: reason=unstable_if action=reinterpret pc=0x000001dda089dda4 method=javafx.scene.Node$NodeTransformation.translateYProperty()Ljavafx/beans/property/DoubleProperty; @ 4 c2
Event: 29.928 Thread 0x000001ddb4bebee0 DEOPT PACKING pc=0x000001dda089dda4 sp=0x00000049a37fdf50
Event: 29.928 Thread 0x000001ddb4bebee0 DEOPT UNPACKING pc=0x000001dd9fec23a3 sp=0x00000049a37fdeb0 mode 2
Event: 29.952 Thread 0x000001ddb4bebee0 Uncommon trap: trap_request=0xffffff45 fr.pc=0x000001dda085e72c relative=0x000000000000018c
Event: 29.952 Thread 0x000001ddb4bebee0 Uncommon trap: reason=unstable_if action=reinterpret pc=0x000001dda085e72c method=javafx.scene.Node$NodeTransformation.translateYProperty()Ljavafx/beans/property/DoubleProperty; @ 4 c2
Event: 29.952 Thread 0x000001ddb4bebee0 DEOPT PACKING pc=0x000001dda085e72c sp=0x00000049a37fdf10
Event: 29.952 Thread 0x000001ddb4bebee0 DEOPT UNPACKING pc=0x000001dd9fec23a3 sp=0x00000049a37fdec8 mode 2
Event: 33.212 Thread 0x000001ddb4615d90 Uncommon trap: trap_request=0xffffff45 fr.pc=0x000001dda0905c94 relative=0x0000000000000334
Event: 33.212 Thread 0x000001ddb4615d90 Uncommon trap: reason=unstable_if action=reinterpret pc=0x000001dda0905c94 method=com.sun.prism.impl.shape.BasicRoundRectRep.notOnIntGrid(FFFF)Z @ 18 c2
Event: 33.212 Thread 0x000001ddb4615d90 DEOPT PACKING pc=0x000001dda0905c94 sp=0x00000049a34fe310
Event: 33.212 Thread 0x000001ddb4615d90 DEOPT UNPACKING pc=0x000001dd9fec23a3 sp=0x00000049a34fe158 mode 2
Event: 35.044 Thread 0x000001ddb4615d90 Uncommon trap: trap_request=0xffffff45 fr.pc=0x000001dda0907acc relative=0x000000000000030c
Event: 35.044 Thread 0x000001ddb4615d90 Uncommon trap: reason=unstable_if action=reinterpret pc=0x000001dda0907acc method=com.sun.prism.impl.shape.BasicRoundRectRep.notOnIntGrid(FFFF)Z @ 18 c2
Event: 35.044 Thread 0x000001ddb4615d90 DEOPT PACKING pc=0x000001dda0907acc sp=0x00000049a34fe2d0
Event: 35.044 Thread 0x000001ddb4615d90 DEOPT UNPACKING pc=0x000001dd9fec23a3 sp=0x00000049a34fe1a0 mode 2

Classes unloaded (0 events):
No events

Classes redefined (0 events):
No events

Internal exceptions (20 events):
Event: 0.336 Thread 0x000001dd91192be0 Exception <a 'java/lang/NoSuchMethodError'{0x000000072f1ec1d0}: 'int java.lang.invoke.DirectMethodHandle$Holder.invokeStaticInit(java.lang.Object, java.lang.Object, java.lang.Object)'> (0x000000072f1ec1d0) 
thrown [s\open\src\hotspot\share\interpreter\linkResolver.cpp, line 759]
Event: 0.349 Thread 0x000001dd91192be0 Exception <a 'java/lang/NoSuchMethodError'{0x000000072ef21d48}: 'java.lang.Object java.lang.invoke.DirectMethodHandle$Holder.newInvokeSpecial(java.lang.Object, java.lang.Object, int, java.lang.Object)'> (0x000000072ef21d48) 
thrown [s\open\src\hotspot\share\interpreter\linkResolver.cpp, line 759]
Event: 0.349 Thread 0x000001dd91192be0 Exception <a 'java/lang/NoSuchMethodError'{0x000000072ef26128}: 'java.lang.Object java.lang.invoke.DirectMethodHandle$Holder.invokeSpecial(java.lang.Object, java.lang.Object, java.lang.Object, int, java.lang.Object)'> (0x000000072ef26128) 
thrown [s\open\src\hotspot\share\interpreter\linkResolver.cpp, line 759]
Event: 0.386 Thread 0x000001ddb4bebee0 Exception <a 'java/lang/NoSuchMethodError'{0x000000073003e628}: 'void java.lang.invoke.DirectMethodHandle$Holder.invokeStaticInit(java.lang.Object)'> (0x000000073003e628) 
thrown [s\open\src\hotspot\share\interpreter\linkResolver.cpp, line 759]
Event: 0.388 Thread 0x000001dd91192be0 Exception <a 'java/lang/NoSuchMethodError'{0x0000000730120250}: 'java.lang.Object java.lang.invoke.DirectMethodHandle$Holder.newInvokeSpecial(java.lang.Object, java.lang.Object, java.lang.Object, java.lang.Object, java.lang.Object, java.lang.Object)'> (0x0000000730120250) 
thrown [s\open\src\hotspot\share\interpreter\linkResolver.cpp, line 759]
Event: 0.402 Thread 0x000001dd91192be0 Exception <a 'java/lang/NoSuchMethodError'{0x000000072ff407b0}: 'java.lang.Object java.lang.invoke.DirectMethodHandle$Holder.newInvokeSpecial(java.lang.Object, java.lang.Object, java.lang.Object, java.lang.Object, java.lang.Object)'> (0x000000072ff407b0) 
thrown [s\open\src\hotspot\share\interpreter\linkResolver.cpp, line 759]
Event: 0.423 Thread 0x000001ddb4bebee0 Exception <a 'sun/nio/fs/WindowsException'{0x000000072fdf75b8}> (0x000000072fdf75b8) 
thrown [s\open\src\hotspot\share\prims\jni.cpp, line 516]
Event: 0.448 Thread 0x000001ddb4bebee0 Exception <a 'java/lang/NoSuchMethodError'{0x000000072f864028}: 'java.lang.Object java.lang.invoke.DirectMethodHandle$Holder.invokeStaticInit(java.lang.Object, java.lang.Object, java.lang.Object, java.lang.Object)'> (0x000000072f864028) 
thrown [s\open\src\hotspot\share\interpreter\linkResolver.cpp, line 759]
Event: 0.448 Thread 0x000001ddb4bebee0 Exception <a 'java/lang/NullPointerException'{0x000000072f86ff38}> (0x000000072f86ff38) 
thrown [s\open\src\hotspot\share\interpreter\linkResolver.cpp, line 1350]
Event: 0.477 Thread 0x000001ddb4bebee0 Exception <a 'sun/nio/fs/WindowsException'{0x000000072f4580d8}> (0x000000072f4580d8) 
thrown [s\open\src\hotspot\share\prims\jni.cpp, line 516]
Event: 1.188 Thread 0x000001ddb4bebee0 Exception <a 'sun/nio/fs/WindowsException'{0x000000072eb0ad18}> (0x000000072eb0ad18) 
thrown [s\open\src\hotspot\share\prims\jni.cpp, line 516]
Event: 1.197 Thread 0x000001ddb4bebee0 Implicit null exception at 0x000001dda06983cd to 0x000001dda0698424
Event: 1.290 Thread 0x000001ddb4bebee0 Exception <a 'java/lang/NoSuchMethodError'{0x000000072e42cf10}: 'java.lang.Object java.lang.invoke.DirectMethodHandle$Holder.newInvokeSpecial(java.lang.Object, java.lang.Object, int)'> (0x000000072e42cf10) 
thrown [s\open\src\hotspot\share\interpreter\linkResolver.cpp, line 759]
Event: 1.349 Thread 0x000001ddb4615d90 Exception <a 'java/lang/NoSuchMethodError'{0x000000072e2ee8e0}: 'int java.lang.invoke.DirectMethodHandle$Holder.invokeStaticInit(java.lang.Object, java.lang.Object)'> (0x000000072e2ee8e0) 
thrown [s\open\src\hotspot\share\interpreter\linkResolver.cpp, line 759]
Event: 1.555 Thread 0x000001ddb4615d90 Implicit null exception at 0x000001dda06eecfa to 0x000001dda06eee8c
Event: 4.023 Thread 0x000001ddb4bebee0 Exception <a 'java/lang/NoSuchMethodError'{0x000000072dea7d30}: 'long java.lang.invoke.DirectMethodHandle$Holder.invokeStatic(java.lang.Object, java.lang.Object, java.lang.Object)'> (0x000000072dea7d30) 
thrown [s\open\src\hotspot\share\interpreter\linkResolver.cpp, line 759]
Event: 4.023 Thread 0x000001ddb4bebee0 Exception <a 'java/lang/NoSuchMethodError'{0x000000072deab4d8}: 'long java.lang.invoke.DirectMethodHandle$Holder.invokeStaticInit(java.lang.Object, java.lang.Object, java.lang.Object)'> (0x000000072deab4d8) 
thrown [s\open\src\hotspot\share\interpreter\linkResolver.cpp, line 759]
Event: 4.024 Thread 0x000001ddb4bebee0 Exception <a 'java/lang/NoSuchMethodError'{0x000000072dec30e0}: 'java.lang.Object java.lang.invoke.DirectMethodHandle$Holder.newInvokeSpecial(java.lang.Object, java.lang.Object, long)'> (0x000000072dec30e0) 
thrown [s\open\src\hotspot\share\interpreter\linkResolver.cpp, line 759]
Event: 4.024 Thread 0x000001ddb4bebee0 Exception <a 'java/lang/NoSuchMethodError'{0x000000072dec6c50}: 'java.lang.Object java.lang.invoke.Invokers$Holder.linkToTargetMethod(java.lang.Object, long, java.lang.Object)'> (0x000000072dec6c50) 
thrown [s\open\src\hotspot\share\interpreter\linkResolver.cpp, line 759]
Event: 4.048 Thread 0x000001ddb4bebee0 Implicit null exception at 0x000001dda06bc4ad to 0x000001dda06bc92c

VM Operations (20 events):
Event: 35.405 Executing VM operation: Cleanup done
Event: 36.106 Executing VM operation: G1CollectForAllocation
Event: 36.117 Executing VM operation: G1CollectForAllocation done
Event: 38.749 Executing VM operation: G1CollectForAllocation
Event: 38.759 Executing VM operation: G1CollectForAllocation done
Event: 39.460 Executing VM operation: G1CollectForAllocation
Event: 39.468 Executing VM operation: G1CollectForAllocation done
Event: 41.469 Executing VM operation: Cleanup
Event: 41.469 Executing VM operation: Cleanup done
Event: 42.066 Executing VM operation: G1CollectForAllocation
Event: 42.073 Executing VM operation: G1CollectForAllocation done
Event: 43.074 Executing VM operation: Cleanup
Event: 43.074 Executing VM operation: Cleanup done
Event: 43.268 Executing VM operation: G1CollectForAllocation
Event: 43.275 Executing VM operation: G1CollectForAllocation done
Event: 44.070 Executing VM operation: G1CollectForAllocation
Event: 44.076 Executing VM operation: G1CollectForAllocation done
Event: 44.865 Executing VM operation: G1CollectForAllocation
Event: 44.872 Executing VM operation: G1CollectForAllocation done
Event: 44.932 Executing VM operation: G1Concurrent

Events (20 events):
Event: 14.824 Thread 0x000001ddb400dfe0 flushing nmethod 0x000001dd9910dd10
Event: 14.824 Thread 0x000001ddb400dfe0 flushing nmethod 0x000001dd9910e110
Event: 14.824 Thread 0x000001ddb400dfe0 flushing nmethod 0x000001dd9910e710
Event: 14.824 Thread 0x000001ddb400dfe0 flushing nmethod 0x000001dd9910f010
Event: 14.824 Thread 0x000001ddb400dfe0 flushing nmethod 0x000001dd9910fb90
Event: 14.824 Thread 0x000001ddb400dfe0 flushing nmethod 0x000001dd99110710
Event: 14.824 Thread 0x000001ddb400dfe0 flushing nmethod 0x000001dd99111790
Event: 14.824 Thread 0x000001ddb400dfe0 flushing nmethod 0x000001dd99112110
Event: 14.824 Thread 0x000001ddb400dfe0 flushing nmethod 0x000001dd99113790
Event: 14.824 Thread 0x000001ddb400dfe0 flushing nmethod 0x000001dd9914de90
Event: 14.824 Thread 0x000001ddb400dfe0 flushing nmethod 0x000001dd9914fe90
Event: 14.824 Thread 0x000001ddb400dfe0 flushing nmethod 0x000001dd99175e10
Event: 14.824 Thread 0x000001ddb400dfe0 flushing nmethod 0x000001dd99177210
Event: 14.824 Thread 0x000001ddb400dfe0 flushing nmethod 0x000001dd99178c10
Event: 14.824 Thread 0x000001ddb400dfe0 flushing nmethod 0x000001dd99185810
Event: 14.932 Thread 0x000001ddb5779410 Thread added: 0x000001ddb5779410
Event: 15.696 Thread 0x000001ddb5779410 Thread exited: 0x000001ddb5779410
Event: 16.013 Thread 0x000001ddb4932ff0 Thread exited: 0x000001ddb4932ff0
Event: 17.807 Thread 0x000001ddb5779410 Thread added: 0x000001ddb5779410
Event: 19.308 Thread 0x000001ddb5779410 Thread exited: 0x000001ddb5779410


Dynamic libraries:
0x00007ff6af880000 - 0x00007ff6af890000 	C:\Program Files\Java\jdk-17\bin\java.exe
0x00007ffe4e060000 - 0x00007ffe4e269000 	C:\Windows\SYSTEM32\ntdll.dll
0x00007ffe4d510000 - 0x00007ffe4d5ce000 	C:\Windows\System32\KERNEL32.DLL
0x00007ffe4bb40000 - 0x00007ffe4bec4000 	C:\Windows\System32\KERNELBASE.dll
0x00007ffe4b510000 - 0x00007ffe4b621000 	C:\Windows\System32\ucrtbase.dll
0x00007ffddebf0000 - 0x00007ffddec08000 	C:\Program Files\Java\jdk-17\bin\jli.dll
0x00007ffe311f0000 - 0x00007ffe3120b000 	C:\Program Files\Java\jdk-17\bin\VCRUNTIME140.dll
0x00007ffe4dee0000 - 0x00007ffe4df8f000 	C:\Windows\System32\ADVAPI32.dll
0x00007ffe4de00000 - 0x00007ffe4dea3000 	C:\Windows\System32\msvcrt.dll
0x00007ffe4ca10000 - 0x00007ffe4caae000 	C:\Windows\System32\sechost.dll
0x00007ffe4cab0000 - 0x00007ffe4cbd1000 	C:\Windows\System32\RPCRT4.dll
0x00007ffe4d5d0000 - 0x00007ffe4d77d000 	C:\Windows\System32\USER32.dll
0x00007ffe37540000 - 0x00007ffe377e5000 	C:\Windows\WinSxS\amd64_microsoft.windows.common-controls_6595b64144ccf1df_6.0.22000.120_none_9d947278b86cc467\COMCTL32.dll
0x00007ffe4b940000 - 0x00007ffe4b966000 	C:\Windows\System32\win32u.dll
0x00007ffe4dcc0000 - 0x00007ffe4dcea000 	C:\Windows\System32\GDI32.dll
0x00007ffe4b7a0000 - 0x00007ffe4b8bf000 	C:\Windows\System32\gdi32full.dll
0x00007ffe4b970000 - 0x00007ffe4ba0d000 	C:\Windows\System32\msvcp_win.dll
0x00007ffe442f0000 - 0x00007ffe442fa000 	C:\Windows\SYSTEM32\VERSION.dll
0x00007ffe4d4d0000 - 0x00007ffe4d501000 	C:\Windows\System32\IMM32.DLL
0x00007ffe34890000 - 0x00007ffe3489c000 	C:\Program Files\Java\jdk-17\bin\vcruntime140_1.dll
0x00007ffddb0c0000 - 0x00007ffddb14e000 	C:\Program Files\Java\jdk-17\bin\msvcp140.dll
0x00007ffdda4e0000 - 0x00007ffddb0b7000 	C:\Program Files\Java\jdk-17\bin\server\jvm.dll
0x00007ffe4cbe0000 - 0x00007ffe4cbe8000 	C:\Windows\System32\PSAPI.DLL
0x00007ffdfa430000 - 0x00007ffdfa439000 	C:\Windows\SYSTEM32\WSOCK32.dll
0x00007ffe42550000 - 0x00007ffe42583000 	C:\Windows\SYSTEM32\WINMM.dll
0x00007ffe4dc40000 - 0x00007ffe4dcaf000 	C:\Windows\System32\WS2_32.dll
0x00007ffe4a640000 - 0x00007ffe4a658000 	C:\Windows\SYSTEM32\kernel.appcore.dll
0x00007ffe31c40000 - 0x00007ffe31c4a000 	C:\Program Files\Java\jdk-17\bin\jimage.dll
0x00007ffe49200000 - 0x00007ffe49421000 	C:\Windows\SYSTEM32\DBGHELP.DLL
0x00007ffe31160000 - 0x00007ffe31191000 	C:\Windows\SYSTEM32\dbgcore.DLL
0x00007ffe4b8c0000 - 0x00007ffe4b93f000 	C:\Windows\System32\bcryptPrimitives.dll
0x00007ffe47af0000 - 0x00007ffe47afe000 	C:\Program Files\Java\jdk-17\bin\instrument.dll
0x00007ffdda4b0000 - 0x00007ffdda4d5000 	C:\Program Files\Java\jdk-17\bin\java.dll
0x00007ffddcdf0000 - 0x00007ffddcec7000 	C:\Program Files\Java\jdk-17\bin\jsvml.dll
0x00007ffe4c030000 - 0x00007ffe4c7f5000 	C:\Windows\System32\SHELL32.dll
0x00007ffe495c0000 - 0x00007ffe49e24000 	C:\Windows\SYSTEM32\windows.storage.dll
0x00007ffe4d060000 - 0x00007ffe4d3d6000 	C:\Windows\System32\combase.dll
0x00007ffe49450000 - 0x00007ffe495b7000 	C:\Windows\SYSTEM32\wintypes.dll
0x00007ffe4d930000 - 0x00007ffe4da1a000 	C:\Windows\System32\SHCORE.dll
0x00007ffe4dbe0000 - 0x00007ffe4dc3d000 	C:\Windows\System32\shlwapi.dll
0x00007ffe4b440000 - 0x00007ffe4b461000 	C:\Windows\SYSTEM32\profapi.dll
0x00007ffddebd0000 - 0x00007ffddebe9000 	C:\Program Files\Java\jdk-17\bin\net.dll
0x00007ffe45220000 - 0x00007ffe45333000 	C:\Windows\SYSTEM32\WINHTTP.dll
0x00007ffe4aad0000 - 0x00007ffe4ab37000 	C:\Windows\system32\mswsock.dll
0x00007ffe31bd0000 - 0x00007ffe31be6000 	C:\Program Files\Java\jdk-17\bin\nio.dll
0x00007ffddd1f0000 - 0x00007ffddd208000 	C:\Program Files\Java\jdk-17\bin\zip.dll
0x00007ffe39500000 - 0x00007ffe3951a000 	C:\Program Files\JetBrains\IntelliJ IDEA 2022.2\bin\breakgen64.dll
0x000001dd910f0000 - 0x000001dd910f3000 	C:\Users\Ausu\.openjfx\cache\17.0.2-ea\api-ms-win-core-console-l1-1-0.dll
0x000001dd91100000 - 0x000001dd91103000 	C:\Users\Ausu\.openjfx\cache\17.0.2-ea\api-ms-win-core-console-l1-2-0.dll
0x000001dd91110000 - 0x000001dd91113000 	C:\Users\Ausu\.openjfx\cache\17.0.2-ea\api-ms-win-core-datetime-l1-1-0.dll
0x000001dd91120000 - 0x000001dd91123000 	C:\Users\Ausu\.openjfx\cache\17.0.2-ea\api-ms-win-core-debug-l1-1-0.dll
0x000001dd91130000 - 0x000001dd91133000 	C:\Users\Ausu\.openjfx\cache\17.0.2-ea\api-ms-win-core-errorhandling-l1-1-0.dll
0x000001dd91140000 - 0x000001dd91144000 	C:\Users\Ausu\.openjfx\cache\17.0.2-ea\api-ms-win-core-file-l1-1-0.dll
0x000001dd91150000 - 0x000001dd91153000 	C:\Users\Ausu\.openjfx\cache\17.0.2-ea\api-ms-win-core-file-l1-2-0.dll
0x000001dd91160000 - 0x000001dd91163000 	C:\Users\Ausu\.openjfx\cache\17.0.2-ea\api-ms-win-core-file-l2-1-0.dll
0x000001ddb37d0000 - 0x000001ddb37d3000 	C:\Users\Ausu\.openjfx\cache\17.0.2-ea\api-ms-win-core-handle-l1-1-0.dll
0x000001ddb37e0000 - 0x000001ddb37e3000 	C:\Users\Ausu\.openjfx\cache\17.0.2-ea\api-ms-win-core-heap-l1-1-0.dll
0x000001ddb37f0000 - 0x000001ddb37f3000 	C:\Users\Ausu\.openjfx\cache\17.0.2-ea\api-ms-win-core-interlocked-l1-1-0.dll
0x000001ddb5cd0000 - 0x000001ddb5cd3000 	C:\Users\Ausu\.openjfx\cache\17.0.2-ea\api-ms-win-core-libraryloader-l1-1-0.dll
0x000001ddb5ce0000 - 0x000001ddb5ce3000 	C:\Users\Ausu\.openjfx\cache\17.0.2-ea\api-ms-win-core-localization-l1-2-0.dll
0x000001ddb5cf0000 - 0x000001ddb5cf3000 	C:\Users\Ausu\.openjfx\cache\17.0.2-ea\api-ms-win-core-memory-l1-1-0.dll
0x000001ddb5d00000 - 0x000001ddb5d03000 	C:\Users\Ausu\.openjfx\cache\17.0.2-ea\api-ms-win-core-namedpipe-l1-1-0.dll
0x000001ddb5d10000 - 0x000001ddb5d13000 	C:\Users\Ausu\.openjfx\cache\17.0.2-ea\api-ms-win-core-processenvironment-l1-1-0.dll
0x000001ddb5d20000 - 0x000001ddb5d23000 	C:\Users\Ausu\.openjfx\cache\17.0.2-ea\api-ms-win-core-processthreads-l1-1-0.dll
0x000001ddb5d30000 - 0x000001ddb5d33000 	C:\Users\Ausu\.openjfx\cache\17.0.2-ea\api-ms-win-core-processthreads-l1-1-1.dll
0x000001ddb5d40000 - 0x000001ddb5d43000 	C:\Users\Ausu\.openjfx\cache\17.0.2-ea\api-ms-win-core-profile-l1-1-0.dll
0x000001ddb5d50000 - 0x000001ddb5d53000 	C:\Users\Ausu\.openjfx\cache\17.0.2-ea\api-ms-win-core-rtlsupport-l1-1-0.dll
0x000001ddb5d60000 - 0x000001ddb5d63000 	C:\Users\Ausu\.openjfx\cache\17.0.2-ea\api-ms-win-core-string-l1-1-0.dll
0x000001ddb5d70000 - 0x000001ddb5d73000 	C:\Users\Ausu\.openjfx\cache\17.0.2-ea\api-ms-win-core-synch-l1-1-0.dll
0x000001ddb5d80000 - 0x000001ddb5d83000 	C:\Users\Ausu\.openjfx\cache\17.0.2-ea\api-ms-win-core-synch-l1-2-0.dll
0x000001ddb5d90000 - 0x000001ddb5d93000 	C:\Users\Ausu\.openjfx\cache\17.0.2-ea\api-ms-win-core-sysinfo-l1-1-0.dll
0x000001ddb5da0000 - 0x000001ddb5da3000 	C:\Users\Ausu\.openjfx\cache\17.0.2-ea\api-ms-win-core-timezone-l1-1-0.dll
0x000001ddb5db0000 - 0x000001ddb5db3000 	C:\Users\Ausu\.openjfx\cache\17.0.2-ea\api-ms-win-core-util-l1-1-0.dll
0x000001ddb5dc0000 - 0x000001ddb5dc3000 	C:\Users\Ausu\.openjfx\cache\17.0.2-ea\api-ms-win-crt-conio-l1-1-0.dll
0x000001ddb5dd0000 - 0x000001ddb5dd4000 	C:\Users\Ausu\.openjfx\cache\17.0.2-ea\api-ms-win-crt-convert-l1-1-0.dll
0x000001ddb5de0000 - 0x000001ddb5de3000 	C:\Users\Ausu\.openjfx\cache\17.0.2-ea\api-ms-win-crt-environment-l1-1-0.dll
0x000001ddb5df0000 - 0x000001ddb5df3000 	C:\Users\Ausu\.openjfx\cache\17.0.2-ea\api-ms-win-crt-filesystem-l1-1-0.dll
0x000001ddb5e00000 - 0x000001ddb5e03000 	C:\Users\Ausu\.openjfx\cache\17.0.2-ea\api-ms-win-crt-heap-l1-1-0.dll
0x000001ddb5e10000 - 0x000001ddb5e13000 	C:\Users\Ausu\.openjfx\cache\17.0.2-ea\api-ms-win-crt-locale-l1-1-0.dll
0x000001ddb5e20000 - 0x000001ddb5e25000 	C:\Users\Ausu\.openjfx\cache\17.0.2-ea\api-ms-win-crt-math-l1-1-0.dll
0x000001ddb5e30000 - 0x000001ddb5e35000 	C:\Users\Ausu\.openjfx\cache\17.0.2-ea\api-ms-win-crt-multibyte-l1-1-0.dll
0x000001ddb5e40000 - 0x000001ddb5e50000 	C:\Users\Ausu\.openjfx\cache\17.0.2-ea\api-ms-win-crt-private-l1-1-0.dll
0x000001ddb5e50000 - 0x000001ddb5e53000 	C:\Users\Ausu\.openjfx\cache\17.0.2-ea\api-ms-win-crt-process-l1-1-0.dll
0x000001ddb5e60000 - 0x000001ddb5e64000 	C:\Users\Ausu\.openjfx\cache\17.0.2-ea\api-ms-win-crt-runtime-l1-1-0.dll
0x000001ddb5e70000 - 0x000001ddb5e74000 	C:\Users\Ausu\.openjfx\cache\17.0.2-ea\api-ms-win-crt-stdio-l1-1-0.dll
0x000001ddb5e80000 - 0x000001ddb5e84000 	C:\Users\Ausu\.openjfx\cache\17.0.2-ea\api-ms-win-crt-string-l1-1-0.dll
0x000001ddb5e90000 - 0x000001ddb5e93000 	C:\Users\Ausu\.openjfx\cache\17.0.2-ea\api-ms-win-crt-time-l1-1-0.dll
0x000001ddb5ea0000 - 0x000001ddb5ea3000 	C:\Users\Ausu\.openjfx\cache\17.0.2-ea\api-ms-win-crt-utility-l1-1-0.dll
0x00007ffdda0c0000 - 0x00007ffdda1bc000 	C:\Users\Ausu\.openjfx\cache\17.0.2-ea\ucrtbase.dll
0x00007ffe394e0000 - 0x00007ffe394fa000 	C:\Users\Ausu\.openjfx\cache\17.0.2-ea\vcruntime140.dll
0x00007ffe39e60000 - 0x00007ffe39e6c000 	C:\Users\Ausu\.openjfx\cache\17.0.2-ea\vcruntime140_1.dll
0x00007ffe1b060000 - 0x00007ffe1b0ed000 	C:\Users\Ausu\.openjfx\cache\17.0.2-ea\msvcp140.dll
0x00007ffe39460000 - 0x00007ffe3948a000 	C:\Users\Ausu\.openjfx\cache\17.0.2-ea\prism_d3d.dll
0x00007ffe3d440000 - 0x00007ffe3d5e6000 	C:\Windows\system32\d3d9.dll
0x00007ffe48bd0000 - 0x00007ffe48bff000 	C:\Windows\SYSTEM32\dwmapi.dll
0x00007ffe48a50000 - 0x00007ffe48a88000 	C:\Windows\SYSTEM32\dxcore.dll
0x00007ffe487a0000 - 0x00007ffe4884c000 	C:\Windows\system32\uxtheme.dll
0x00007ffe42120000 - 0x00007ffe422da000 	C:\Windows\System32\DriverStore\FileRepository\u0381698.inf_amd64_c210a171e1a050ef\B381591\aticfx64.dll
0x00007ffe39420000 - 0x00007ffe39454000 	C:\Windows\System32\DriverStore\FileRepository\u0381698.inf_amd64_c210a171e1a050ef\B381591\atiu9p64.dll
0x00007ffdbc000000 - 0x00007ffdbcd56000 	C:\Windows\System32\DriverStore\FileRepository\u0381698.inf_amd64_c210a171e1a050ef\B381591\atiumd64.dll
0x00007ffe4d780000 - 0x00007ffe4d91a000 	C:\Windows\System32\ole32.dll
0x00000000762f0000 - 0x00000000771af000 	C:\Windows\System32\DriverStore\FileRepository\u0381698.inf_amd64_c210a171e1a050ef\B381591\atiumd6a.dll
0x00007ffe4cbf0000 - 0x00007ffe4d05c000 	C:\Windows\System32\SETUPAPI.dll
0x00007ffe49e40000 - 0x00007ffe49e8d000 	C:\Windows\SYSTEM32\POWRPROF.dll
0x00007ffe49f30000 - 0x00007ffe49f43000 	C:\Windows\SYSTEM32\UMPDC.dll
0x00007ffe41730000 - 0x00007ffe41760000 	C:\Windows\SYSTEM32\amdihk64.dll
0x00007ffe46610000 - 0x00007ffe46654000 	C:\Windows\SYSTEM32\directxdatabasehelper.dll
0x00007ffe4a660000 - 0x00007ffe4a694000 	C:\Windows\SYSTEM32\ntmarta.dll
0x00007ffdfdda0000 - 0x00007ffdfdde2000 	C:\Users\Ausu\.openjfx\cache\17.0.2-ea\glass.dll
0x00007ffe4c800000 - 0x00007ffe4c8ec000 	C:\Windows\System32\COMDLG32.dll
0x00007ffe4bf50000 - 0x00007ffe4c026000 	C:\Windows\System32\OLEAUT32.dll
0x00007ffe4c8f0000 - 0x00007ffe4ca0d000 	C:\Windows\System32\MSCTF.dll
0x00007ffe38e60000 - 0x00007ffe38e74000 	C:\Users\Ausu\.openjfx\cache\17.0.2-ea\javafx_font.dll
0x00007ffe30dd0000 - 0x00007ffe3102f000 	C:\Windows\SYSTEM32\dwrite.dll
0x00007ffe4dcf0000 - 0x00007ffe4dd9f000 	C:\Windows\System32\clbcatq.dll
0x00007ffe44360000 - 0x00007ffe4450e000 	C:\Windows\SYSTEM32\WindowsCodecs.dll
0x00007ffe1eb40000 - 0x00007ffe1eb9d000 	C:\Windows\system32\dataexchange.dll
0x00007ffe43060000 - 0x00007ffe432c6000 	C:\Windows\system32\twinapi.appcore.dll
0x00007ffe35c40000 - 0x00007ffe35c72000 	C:\Program Files\Common Files\Microsoft Shared\Ink\rtscom.dll
0x00007ffe2dc00000 - 0x00007ffe2dd2c000 	C:\Windows\SYSTEM32\textinputframework.dll
0x00007ffe483b0000 - 0x00007ffe484e1000 	C:\Windows\SYSTEM32\CoreMessaging.dll
0x00007ffe456e0000 - 0x00007ffe45a4d000 	C:\Windows\SYSTEM32\CoreUIComponents.dll
0x00007ffe4acc0000 - 0x00007ffe4accc000 	C:\Windows\SYSTEM32\CRYPTBASE.DLL
0x00007ffe37390000 - 0x00007ffe373f9000 	C:\Windows\system32\Oleacc.dll

dbghelp: loaded successfully - version: 4.0.5 - missing functions: none
symbol engine: initialized successfully - sym options: 0x614 - pdb path: .;C:\Program Files\Java\jdk-17\bin;C:\Windows\SYSTEM32;C:\Windows\WinSxS\amd64_microsoft.windows.common-controls_6595b64144ccf1df_6.0.22000.120_none_9d947278b86cc467;C:\Program Files\Java\jdk-17\bin\server;C:\Program Files\JetBrains\IntelliJ IDEA 2022.2\bin;C:\Users\Ausu\.openjfx\cache\17.0.2-ea;C:\Windows\System32\DriverStore\FileRepository\u0381698.inf_amd64_c210a171e1a050ef\B381591;C:\Program Files\Common Files\Microsoft Shared\Ink

VM Arguments:
jvm_args: -javaagent:C:\Program Files\JetBrains\IntelliJ IDEA 2022.2\lib\idea_rt.jar=5812:C:\Program Files\JetBrains\IntelliJ IDEA 2022.2\bin -Dfile.encoding=UTF-8 --module-path=C:\Users\Ausu\.m2\repository\commons-codec\commons-codec\1.15\commons-codec-1.15.jar;C:\Users\Ausu\.m2\repository\com\google\code\gson\gson\2.10.1\gson-2.10.1.jar;C:\Users\Ausu\.m2\repository\org\openjfx\javafx-media\16\javafx-media-16-win.jar;C:\Users\Ausu\.m2\repository\org\openjfx\javafx-fxml\17.0.2\javafx-fxml-17.0.2-win.jar;C:\Users\Ausu\.m2\repository\org\openjfx\javafx-graphics\17.0.2\javafx-graphics-17.0.2-win.jar;C:\Users\Ausu\.m2\repository\org\projectlombok\lombok\1.18.26\lombok-1.18.26.jar;C:\Users\Ausu\.m2\repository\org\openjfx\javafx-base\17.0.2\javafx-base-17.0.2-win.jar;D:\University\Semester2\project-group-09\crusader\target\classes;C:\Users\Ausu\.m2\repository\org\openjfx\javafx-controls\17.0.2\javafx-controls-17.0.2-win.jar -Djdk.module.main=crusader 
java_command: crusader/view.menus.GameMenu
java_class_path (initial): C:\Users\Ausu\.m2\repository\junit\junit\4.13.2\junit-4.13.2.jar;C:\Users\Ausu\.m2\repository\org\hamcrest\hamcrest-core\1.3\hamcrest-core-1.3.jar;C:\Users\Ausu\.m2\repository\org\junit\jupiter\junit-jupiter\5.10.0-M1\junit-jupiter-5.10.0-M1.jar;C:\Users\Ausu\.m2\repository\org\junit\jupiter\junit-jupiter-api\5.10.0-M1\junit-jupiter-api-5.10.0-M1.jar;C:\Users\Ausu\.m2\repository\org\opentest4j\opentest4j\1.2.0\opentest4j-1.2.0.jar;C:\Users\Ausu\.m2\repository\org\junit\platform\junit-platform-commons\1.10.0-M1\junit-platform-commons-1.10.0-M1.jar;C:\Users\Ausu\.m2\repository\org\apiguardian\apiguardian-api\1.1.2\apiguardian-api-1.1.2.jar;C:\Users\Ausu\.m2\repository\org\junit\jupiter\junit-jupiter-params\5.10.0-M1\junit-jupiter-params-5.10.0-M1.jar;C:\Users\Ausu\.m2\repository\org\junit\jupiter\junit-jupiter-engine\5.10.0-M1\junit-jupiter-engine-5.10.0-M1.jar;C:\Users\Ausu\.m2\repository\org\junit\platform\junit-platform-engine\1.10.0-M1\junit-platform-engine-1.10.0-M1.jar;C:\Users\Ausu\.m2\repository\org\openjfx\javafx-controls\17.0.2\javafx-controls-17.0.2.jar;C:\Users\Ausu\.m2\repository\org\openjfx\javafx-graphics\17.0.2\javafx-graphics-17.0.2.jar;C:\Users\Ausu\.m2\repository\org\openjfx\javafx-base\17.0.2\javafx-base-17.0.2.jar;C:\Users\Ausu\.m2\repository\org\openjfx\javafx-fxml\17.0.2\javafx-fxml-17.0.2.jar;C:\Users\Ausu\.m2\repository\org\openjfx\javafx-media\16\javafx-media-16.jar;C:\Users\Ausu\.m2\repository\org\python\jython-standalone\2.7.3\jython-standalone-2.7.3.jar
Launcher Type: SUN_STANDARD

[Global flags]
     intx CICompilerCount                          = 12                                        {product} {ergonomic}
     uint ConcGCThreads                            = 3                                         {product} {ergonomic}
     uint G1ConcRefinementThreads                  = 13                                        {product} {ergonomic}
   size_t G1HeapRegionSize                         = 2097152                                   {product} {ergonomic}
    uintx GCDrainStackTargetSize                   = 64                                        {product} {ergonomic}
   size_t InitialHeapSize                          = 232783872                                 {product} {ergonomic}
   size_t MarkStackSize                            = 4194304                                   {product} {ergonomic}
   size_t MaxHeapSize                              = 3720347648                                {product} {ergonomic}
   size_t MaxNewSize                               = 2231369728                                {product} {ergonomic}
   size_t MinHeapDeltaBytes                        = 2097152                                   {product} {ergonomic}
   size_t MinHeapSize                              = 8388608                                   {product} {ergonomic}
    uintx NonNMethodCodeHeapSize                   = 7602480                                {pd product} {ergonomic}
    uintx NonProfiledCodeHeapSize                  = 122027880                              {pd product} {ergonomic}
    uintx ProfiledCodeHeapSize                     = 122027880                              {pd product} {ergonomic}
    uintx ReservedCodeCacheSize                    = 251658240                              {pd product} {ergonomic}
     bool SegmentedCodeCache                       = true                                      {product} {ergonomic}
   size_t SoftMaxHeapSize                          = 3720347648                             {manageable} {ergonomic}
     bool UseCompressedClassPointers               = true                           {product lp64_product} {ergonomic}
     bool UseCompressedOops                        = true                           {product lp64_product} {ergonomic}
     bool UseG1GC                                  = true                                      {product} {ergonomic}
     bool UseLargePagesIndividualAllocation        = false                                  {pd product} {ergonomic}

Logging:
Log output configuration:
 #0: stdout all=warning uptime,level,tags
 #1: stderr all=off uptime,level,tags

Environment Variables:
PATH=C:\Program Files (x86)\Common Files\Oracle\Java\javapath;C:\Program Files\Common Files\Oracle\Java\javapath;C:\Windows\system32;C:\Windows;C:\Windows\System32\Wbem;C:\Windows\System32\WindowsPowerShell\v1.0\;C:\Windows\System32\OpenSSH\;C:\Program Files (x86)\NVIDIA Corporation\PhysX\Common;C:\Program Files\NVIDIA Corporation\NVIDIA NvDLISR;C:\Program Files\Microsoft VS Code\bin;C:\MinGW\bin;C:\Program Files\Git\cmd;C:\Program Files\Java\jdk-19\bin;C:\Users\Ausu\AppData\Local\Programs\Python\Python311\Scripts\;C:\Users\Ausu\AppData\Local\Programs\Python\Python311\;C:\Users\Ausu\AppData\Local\Microsoft\WindowsApps;C:\Users\Ausu\AppData\Local\GitHubDesktop\bin;C:\Program Files\JetBrains\IntelliJ IDEA 2022.2\bin;
USERNAME=AmirS
OS=Windows_NT
PROCESSOR_IDENTIFIER=AMD64 Family 25 Model 80 Stepping 0, AuthenticAMD



---------------  S Y S T E M  ---------------

OS:
 Windows 11 , 64 bit Build 22000 (10.0.22000.1880)
OS uptime: 0 days 2:42 hours
Hyper-V role detected

CPU: total 16 (initial active 16) (16 cores per cpu, 2 threads per core) family 25 model 80 stepping 0 microcode 0x0, cx8, cmov, fxsr, ht, mmx, 3dnowpref, sse, sse2, sse3, ssse3, sse4a, sse4.1, sse4.2, popcnt, lzcnt, tsc, tscinvbit, avx, avx2, aes, erms, clmul, bmi1, bmi2, adx, sha, fma, vzeroupper, clflush, clflushopt, hv

Memory: 4k page, system-wide physical 14188M (4065M free)
TotalPageFile size 16120M (AvailPageFile size 171M)
current process WorkingSet (physical memory assigned to process): 792M, peak: 792M
current process commit charge ("private bytes"): 1370M, peak: 1694M

vm_info: Java HotSpot(TM) 64-Bit Server VM (17.0.6+9-LTS-190) for windows-amd64 JRE (17.0.6+9-LTS-190), built on Dec  6 2022 15:53:54 by "mach5one" with MS VC++ 17.1 (VS2022)

END.
