#
# There is insufficient memory for the Java Runtime Environment to continue.
# Native memory allocation (malloc) failed to allocate 1589824 bytes for Chunk::new
# Possible reasons:
#   The system is out of physical RAM or swap space
#   The process is running with CompressedOops enabled, and the Java Heap may be blocking the growth of the native heap
# Possible solutions:
#   Reduce memory load on the system
#   Increase physical memory or swap space
#   Check if swap backing store is full
#   Decrease Java heap size (-Xmx/-Xms)
#   Decrease number of Java threads
#   Decrease Java thread stack sizes (-Xss)
#   Set larger code cache with -XX:ReservedCodeCacheSize=
#   JVM is running with Zero Based Compressed Oops mode in which the Java heap is
#     placed in the first 32GB address space. The Java Heap base address is the
#     maximum limit for the native heap growth. Please use -XX:HeapBaseMinAddress
#     to set the Java Heap base and to place the Java Heap above 32GB virtual address.
# This output file may be truncated or incomplete.
#
#  Out of Memory Error (arena.cpp:189), pid=2800, tid=12528
#
# JRE version: Java(TM) SE Runtime Environment (17.0.6+9) (build 17.0.6+9-LTS-190)
# Java VM: Java HotSpot(TM) 64-Bit Server VM (17.0.6+9-LTS-190, mixed mode, sharing, tiered, compressed oops, compressed class ptrs, g1 gc, windows-amd64)
# No core dump will be written. Minidumps are not enabled by default on client versions of Windows
#

---------------  S U M M A R Y ------------

Command Line: -javaagent:C:\Program Files\JetBrains\IntelliJ IDEA 2022.2\lib\idea_rt.jar=11945:C:\Program Files\JetBrains\IntelliJ IDEA 2022.2\bin -Dfile.encoding=UTF-8 --module-path=C:\Users\Ausu\.m2\repository\commons-codec\commons-codec\1.15\commons-codec-1.15.jar;C:\Users\Ausu\.m2\repository\org\openjfx\javafx-graphics\17.0.2\javafx-graphics-17.0.2-win.jar;C:\Users\Ausu\.m2\repository\org\openjfx\javafx-controls\17.0.2\javafx-controls-17.0.2-win.jar;D:\University\Semester2\project-group-09\crusader\target\classes;C:\Users\Ausu\.m2\repository\org\projectlombok\lombok\1.18.26\lombok-1.18.26.jar;C:\Users\Ausu\.m2\repository\com\google\code\gson\gson\2.10.1\gson-2.10.1.jar;C:\Users\Ausu\.m2\repository\org\openjfx\javafx-media\16\javafx-media-16-win.jar;C:\Users\Ausu\.m2\repository\org\openjfx\javafx-base\17.0.2\javafx-base-17.0.2-win.jar;C:\Users\Ausu\.m2\repository\org\openjfx\javafx-fxml\17.0.2\javafx-fxml-17.0.2-win.jar -Djdk.module.main=crusader crusader/view.menus.GameMenu

Host: AMD Ryzen 7 5800H with Radeon Graphics         , 16 cores, 13G,  Windows 11 , 64 bit Build 22000 (10.0.22000.1880)
Time: Tue Jun  6 23:33:01 2023 Iran Standard Time elapsed time: 2.035157 seconds (0d 0h 0m 2s)

---------------  T H R E A D  ---------------

Current thread (0x000001d01a23f310):  JavaThread "C2 CompilerThread5" daemon [_thread_in_native, id=12528, stack(0x00000092cd400000,0x00000092cd500000)]


Current CompileTask:
C2:   2035 2154       4       javafx.scene.Parent$2::onChanged (729 bytes)

Stack: [0x00000092cd400000,0x00000092cd500000]
Native frames: (J=compiled Java code, j=interpreted, Vv=VM code, C=native code)
V  [jvm.dll+0x6734ea]
V  [jvm.dll+0x7d18f4]
V  [jvm.dll+0x7d309e]
V  [jvm.dll+0x7d3703]
V  [jvm.dll+0x2433c5]
V  [jvm.dll+0xaa46b]
V  [jvm.dll+0xaaa0c]
V  [jvm.dll+0x35eb2e]
V  [jvm.dll+0x329401]
V  [jvm.dll+0x32889a]
V  [jvm.dll+0x215ddf]
V  [jvm.dll+0x215211]
V  [jvm.dll+0x1a1730]
V  [jvm.dll+0x224b6e]
V  [jvm.dll+0x222f15]
V  [jvm.dll+0x78753c]
V  [jvm.dll+0x781a7a]
V  [jvm.dll+0x672375]
C  [ucrtbase.dll+0x26c0c]
C  [KERNEL32.DLL+0x155a0]
C  [ntdll.dll+0x485b]


---------------  P R O C E S S  ---------------

Threads class SMR info:
_java_thread_list=0x000001d01ba8dc10, length=23, elements={
0x000001d076fa5290, 0x000001d0195577e0, 0x000001d0195582a0, 0x000001d01956e2b0,
0x000001d01956fb80, 0x000001d019570440, 0x000001d019570d00, 0x000001d0195718f0,
0x000001d01957ea00, 0x000001d019587310, 0x000001d0195424f0, 0x000001d01a23de00,
0x000001d01a23e3e0, 0x000001d01a23e8f0, 0x000001d01a23ee00, 0x000001d01a23f310,
0x000001d01b519be0, 0x000001d01ad2d0c0, 0x000001d01a24ed50, 0x000001d01af9f6f0,
0x000001d01afa4fb0, 0x000001d01ab36930, 0x000001d01ab374a0
}

Java Threads: ( => current thread )
  0x000001d076fa5290 JavaThread "main" [_thread_blocked, id=16124, stack(0x00000092cbd00000,0x00000092cbe00000)]
  0x000001d0195577e0 JavaThread "Reference Handler" daemon [_thread_blocked, id=10484, stack(0x00000092cc400000,0x00000092cc500000)]
  0x000001d0195582a0 JavaThread "Finalizer" daemon [_thread_blocked, id=2860, stack(0x00000092cc500000,0x00000092cc600000)]
  0x000001d01956e2b0 JavaThread "Signal Dispatcher" daemon [_thread_blocked, id=16800, stack(0x00000092cc600000,0x00000092cc700000)]
  0x000001d01956fb80 JavaThread "Attach Listener" daemon [_thread_blocked, id=11796, stack(0x00000092cc700000,0x00000092cc800000)]
  0x000001d019570440 JavaThread "Service Thread" daemon [_thread_blocked, id=16488, stack(0x00000092cc800000,0x00000092cc900000)]
  0x000001d019570d00 JavaThread "Monitor Deflation Thread" daemon [_thread_blocked, id=10520, stack(0x00000092cc900000,0x00000092cca00000)]
  0x000001d0195718f0 JavaThread "C2 CompilerThread0" daemon [_thread_blocked, id=11536, stack(0x00000092cca00000,0x00000092ccb00000)]
  0x000001d01957ea00 JavaThread "C1 CompilerThread0" daemon [_thread_blocked, id=17744, stack(0x00000092ccb00000,0x00000092ccc00000)]
  0x000001d019587310 JavaThread "Sweeper thread" daemon [_thread_blocked, id=12400, stack(0x00000092ccc00000,0x00000092ccd00000)]
  0x000001d0195424f0 JavaThread "Common-Cleaner" daemon [_thread_blocked, id=17648, stack(0x00000092cce00000,0x00000092ccf00000)]
  0x000001d01a23de00 JavaThread "C2 CompilerThread1" daemon [_thread_blocked, id=5144, stack(0x00000092cd000000,0x00000092cd100000)]
  0x000001d01a23e3e0 JavaThread "C2 CompilerThread2" daemon [_thread_blocked, id=8612, stack(0x00000092cd100000,0x00000092cd200000)]
  0x000001d01a23e8f0 JavaThread "C2 CompilerThread3" daemon [_thread_blocked, id=14540, stack(0x00000092cd200000,0x00000092cd300000)]
  0x000001d01a23ee00 JavaThread "C2 CompilerThread4" daemon [_thread_blocked, id=11580, stack(0x00000092cd300000,0x00000092cd400000)]
=>0x000001d01a23f310 JavaThread "C2 CompilerThread5" daemon [_thread_in_native, id=12528, stack(0x00000092cd400000,0x00000092cd500000)]
  0x000001d01b519be0 JavaThread "Monitor Ctrl-Break" daemon [_thread_in_native, id=12344, stack(0x00000092cd700000,0x00000092cd800000)]
  0x000001d01ad2d0c0 JavaThread "Notification Thread" daemon [_thread_blocked, id=15880, stack(0x00000092cd800000,0x00000092cd900000)]
  0x000001d01a24ed50 JavaThread "QuantumRenderer-0" daemon [_thread_blocked, id=5748, stack(0x00000092cda00000,0x00000092cdb00000)]
  0x000001d01af9f6f0 JavaThread "InvokeLaterDispatcher" daemon [_thread_blocked, id=16656, stack(0x00000092cdd00000,0x00000092cde00000)]
  0x000001d01afa4fb0 JavaThread "JavaFX Application Thread" [_thread_in_native, id=18372, stack(0x00000092cde00000,0x00000092cdf00000)]
  0x000001d01ab36930 JavaThread "JavaFX-Launcher" [_thread_blocked, id=3796, stack(0x00000092cee00000,0x00000092cef00000)]
  0x000001d01ab374a0 JavaThread "Thread-2" daemon [_thread_in_native, id=15332, stack(0x00000092ced00000,0x00000092cee00000)]

Other Threads:
  0x000001d019553190 VMThread "VM Thread" [stack: 0x00000092cc300000,0x00000092cc400000] [id=8684]
  0x000001d077051470 WatcherThread [stack: 0x00000092cd900000,0x00000092cda00000] [id=16428]
  0x000001d077006b90 GCTaskThread "GC Thread#0" [stack: 0x00000092cbe00000,0x00000092cbf00000] [id=5972]
  0x000001d01b701b90 GCTaskThread "GC Thread#1" [stack: 0x00000092ce900000,0x00000092cea00000] [id=9816]
  0x000001d01b8137e0 GCTaskThread "GC Thread#2" [stack: 0x00000092cea00000,0x00000092ceb00000] [id=1896]
  0x000001d01b813a90 GCTaskThread "GC Thread#3" [stack: 0x00000092ceb00000,0x00000092cec00000] [id=4236]
  0x000001d01b813d40 GCTaskThread "GC Thread#4" [stack: 0x00000092cec00000,0x00000092ced00000] [id=15516]
  0x000001d01b9a2450 GCTaskThread "GC Thread#5" [stack: 0x00000092cd500000,0x00000092cd600000] [id=10632]
  0x000001d01ba14b20 GCTaskThread "GC Thread#6" [stack: 0x00000092cef00000,0x00000092cf000000] [id=4268]
  0x000001d01ba151e0 GCTaskThread "GC Thread#7" [stack: 0x00000092cf000000,0x00000092cf100000] [id=1128]
  0x000001d01bb7cde0 GCTaskThread "GC Thread#8" [stack: 0x00000092cfd00000,0x00000092cfe00000] [id=1300]
  0x000001d01bba75e0 GCTaskThread "GC Thread#9" [stack: 0x00000092cfe00000,0x00000092cff00000] [id=8040]
  0x000001d01bbad700 GCTaskThread "GC Thread#10" [stack: 0x00000092cff00000,0x00000092d0000000] [id=4368]
  0x000001d077017920 ConcurrentGCThread "G1 Main Marker" [stack: 0x00000092cbf00000,0x00000092cc000000] [id=8212]
  0x000001d077018240 ConcurrentGCThread "G1 Conc#0" [stack: 0x00000092cc000000,0x00000092cc100000] [id=8172]
  0x000001d07707e480 ConcurrentGCThread "G1 Refine#0" [stack: 0x00000092cc100000,0x00000092cc200000] [id=7716]
  0x000001d01b9ad060 ConcurrentGCThread "G1 Refine#1" [stack: 0x00000092cf100000,0x00000092cf200000] [id=14708]
  0x000001d01b89ec90 ConcurrentGCThread "G1 Refine#2" [stack: 0x00000092cf200000,0x00000092cf300000] [id=668]
  0x000001d01b89ef70 ConcurrentGCThread "G1 Refine#3" [stack: 0x00000092cf300000,0x00000092cf400000] [id=18344]
  0x000001d01ba07aa0 ConcurrentGCThread "G1 Refine#4" [stack: 0x00000092cf400000,0x00000092cf500000] [id=5544]
  0x000001d01ba07d80 ConcurrentGCThread "G1 Refine#5" [stack: 0x00000092cf500000,0x00000092cf600000] [id=16244]
  0x000001d01abfcff0 ConcurrentGCThread "G1 Refine#6" [stack: 0x00000092cf600000,0x00000092cf700000] [id=12840]
  0x000001d01b9eac50 ConcurrentGCThread "G1 Refine#7" [stack: 0x00000092cf700000,0x00000092cf800000] [id=2152]
  0x000001d01b9ea970 ConcurrentGCThread "G1 Refine#8" [stack: 0x00000092cf800000,0x00000092cf900000] [id=1748]
  0x000001d01b9eb4f0 ConcurrentGCThread "G1 Refine#9" [stack: 0x00000092cf900000,0x00000092cfa00000] [id=12664]
  0x000001d01b9eaf30 ConcurrentGCThread "G1 Refine#10" [stack: 0x00000092cfa00000,0x00000092cfb00000] [id=18136]
  0x000001d01b9e9830 ConcurrentGCThread "G1 Refine#11" [stack: 0x00000092cfb00000,0x00000092cfc00000] [id=13500]
  0x000001d01b9ea0d0 ConcurrentGCThread "G1 Refine#12" [stack: 0x00000092cfc00000,0x00000092cfd00000] [id=10784]
  0x000001d07707ec50 ConcurrentGCThread "G1 Service" [stack: 0x00000092cc200000,0x00000092cc300000] [id=13008]

Threads with active compile tasks:
C2 CompilerThread5     2048 2154       4       javafx.scene.Parent$2::onChanged (729 bytes)

VM state: not at safepoint (normal execution)

VM Mutex/Monitor currently owned by a thread: None

Heap address: 0x0000000722400000, size: 3548 MB, Compressed Oops mode: Zero based, Oop shift amount: 3

CDS archive(s) mapped at: [0x0000000800000000-0x0000000800bd0000-0x0000000800bd0000), size 12386304, SharedBaseAddress: 0x0000000800000000, ArchiveRelocationMode: 0.
Compressed class space mapped at: 0x0000000800c00000-0x0000000840c00000, reserved size: 1073741824
Narrow klass base: 0x0000000800000000, Narrow klass shift: 0, Narrow klass range: 0x100000000

GC Precious Log:
 CPUs: 16 total, 16 available
 Memory: 14188M
 Large Page Support: Disabled
 NUMA Support: Disabled
 Compressed Oops: Enabled (Zero based)
 Heap Region Size: 2M
 Heap Min Capacity: 8M
 Heap Initial Capacity: 222M
 Heap Max Capacity: 3548M
 Pre-touch: Disabled
 Parallel Workers: 13
 Concurrent Workers: 3
 Concurrent Refinement Workers: 13
 Periodic GC: Disabled

Heap:
 garbage-first heap   total 227328K, used 111512K [0x0000000722400000, 0x0000000800000000)
  region size 2048K, 18 young (36864K), 4 survivors (8192K)
 Metaspace       used 10165K, committed 10368K, reserved 1064960K
  class space    used 1266K, committed 1344K, reserved 1048576K

Heap Regions: E=young(eden), S=young(survivor), O=old, HS=humongous(starts), HC=humongous(continues), CS=collection set, F=free, OA=open archive, CA=closed archive, TAMS=top-at-mark-start (previous, next)
|   0|0x0000000722400000, 0x0000000722600000, 0x0000000722600000|100%|HS|  |TAMS 0x0000000722400000, 0x0000000722400000| Complete 
|   1|0x0000000722600000, 0x0000000722800000, 0x0000000722800000|100%|HC|  |TAMS 0x0000000722600000, 0x0000000722600000| Complete 
|   2|0x0000000722800000, 0x0000000722a00000, 0x0000000722a00000|100%| O|  |TAMS 0x0000000722800000, 0x0000000722800000| Untracked 
|   3|0x0000000722a00000, 0x0000000722c00000, 0x0000000722c00000|100%| O|  |TAMS 0x0000000722a00000, 0x0000000722a00000| Untracked 
|   4|0x0000000722c00000, 0x0000000722e00000, 0x0000000722e00000|100%| O|  |TAMS 0x0000000722c00000, 0x0000000722c00000| Untracked 
|   5|0x0000000722e00000, 0x0000000723000000, 0x0000000723000000|100%| O|  |TAMS 0x0000000722e00000, 0x0000000722e00000| Untracked 
|   6|0x0000000723000000, 0x0000000723200000, 0x0000000723200000|100%| O|  |TAMS 0x0000000723000000, 0x0000000723000000| Untracked 
|   7|0x0000000723200000, 0x0000000723400000, 0x0000000723400000|100%| O|  |TAMS 0x0000000723200000, 0x0000000723200000| Untracked 
|   8|0x0000000723400000, 0x0000000723600000, 0x0000000723600000|100%| O|  |TAMS 0x0000000723400000, 0x0000000723400000| Untracked 
|   9|0x0000000723600000, 0x0000000723800000, 0x0000000723800000|100%| O|  |TAMS 0x0000000723600000, 0x0000000723600000| Untracked 
|  10|0x0000000723800000, 0x0000000723a00000, 0x0000000723a00000|100%| O|  |TAMS 0x0000000723800000, 0x0000000723800000| Untracked 
|  11|0x0000000723a00000, 0x0000000723c00000, 0x0000000723c00000|100%| O|  |TAMS 0x0000000723a00000, 0x0000000723a00000| Untracked 
|  12|0x0000000723c00000, 0x0000000723e00000, 0x0000000723e00000|100%| O|  |TAMS 0x0000000723c00000, 0x0000000723c00000| Untracked 
|  13|0x0000000723e00000, 0x0000000724000000, 0x0000000724000000|100%| O|  |TAMS 0x0000000723e00000, 0x0000000723e00000| Untracked 
|  14|0x0000000724000000, 0x0000000724200000, 0x0000000724200000|100%| O|  |TAMS 0x0000000724000000, 0x0000000724000000| Untracked 
|  15|0x0000000724200000, 0x0000000724400000, 0x0000000724400000|100%| O|  |TAMS 0x0000000724200000, 0x0000000724200000| Untracked 
|  16|0x0000000724400000, 0x0000000724600000, 0x0000000724600000|100%| O|  |TAMS 0x0000000724400000, 0x0000000724400000| Untracked 
|  17|0x0000000724600000, 0x0000000724800000, 0x0000000724800000|100%| O|  |TAMS 0x0000000724600000, 0x0000000724600000| Untracked 
|  18|0x0000000724800000, 0x0000000724a00000, 0x0000000724a00000|100%| O|  |TAMS 0x0000000724800000, 0x0000000724800000| Untracked 
|  19|0x0000000724a00000, 0x0000000724c00000, 0x0000000724c00000|100%| O|  |TAMS 0x0000000724a00000, 0x0000000724a00000| Untracked 
|  20|0x0000000724c00000, 0x0000000724e00000, 0x0000000724e00000|100%| O|  |TAMS 0x0000000724c00000, 0x0000000724c00000| Untracked 
|  21|0x0000000724e00000, 0x0000000725000000, 0x0000000725000000|100%| O|  |TAMS 0x0000000724e00000, 0x0000000724e00000| Untracked 
|  22|0x0000000725000000, 0x0000000725200000, 0x0000000725200000|100%| O|  |TAMS 0x0000000725000000, 0x0000000725000000| Untracked 
|  23|0x0000000725200000, 0x0000000725400000, 0x0000000725400000|100%| O|  |TAMS 0x0000000725200000, 0x0000000725200000| Untracked 
|  24|0x0000000725400000, 0x0000000725600000, 0x0000000725600000|100%| O|  |TAMS 0x0000000725400000, 0x0000000725400000| Untracked 
|  25|0x0000000725600000, 0x0000000725800000, 0x0000000725800000|100%| O|  |TAMS 0x0000000725600000, 0x0000000725600000| Untracked 
|  26|0x0000000725800000, 0x0000000725a00000, 0x0000000725a00000|100%| O|  |TAMS 0x0000000725800000, 0x0000000725800000| Untracked 
|  27|0x0000000725a00000, 0x0000000725c00000, 0x0000000725c00000|100%| O|  |TAMS 0x0000000725a00000, 0x0000000725a00000| Untracked 
|  28|0x0000000725c00000, 0x0000000725e00000, 0x0000000725e00000|100%| O|  |TAMS 0x0000000725c00000, 0x0000000725c00000| Untracked 
|  29|0x0000000725e00000, 0x0000000726000000, 0x0000000726000000|100%| O|  |TAMS 0x0000000725e00000, 0x0000000725e00000| Untracked 
|  30|0x0000000726000000, 0x0000000726200000, 0x0000000726200000|100%| O|  |TAMS 0x0000000726000000, 0x0000000726000000| Untracked 
|  31|0x0000000726200000, 0x0000000726400000, 0x0000000726400000|100%| O|  |TAMS 0x0000000726200000, 0x0000000726200000| Untracked 
|  32|0x0000000726400000, 0x0000000726600000, 0x0000000726600000|100%| O|  |TAMS 0x0000000726400000, 0x0000000726400000| Untracked 
|  33|0x0000000726600000, 0x0000000726800000, 0x0000000726800000|100%| O|  |TAMS 0x0000000726600000, 0x0000000726600000| Untracked 
|  34|0x0000000726800000, 0x0000000726a00000, 0x0000000726a00000|100%| O|  |TAMS 0x0000000726800000, 0x0000000726800000| Untracked 
|  35|0x0000000726a00000, 0x0000000726c00000, 0x0000000726c00000|100%| O|  |TAMS 0x0000000726a00000, 0x0000000726a00000| Untracked 
|  36|0x0000000726c00000, 0x0000000726e00000, 0x0000000726e00000|100%| O|  |TAMS 0x0000000726c00000, 0x0000000726c00000| Untracked 
|  37|0x0000000726e00000, 0x0000000726ee6200, 0x0000000727000000| 44%| O|  |TAMS 0x0000000726e00000, 0x0000000726e00000| Untracked 
|  38|0x0000000727000000, 0x0000000727000000, 0x0000000727200000|  0%| F|  |TAMS 0x0000000727000000, 0x0000000727000000| Untracked 
|  39|0x0000000727200000, 0x0000000727200000, 0x0000000727400000|  0%| F|  |TAMS 0x0000000727200000, 0x0000000727200000| Untracked 
|  40|0x0000000727400000, 0x0000000727400000, 0x0000000727600000|  0%| F|  |TAMS 0x0000000727400000, 0x0000000727400000| Untracked 
|  41|0x0000000727600000, 0x0000000727600000, 0x0000000727800000|  0%| F|  |TAMS 0x0000000727600000, 0x0000000727600000| Untracked 
|  42|0x0000000727800000, 0x0000000727800000, 0x0000000727a00000|  0%| F|  |TAMS 0x0000000727800000, 0x0000000727800000| Untracked 
|  43|0x0000000727a00000, 0x0000000727a00000, 0x0000000727c00000|  0%| F|  |TAMS 0x0000000727a00000, 0x0000000727a00000| Untracked 
|  44|0x0000000727c00000, 0x0000000727c00000, 0x0000000727e00000|  0%| F|  |TAMS 0x0000000727c00000, 0x0000000727c00000| Untracked 
|  45|0x0000000727e00000, 0x0000000727e00000, 0x0000000728000000|  0%| F|  |TAMS 0x0000000727e00000, 0x0000000727e00000| Untracked 
|  46|0x0000000728000000, 0x0000000728000000, 0x0000000728200000|  0%| F|  |TAMS 0x0000000728000000, 0x0000000728000000| Untracked 
|  47|0x0000000728200000, 0x0000000728200000, 0x0000000728400000|  0%| F|  |TAMS 0x0000000728200000, 0x0000000728200000| Untracked 
|  48|0x0000000728400000, 0x0000000728400000, 0x0000000728600000|  0%| F|  |TAMS 0x0000000728400000, 0x0000000728400000| Untracked 
|  49|0x0000000728600000, 0x0000000728600000, 0x0000000728800000|  0%| F|  |TAMS 0x0000000728600000, 0x0000000728600000| Untracked 
|  50|0x0000000728800000, 0x0000000728800000, 0x0000000728a00000|  0%| F|  |TAMS 0x0000000728800000, 0x0000000728800000| Untracked 
|  51|0x0000000728a00000, 0x0000000728a00000, 0x0000000728c00000|  0%| F|  |TAMS 0x0000000728a00000, 0x0000000728a00000| Untracked 
|  52|0x0000000728c00000, 0x0000000728c00000, 0x0000000728e00000|  0%| F|  |TAMS 0x0000000728c00000, 0x0000000728c00000| Untracked 
|  53|0x0000000728e00000, 0x0000000728e00000, 0x0000000729000000|  0%| F|  |TAMS 0x0000000728e00000, 0x0000000728e00000| Untracked 
|  54|0x0000000729000000, 0x0000000729000000, 0x0000000729200000|  0%| F|  |TAMS 0x0000000729000000, 0x0000000729000000| Untracked 
|  55|0x0000000729200000, 0x0000000729200000, 0x0000000729400000|  0%| F|  |TAMS 0x0000000729200000, 0x0000000729200000| Untracked 
|  56|0x0000000729400000, 0x0000000729400000, 0x0000000729600000|  0%| F|  |TAMS 0x0000000729400000, 0x0000000729400000| Untracked 
|  57|0x0000000729600000, 0x0000000729600000, 0x0000000729800000|  0%| F|  |TAMS 0x0000000729600000, 0x0000000729600000| Untracked 
|  58|0x0000000729800000, 0x0000000729800000, 0x0000000729a00000|  0%| F|  |TAMS 0x0000000729800000, 0x0000000729800000| Untracked 
|  59|0x0000000729a00000, 0x0000000729a00000, 0x0000000729c00000|  0%| F|  |TAMS 0x0000000729a00000, 0x0000000729a00000| Untracked 
|  60|0x0000000729c00000, 0x0000000729c00000, 0x0000000729e00000|  0%| F|  |TAMS 0x0000000729c00000, 0x0000000729c00000| Untracked 
|  61|0x0000000729e00000, 0x0000000729e00000, 0x000000072a000000|  0%| F|  |TAMS 0x0000000729e00000, 0x0000000729e00000| Untracked 
|  62|0x000000072a000000, 0x000000072a000000, 0x000000072a200000|  0%| F|  |TAMS 0x000000072a000000, 0x000000072a000000| Untracked 
|  63|0x000000072a200000, 0x000000072a200000, 0x000000072a400000|  0%| F|  |TAMS 0x000000072a200000, 0x000000072a200000| Untracked 
|  64|0x000000072a400000, 0x000000072a400000, 0x000000072a600000|  0%| F|  |TAMS 0x000000072a400000, 0x000000072a400000| Untracked 
|  65|0x000000072a600000, 0x000000072a600000, 0x000000072a800000|  0%| F|  |TAMS 0x000000072a600000, 0x000000072a600000| Untracked 
|  66|0x000000072a800000, 0x000000072a800000, 0x000000072aa00000|  0%| F|  |TAMS 0x000000072a800000, 0x000000072a800000| Untracked 
|  67|0x000000072aa00000, 0x000000072aa00000, 0x000000072ac00000|  0%| F|  |TAMS 0x000000072aa00000, 0x000000072aa00000| Untracked 
|  68|0x000000072ac00000, 0x000000072ac00000, 0x000000072ae00000|  0%| F|  |TAMS 0x000000072ac00000, 0x000000072ac00000| Untracked 
|  69|0x000000072ae00000, 0x000000072ae00000, 0x000000072b000000|  0%| F|  |TAMS 0x000000072ae00000, 0x000000072ae00000| Untracked 
|  70|0x000000072b000000, 0x000000072b000000, 0x000000072b200000|  0%| F|  |TAMS 0x000000072b000000, 0x000000072b000000| Untracked 
|  71|0x000000072b200000, 0x000000072b200000, 0x000000072b400000|  0%| F|  |TAMS 0x000000072b200000, 0x000000072b200000| Untracked 
|  72|0x000000072b400000, 0x000000072b400000, 0x000000072b600000|  0%| F|  |TAMS 0x000000072b400000, 0x000000072b400000| Untracked 
|  73|0x000000072b600000, 0x000000072b600000, 0x000000072b800000|  0%| F|  |TAMS 0x000000072b600000, 0x000000072b600000| Untracked 
|  74|0x000000072b800000, 0x000000072b800000, 0x000000072ba00000|  0%| F|  |TAMS 0x000000072b800000, 0x000000072b800000| Untracked 
|  75|0x000000072ba00000, 0x000000072ba00000, 0x000000072bc00000|  0%| F|  |TAMS 0x000000072ba00000, 0x000000072ba00000| Untracked 
|  76|0x000000072bc00000, 0x000000072bc00000, 0x000000072be00000|  0%| F|  |TAMS 0x000000072bc00000, 0x000000072bc00000| Untracked 
|  77|0x000000072be00000, 0x000000072c000000, 0x000000072c000000|100%| S|CS|TAMS 0x000000072be00000, 0x000000072be00000| Complete 
|  78|0x000000072c000000, 0x000000072c200000, 0x000000072c200000|100%| S|CS|TAMS 0x000000072c000000, 0x000000072c000000| Complete 
|  79|0x000000072c200000, 0x000000072c400000, 0x000000072c400000|100%| S|CS|TAMS 0x000000072c200000, 0x000000072c200000| Complete 
|  80|0x000000072c400000, 0x000000072c600000, 0x000000072c600000|100%| S|CS|TAMS 0x000000072c400000, 0x000000072c400000| Complete 
|  81|0x000000072c600000, 0x000000072c600000, 0x000000072c800000|  0%| F|  |TAMS 0x000000072c600000, 0x000000072c600000| Untracked 
|  82|0x000000072c800000, 0x000000072c800000, 0x000000072ca00000|  0%| F|  |TAMS 0x000000072c800000, 0x000000072c800000| Untracked 
|  83|0x000000072ca00000, 0x000000072ca00000, 0x000000072cc00000|  0%| F|  |TAMS 0x000000072ca00000, 0x000000072ca00000| Untracked 
|  84|0x000000072cc00000, 0x000000072cc00000, 0x000000072ce00000|  0%| F|  |TAMS 0x000000072cc00000, 0x000000072cc00000| Untracked 
|  85|0x000000072ce00000, 0x000000072ce00000, 0x000000072d000000|  0%| F|  |TAMS 0x000000072ce00000, 0x000000072ce00000| Untracked 
|  86|0x000000072d000000, 0x000000072d000000, 0x000000072d200000|  0%| F|  |TAMS 0x000000072d000000, 0x000000072d000000| Untracked 
|  87|0x000000072d200000, 0x000000072d200000, 0x000000072d400000|  0%| F|  |TAMS 0x000000072d200000, 0x000000072d200000| Untracked 
|  88|0x000000072d400000, 0x000000072d400000, 0x000000072d600000|  0%| F|  |TAMS 0x000000072d400000, 0x000000072d400000| Untracked 
|  89|0x000000072d600000, 0x000000072d600000, 0x000000072d800000|  0%| F|  |TAMS 0x000000072d600000, 0x000000072d600000| Untracked 
|  90|0x000000072d800000, 0x000000072d800000, 0x000000072da00000|  0%| F|  |TAMS 0x000000072d800000, 0x000000072d800000| Untracked 
|  91|0x000000072da00000, 0x000000072da00000, 0x000000072dc00000|  0%| F|  |TAMS 0x000000072da00000, 0x000000072da00000| Untracked 
|  92|0x000000072dc00000, 0x000000072dc00000, 0x000000072de00000|  0%| F|  |TAMS 0x000000072dc00000, 0x000000072dc00000| Untracked 
|  93|0x000000072de00000, 0x000000072de00000, 0x000000072e000000|  0%| F|  |TAMS 0x000000072de00000, 0x000000072de00000| Untracked 
|  94|0x000000072e000000, 0x000000072e000000, 0x000000072e200000|  0%| F|  |TAMS 0x000000072e000000, 0x000000072e000000| Untracked 
|  95|0x000000072e200000, 0x000000072e200000, 0x000000072e400000|  0%| F|  |TAMS 0x000000072e200000, 0x000000072e200000| Untracked 
|  96|0x000000072e400000, 0x000000072e400000, 0x000000072e600000|  0%| F|  |TAMS 0x000000072e400000, 0x000000072e400000| Untracked 
|  97|0x000000072e600000, 0x000000072e6d34f0, 0x000000072e800000| 41%| E|  |TAMS 0x000000072e600000, 0x000000072e600000| Complete 
|  98|0x000000072e800000, 0x000000072ea00000, 0x000000072ea00000|100%| E|CS|TAMS 0x000000072e800000, 0x000000072e800000| Complete 
|  99|0x000000072ea00000, 0x000000072ec00000, 0x000000072ec00000|100%| E|CS|TAMS 0x000000072ea00000, 0x000000072ea00000| Complete 
| 100|0x000000072ec00000, 0x000000072ee00000, 0x000000072ee00000|100%| E|CS|TAMS 0x000000072ec00000, 0x000000072ec00000| Complete 
| 101|0x000000072ee00000, 0x000000072f000000, 0x000000072f000000|100%| E|CS|TAMS 0x000000072ee00000, 0x000000072ee00000| Complete 
| 102|0x000000072f000000, 0x000000072f200000, 0x000000072f200000|100%| E|CS|TAMS 0x000000072f000000, 0x000000072f000000| Complete 
| 103|0x000000072f200000, 0x000000072f400000, 0x000000072f400000|100%| E|CS|TAMS 0x000000072f200000, 0x000000072f200000| Complete 
| 104|0x000000072f400000, 0x000000072f600000, 0x000000072f600000|100%| E|CS|TAMS 0x000000072f400000, 0x000000072f400000| Complete 
| 105|0x000000072f600000, 0x000000072f800000, 0x000000072f800000|100%| E|CS|TAMS 0x000000072f600000, 0x000000072f600000| Complete 
| 106|0x000000072f800000, 0x000000072fa00000, 0x000000072fa00000|100%| E|CS|TAMS 0x000000072f800000, 0x000000072f800000| Complete 
| 107|0x000000072fa00000, 0x000000072fc00000, 0x000000072fc00000|100%| E|CS|TAMS 0x000000072fa00000, 0x000000072fa00000| Complete 
| 108|0x000000072fc00000, 0x000000072fe00000, 0x000000072fe00000|100%| E|CS|TAMS 0x000000072fc00000, 0x000000072fc00000| Complete 
| 109|0x000000072fe00000, 0x0000000730000000, 0x0000000730000000|100%| E|CS|TAMS 0x000000072fe00000, 0x000000072fe00000| Complete 
| 110|0x0000000730000000, 0x0000000730200000, 0x0000000730200000|100%| E|CS|TAMS 0x0000000730000000, 0x0000000730000000| Complete 

Card table byte_map: [0x000001d07f7b0000,0x000001d07fea0000] _byte_map_base: 0x000001d07be9e000

Marking Bits (Prev, Next): (CMBitMap*) 0x000001d0770070b0, (CMBitMap*) 0x000001d0770070f0
 Prev Bits: [0x000001d00f6f0000, 0x000001d012e60000)
 Next Bits: [0x000001d012e60000, 0x000001d0165d0000)

Polling page: 0x000001d076780000

Metaspace:

Usage:
  Non-class:      8.69 MB used.
      Class:      1.24 MB used.
       Both:      9.93 MB used.

Virtual space:
  Non-class space:       16.00 MB reserved,       8.81 MB ( 55%) committed,  2 nodes.
      Class space:        1.00 GB reserved,       1.31 MB ( <1%) committed,  1 nodes.
             Both:        1.02 GB reserved,      10.12 MB ( <1%) committed. 

Chunk freelists:
   Non-Class:  2.97 MB
       Class:  2.56 MB
        Both:  5.53 MB

MaxMetaspaceSize: unlimited
CompressedClassSpaceSize: 1.00 GB
Initial GC threshold: 21.00 MB
Current GC threshold: 21.00 MB
CDS: on
MetaspaceReclaimPolicy: balanced
 - commit_granule_bytes: 65536.
 - commit_granule_words: 8192.
 - virtual_space_node_default_size: 1048576.
 - enlarge_chunks_in_place: 1.
 - new_chunks_are_fully_committed: 0.
 - uncommit_free_chunks: 1.
 - use_allocation_guard: 0.
 - handle_deallocations: 1.


Internal statistics:

num_allocs_failed_limit: 0.
num_arena_births: 158.
num_arena_deaths: 0.
num_vsnodes_births: 3.
num_vsnodes_deaths: 0.
num_space_committed: 162.
num_space_uncommitted: 0.
num_chunks_returned_to_freelist: 0.
num_chunks_taken_from_freelist: 427.
num_chunk_merges: 0.
num_chunk_splits: 292.
num_chunks_enlarged: 230.
num_purges: 0.
num_inconsistent_stats: 0.

CodeHeap 'non-profiled nmethods': size=119168Kb used=1008Kb max_used=1008Kb free=118159Kb
 bounds [0x000001d007ba0000, 0x000001d007e10000, 0x000001d00f000000]
CodeHeap 'profiled nmethods': size=119104Kb used=4119Kb max_used=4119Kb free=114984Kb
 bounds [0x000001d000000000, 0x000001d000410000, 0x000001d007450000]
CodeHeap 'non-nmethods': size=7488Kb used=1286Kb max_used=3012Kb free=6201Kb
 bounds [0x000001d007450000, 0x000001d007750000, 0x000001d007ba0000]
 total_blobs=2769 nmethods=2158 adapters=523
 compilation: enabled
              stopped_count=0, restarted_count=0
 full_count=0

Compilation events (20 events):
Event: 1.843 Thread 0x000001d01a23e8f0 nmethod 2151 0x000001d007c96410 code [0x000001d007c965a0, 0x000001d007c966e8]
Event: 1.856 Thread 0x000001d01a23de00 2152       4       sun.nio.fs.WindowsFileAttributes::<init> (57 bytes)
Event: 1.857 Thread 0x000001d01a23de00 nmethod 2152 0x000001d007c96890 code [0x000001d007c96a00, 0x000001d007c96ab8]
Event: 1.863 Thread 0x000001d01a23e8f0 2153       4       java.net.URLStreamHandler::toExternalForm (156 bytes)
Event: 1.896 Thread 0x000001d01a23f310 2154       4       javafx.scene.Parent$2::onChanged (729 bytes)
Event: 1.900 Thread 0x000001d01a23e8f0 nmethod 2153 0x000001d007c96b90 code [0x000001d007c96da0, 0x000001d007c98758]
Event: 1.952 Thread 0x000001d0195718f0 2155       4       jdk.internal.misc.Unsafe::checkNativeAddress (28 bytes)
Event: 1.952 Thread 0x000001d0195718f0 nmethod 2155 0x000001d007c99a10 code [0x000001d007c99b80, 0x000001d007c99bf8]
Event: 1.956 Thread 0x000001d01a23de00 2156       4       jdk.internal.misc.Unsafe::checkOffset (32 bytes)
Event: 1.957 Thread 0x000001d01a23de00 nmethod 2156 0x000001d007c99d10 code [0x000001d007c99e80, 0x000001d007c99f18]
Event: 1.981 Thread 0x000001d01a23e8f0 2157       4       jdk.internal.misc.Unsafe::checkSize (32 bytes)
Event: 1.982 Thread 0x000001d01a23e8f0 nmethod 2157 0x000001d007c9a010 code [0x000001d007c9a180, 0x000001d007c9a218]
Event: 1.988 Thread 0x000001d0195718f0 2158       4       java.lang.StringLatin1::toChars (16 bytes)
Event: 1.989 Thread 0x000001d0195718f0 nmethod 2158 0x000001d007c9a310 code [0x000001d007c9a4a0, 0x000001d007c9a658]
Event: 1.990 Thread 0x000001d01a23e3e0 2159       4       jdk.internal.misc.Unsafe::copyMemory (33 bytes)
Event: 1.992 Thread 0x000001d01a23e3e0 nmethod 2159 0x000001d007c9a710 code [0x000001d007c9a8a0, 0x000001d007c9ac18]
Event: 1.993 Thread 0x000001d01a23e8f0 2160   !   4       sun.nio.fs.WindowsPath::getPathForWin32Calls (135 bytes)
Event: 1.994 Thread 0x000001d01a23de00 2161       4       sun.nio.fs.WindowsNativeDispatcher::asNativeBuffer (103 bytes)
Event: 1.994 Thread 0x000001d01a23e8f0 nmethod 2160 0x000001d007c9b010 code [0x000001d007c9b1a0, 0x000001d007c9b2b8]
Event: 1.999 Thread 0x000001d01a23de00 nmethod 2161 0x000001d007c9b410 code [0x000001d007c9b5e0, 0x000001d007c9bd70]

GC Heap History (10 events):
Event: 0.469 GC heap before
{Heap before GC invocations=0 (full 0):
 garbage-first heap   total 227328K, used 24576K [0x0000000722400000, 0x0000000800000000)
  region size 2048K, 11 young (22528K), 0 survivors (0K)
 Metaspace       used 3972K, committed 4160K, reserved 1056768K
  class space    used 407K, committed 512K, reserved 1048576K
}
Event: 0.471 GC heap after
{Heap after GC invocations=1 (full 0):
 garbage-first heap   total 227328K, used 6856K [0x0000000722400000, 0x0000000800000000)
  region size 2048K, 2 young (4096K), 2 survivors (4096K)
 Metaspace       used 3972K, committed 4160K, reserved 1056768K
  class space    used 407K, committed 512K, reserved 1048576K
}
Event: 0.676 GC heap before
{Heap before GC invocations=1 (full 0):
 garbage-first heap   total 227328K, used 45768K [0x0000000722400000, 0x0000000800000000)
  region size 2048K, 21 young (43008K), 2 survivors (4096K)
 Metaspace       used 8977K, committed 9152K, reserved 1064960K
  class space    used 1137K, committed 1216K, reserved 1048576K
}
Event: 0.686 GC heap after
{Heap after GC invocations=2 (full 0):
 garbage-first heap   total 227328K, used 25554K [0x0000000722400000, 0x0000000800000000)
  region size 2048K, 3 young (6144K), 3 survivors (6144K)
 Metaspace       used 8977K, committed 9152K, reserved 1064960K
  class space    used 1137K, committed 1216K, reserved 1048576K
}
Event: 0.997 GC heap before
{Heap before GC invocations=2 (full 0):
 garbage-first heap   total 227328K, used 56274K [0x0000000722400000, 0x0000000800000000)
  region size 2048K, 18 young (36864K), 3 survivors (6144K)
 Metaspace       used 9941K, committed 10176K, reserved 1064960K
  class space    used 1253K, committed 1344K, reserved 1048576K
}
Event: 1.005 GC heap after
{Heap after GC invocations=3 (full 0):
 garbage-first heap   total 227328K, used 40960K [0x0000000722400000, 0x0000000800000000)
  region size 2048K, 3 young (6144K), 3 survivors (6144K)
 Metaspace       used 9941K, committed 10176K, reserved 1064960K
  class space    used 1253K, committed 1344K, reserved 1048576K
}
Event: 1.219 GC heap before
{Heap before GC invocations=3 (full 0):
 garbage-first heap   total 227328K, used 69632K [0x0000000722400000, 0x0000000800000000)
  region size 2048K, 17 young (34816K), 3 survivors (6144K)
 Metaspace       used 10165K, committed 10368K, reserved 1064960K
  class space    used 1266K, committed 1344K, reserved 1048576K
}
Event: 1.224 GC heap after
{Heap after GC invocations=4 (full 0):
 garbage-first heap   total 227328K, used 56564K [0x0000000722400000, 0x0000000800000000)
  region size 2048K, 3 young (6144K), 3 survivors (6144K)
 Metaspace       used 10165K, committed 10368K, reserved 1064960K
  class space    used 1266K, committed 1344K, reserved 1048576K
}
Event: 1.729 GC heap before
{Heap before GC invocations=4 (full 0):
 garbage-first heap   total 227328K, used 111860K [0x0000000722400000, 0x0000000800000000)
  region size 2048K, 30 young (61440K), 3 survivors (6144K)
 Metaspace       used 10165K, committed 10368K, reserved 1064960K
  class space    used 1266K, committed 1344K, reserved 1048576K
}
Event: 1.742 GC heap after
{Heap after GC invocations=5 (full 0):
 garbage-first heap   total 227328K, used 84888K [0x0000000722400000, 0x0000000800000000)
  region size 2048K, 4 young (8192K), 4 survivors (8192K)
 Metaspace       used 10165K, committed 10368K, reserved 1064960K
  class space    used 1266K, committed 1344K, reserved 1048576K
}

Deoptimization events (20 events):
Event: 1.085 Thread 0x000001d01afa4fb0 DEOPT PACKING pc=0x000001d0002e0725 sp=0x00000092cdefe000
Event: 1.085 Thread 0x000001d01afa4fb0 DEOPT UNPACKING pc=0x000001d0074a2b43 sp=0x00000092cdefd4b0 mode 0
Event: 1.105 Thread 0x000001d01afa4fb0 Uncommon trap: trap_request=0xffffff45 fr.pc=0x000001d007c1cac0 relative=0x0000000000000220
Event: 1.105 Thread 0x000001d01afa4fb0 Uncommon trap: reason=unstable_if action=reinterpret pc=0x000001d007c1cac0 method=com.sun.javafx.image.impl.ByteBgra$ToByteBgraPreConv.doConvert([BII[BIIII)V @ 80 c2
Event: 1.105 Thread 0x000001d01afa4fb0 DEOPT PACKING pc=0x000001d007c1cac0 sp=0x00000092cdefde40
Event: 1.105 Thread 0x000001d01afa4fb0 DEOPT UNPACKING pc=0x000001d0074a23a3 sp=0x00000092cdefdd90 mode 2
Event: 1.105 Thread 0x000001d01afa4fb0 Uncommon trap: trap_request=0xffffff45 fr.pc=0x000001d007c1a8e4 relative=0x00000000000001c4
Event: 1.105 Thread 0x000001d01afa4fb0 Uncommon trap: reason=unstable_if action=reinterpret pc=0x000001d007c1a8e4 method=com.sun.javafx.image.impl.ByteBgra$ToByteBgraPreConv.doConvert([BII[BIIII)V @ 80 c2
Event: 1.105 Thread 0x000001d01afa4fb0 DEOPT PACKING pc=0x000001d007c1a8e4 sp=0x00000092cdefde00
Event: 1.105 Thread 0x000001d01afa4fb0 DEOPT UNPACKING pc=0x000001d0074a23a3 sp=0x00000092cdefdd90 mode 2
Event: 1.115 Thread 0x000001d01afa4fb0 DEOPT PACKING pc=0x000001d000404f7f sp=0x00000092cdefde40
Event: 1.115 Thread 0x000001d01afa4fb0 DEOPT UNPACKING pc=0x000001d0074a2b43 sp=0x00000092cdefd288 mode 0
Event: 1.116 Thread 0x000001d01afa4fb0 DEOPT PACKING pc=0x000001d000404f7f sp=0x00000092cdefde40
Event: 1.116 Thread 0x000001d01afa4fb0 DEOPT UNPACKING pc=0x000001d0074a2b43 sp=0x00000092cdefd288 mode 0
Event: 1.117 Thread 0x000001d01afa4fb0 DEOPT PACKING pc=0x000001d000404f7f sp=0x00000092cdefde40
Event: 1.117 Thread 0x000001d01afa4fb0 DEOPT UNPACKING pc=0x000001d0074a2b43 sp=0x00000092cdefd288 mode 0
Event: 1.118 Thread 0x000001d01afa4fb0 DEOPT PACKING pc=0x000001d000404f7f sp=0x00000092cdefde40
Event: 1.118 Thread 0x000001d01afa4fb0 DEOPT UNPACKING pc=0x000001d0074a2b43 sp=0x00000092cdefd288 mode 0
Event: 1.260 Thread 0x000001d01afa4fb0 DEOPT PACKING pc=0x000001d0002e2bb8 sp=0x00000092cdefdc20
Event: 1.260 Thread 0x000001d01afa4fb0 DEOPT UNPACKING pc=0x000001d0074a2b43 sp=0x00000092cdefd0e8 mode 0

Classes unloaded (0 events):
No events

Classes redefined (0 events):
No events

Internal exceptions (20 events):
Event: 0.157 Thread 0x000001d076fa5290 Exception <a 'java/lang/NoSuchMethodError'{0x000000072f9cf750}: 'java.lang.Object java.lang.invoke.DirectMethodHandle$Holder.invokeInterface(java.lang.Object, java.lang.Object)'> (0x000000072f9cf750) 
thrown [s\open\src\hotspot\share\interpreter\linkResolver.cpp, line 759]
Event: 0.158 Thread 0x000001d076fa5290 Exception <a 'java/lang/IncompatibleClassChangeError'{0x000000072f9d2dc8}: Found class java.lang.Object, but interface was expected> (0x000000072f9d2dc8) 
thrown [s\open\src\hotspot\share\interpreter\linkResolver.cpp, line 826]
Event: 0.158 Thread 0x000001d076fa5290 Exception <a 'java/lang/NoSuchMethodError'{0x000000072f9d5b90}: 'void java.lang.invoke.DirectMethodHandle$Holder.invokeStatic(java.lang.Object, java.lang.Object, java.lang.Object, java.lang.Object)'> (0x000000072f9d5b90) 
thrown [s\open\src\hotspot\share\interpreter\linkResolver.cpp, line 759]
Event: 0.199 Thread 0x000001d01b519be0 Exception <a 'java/lang/NoSuchMethodError'{0x000000072f72c908}: 'java.lang.Object java.lang.invoke.DirectMethodHandle$Holder.invokeStaticInit(java.lang.Object)'> (0x000000072f72c908) 
thrown [s\open\src\hotspot\share\interpreter\linkResolver.cpp, line 759]
Event: 0.203 Thread 0x000001d01b519be0 Exception <a 'java/lang/ClassNotFoundException'{0x000000072f737ac8}: jdk/net/ExtendedSocketOptions> (0x000000072f737ac8) 
thrown [s\open\src\hotspot\share\classfile\systemDictionary.cpp, line 256]
Event: 0.203 Thread 0x000001d01b519be0 Exception <a 'java/lang/NoSuchMethodError'{0x000000072f739360}: 'void java.lang.invoke.DirectMethodHandle$Holder.invokeStatic(java.lang.Object, java.lang.Object)'> (0x000000072f739360) 
thrown [s\open\src\hotspot\share\interpreter\linkResolver.cpp, line 759]
Event: 0.386 Thread 0x000001d076fa5290 Exception <a 'java/lang/NoSuchMethodError'{0x000000072ee46190}: 'void java.lang.invoke.DirectMethodHandle$Holder.invokeStatic(java.lang.Object, java.lang.Object, java.lang.Object)'> (0x000000072ee46190) 
thrown [s\open\src\hotspot\share\interpreter\linkResolver.cpp, line 759]
Event: 0.416 Thread 0x000001d076fa5290 Exception <a 'java/lang/NoSuchMethodError'{0x000000072ee62c90}: 'int java.lang.invoke.DirectMethodHandle$Holder.invokeStaticInit(java.lang.Object, java.lang.Object, java.lang.Object)'> (0x000000072ee62c90) 
thrown [s\open\src\hotspot\share\interpreter\linkResolver.cpp, line 759]
Event: 0.431 Thread 0x000001d076fa5290 Exception <a 'java/lang/NoSuchMethodError'{0x000000072ef95ef0}: 'java.lang.Object java.lang.invoke.DirectMethodHandle$Holder.newInvokeSpecial(java.lang.Object, java.lang.Object, int, java.lang.Object)'> (0x000000072ef95ef0) 
thrown [s\open\src\hotspot\share\interpreter\linkResolver.cpp, line 759]
Event: 0.432 Thread 0x000001d076fa5290 Exception <a 'java/lang/NoSuchMethodError'{0x000000072ef9a2d0}: 'java.lang.Object java.lang.invoke.DirectMethodHandle$Holder.invokeSpecial(java.lang.Object, java.lang.Object, java.lang.Object, int, java.lang.Object)'> (0x000000072ef9a2d0) 
thrown [s\open\src\hotspot\share\interpreter\linkResolver.cpp, line 759]
Event: 0.481 Thread 0x000001d01afa4fb0 Exception <a 'java/lang/NoSuchMethodError'{0x000000072fe34858}: 'void java.lang.invoke.DirectMethodHandle$Holder.invokeStaticInit(java.lang.Object)'> (0x000000072fe34858) 
thrown [s\open\src\hotspot\share\interpreter\linkResolver.cpp, line 759]
Event: 0.483 Thread 0x000001d076fa5290 Exception <a 'java/lang/NoSuchMethodError'{0x000000072fe69cb8}: 'java.lang.Object java.lang.invoke.DirectMethodHandle$Holder.newInvokeSpecial(java.lang.Object, java.lang.Object, java.lang.Object, java.lang.Object, java.lang.Object, java.lang.Object)'> (0x000000072fe69cb8) 
thrown [s\open\src\hotspot\share\interpreter\linkResolver.cpp, line 759]
Event: 0.501 Thread 0x000001d076fa5290 Exception <a 'java/lang/NoSuchMethodError'{0x000000072fff5078}: 'java.lang.Object java.lang.invoke.DirectMethodHandle$Holder.newInvokeSpecial(java.lang.Object, java.lang.Object, java.lang.Object, java.lang.Object, java.lang.Object)'> (0x000000072fff5078) 
thrown [s\open\src\hotspot\share\interpreter\linkResolver.cpp, line 759]
Event: 0.527 Thread 0x000001d01afa4fb0 Exception <a 'sun/nio/fs/WindowsException'{0x000000072fa11e80}> (0x000000072fa11e80) 
thrown [s\open\src\hotspot\share\prims\jni.cpp, line 516]
Event: 0.556 Thread 0x000001d01afa4fb0 Exception <a 'java/lang/NoSuchMethodError'{0x000000072f8d0938}: 'java.lang.Object java.lang.invoke.DirectMethodHandle$Holder.invokeStaticInit(java.lang.Object, java.lang.Object, java.lang.Object, java.lang.Object)'> (0x000000072f8d0938) 
thrown [s\open\src\hotspot\share\interpreter\linkResolver.cpp, line 759]
Event: 0.558 Thread 0x000001d01afa4fb0 Exception <a 'java/lang/NullPointerException'{0x000000072f8dc600}> (0x000000072f8dc600) 
thrown [s\open\src\hotspot\share\interpreter\linkResolver.cpp, line 1350]
Event: 0.599 Thread 0x000001d01afa4fb0 Exception <a 'sun/nio/fs/WindowsException'{0x000000072f467568}> (0x000000072f467568) 
thrown [s\open\src\hotspot\share\prims\jni.cpp, line 516]
Event: 0.634 Thread 0x000001d01afa4fb0 Implicit null exception at 0x000001d007bcff5c to 0x000001d007bd0e98
Event: 0.708 Thread 0x000001d01afa4fb0 Exception <a 'java/lang/NoSuchMethodError'{0x000000072fdcc3e8}: 'java.lang.Object java.lang.invoke.DirectMethodHandle$Holder.invokeSpecial(java.lang.Object, java.lang.Object, java.lang.Object, java.lang.Object, int)'> (0x000000072fdcc3e8) 
thrown [s\open\src\hotspot\share\interpreter\linkResolver.cpp, line 759]
Event: 0.709 Thread 0x000001d01afa4fb0 Exception <a 'java/lang/NoSuchMethodError'{0x000000072fdcffb0}: 'java.lang.Object java.lang.invoke.Invokers$Holder.linkToTargetMethod(java.lang.Object, java.lang.Object, int, java.lang.Object)'> (0x000000072fdcffb0) 
thrown [s\open\src\hotspot\share\interpreter\linkResolver.cpp, line 759]

VM Operations (18 events):
Event: 0.143 Executing VM operation: HandshakeAllThreads
Event: 0.143 Executing VM operation: HandshakeAllThreads done
Event: 0.156 Executing VM operation: HandshakeAllThreads
Event: 0.156 Executing VM operation: HandshakeAllThreads done
Event: 0.198 Executing VM operation: HandshakeAllThreads
Event: 0.198 Executing VM operation: HandshakeAllThreads done
Event: 0.424 Executing VM operation: HandshakeAllThreads
Event: 0.424 Executing VM operation: HandshakeAllThreads done
Event: 0.468 Executing VM operation: G1CollectForAllocation
Event: 0.471 Executing VM operation: G1CollectForAllocation done
Event: 0.675 Executing VM operation: G1CollectForAllocation
Event: 0.686 Executing VM operation: G1CollectForAllocation done
Event: 0.997 Executing VM operation: G1CollectForAllocation
Event: 1.005 Executing VM operation: G1CollectForAllocation done
Event: 1.219 Executing VM operation: G1CollectForAllocation
Event: 1.224 Executing VM operation: G1CollectForAllocation done
Event: 1.729 Executing VM operation: G1CollectForAllocation
Event: 1.742 Executing VM operation: G1CollectForAllocation done

Events (20 events):
Event: 1.016 loading class sun/util/cldr/CLDRTimeZoneNameProviderImpl done
Event: 1.018 loading class sun/util/locale/provider/BaseLocaleDataMetaInfo
Event: 1.018 loading class sun/util/locale/provider/BaseLocaleDataMetaInfo done
Event: 1.019 loading class sun/util/resources/cldr/TimeZoneNames
Event: 1.019 loading class sun/util/resources/TimeZoneNamesBundle
Event: 1.019 loading class sun/util/resources/OpenListResourceBundle
Event: 1.019 loading class sun/util/resources/OpenListResourceBundle done
Event: 1.019 loading class sun/util/resources/TimeZoneNamesBundle done
Event: 1.020 loading class sun/util/resources/cldr/TimeZoneNames done
Event: 1.020 loading class sun/util/resources/cldr/TimeZoneNames_en
Event: 1.020 loading class sun/util/resources/cldr/TimeZoneNames_en done
Event: 1.021 loading class sun/util/resources/cldr/TimeZoneNames_en_US
Event: 1.021 loading class sun/util/resources/cldr/TimeZoneNames_en_US done
Event: 1.022 loading class sun/util/resources/TimeZoneNames
Event: 1.022 loading class sun/util/resources/TimeZoneNames done
Event: 1.022 loading class sun/util/resources/TimeZoneNames_en
Event: 1.022 loading class sun/util/resources/TimeZoneNames_en done
Event: 1.620 Thread 0x000001d01a7a6120 Thread exited: 0x000001d01a7a6120
Event: 1.802 Thread 0x000001d01a1a4b70 Thread exited: 0x000001d01a1a4b70
Event: 1.802 Thread 0x000001d019590fd0 Thread exited: 0x000001d019590fd0


Dynamic libraries:
0x00007ff6af880000 - 0x00007ff6af890000 	C:\Program Files\Java\jdk-17\bin\java.exe
0x00007ffe4e060000 - 0x00007ffe4e269000 	C:\Windows\SYSTEM32\ntdll.dll
0x00007ffe4d510000 - 0x00007ffe4d5ce000 	C:\Windows\System32\KERNEL32.DLL
0x00007ffe4bb40000 - 0x00007ffe4bec4000 	C:\Windows\System32\KERNELBASE.dll
0x00007ffe4b510000 - 0x00007ffe4b621000 	C:\Windows\System32\ucrtbase.dll
0x00007ffe3acb0000 - 0x00007ffe3accb000 	C:\Program Files\Java\jdk-17\bin\VCRUNTIME140.dll
0x00007ffe3a940000 - 0x00007ffe3a958000 	C:\Program Files\Java\jdk-17\bin\jli.dll
0x00007ffe4dee0000 - 0x00007ffe4df8f000 	C:\Windows\System32\ADVAPI32.dll
0x00007ffe4de00000 - 0x00007ffe4dea3000 	C:\Windows\System32\msvcrt.dll
0x00007ffe4ca10000 - 0x00007ffe4caae000 	C:\Windows\System32\sechost.dll
0x00007ffe4cab0000 - 0x00007ffe4cbd1000 	C:\Windows\System32\RPCRT4.dll
0x00007ffe4d5d0000 - 0x00007ffe4d77d000 	C:\Windows\System32\USER32.dll
0x00007ffe37540000 - 0x00007ffe377e5000 	C:\Windows\WinSxS\amd64_microsoft.windows.common-controls_6595b64144ccf1df_6.0.22000.120_none_9d947278b86cc467\COMCTL32.dll
0x00007ffe4b940000 - 0x00007ffe4b966000 	C:\Windows\System32\win32u.dll
0x00007ffe4dcc0000 - 0x00007ffe4dcea000 	C:\Windows\System32\GDI32.dll
0x00007ffe4b7a0000 - 0x00007ffe4b8bf000 	C:\Windows\System32\gdi32full.dll
0x00007ffe442f0000 - 0x00007ffe442fa000 	C:\Windows\SYSTEM32\VERSION.dll
0x00007ffe4b970000 - 0x00007ffe4ba0d000 	C:\Windows\System32\msvcp_win.dll
0x00007ffe4d4d0000 - 0x00007ffe4d501000 	C:\Windows\System32\IMM32.DLL
0x00007ffe3c380000 - 0x00007ffe3c38c000 	C:\Program Files\Java\jdk-17\bin\vcruntime140_1.dll
0x00007ffe3a600000 - 0x00007ffe3a68e000 	C:\Program Files\Java\jdk-17\bin\msvcp140.dll
0x00007ffda4bc0000 - 0x00007ffda5797000 	C:\Program Files\Java\jdk-17\bin\server\jvm.dll
0x00007ffe4cbe0000 - 0x00007ffe4cbe8000 	C:\Windows\System32\PSAPI.DLL
0x00007ffe3ba90000 - 0x00007ffe3ba99000 	C:\Windows\SYSTEM32\WSOCK32.dll
0x00007ffe42550000 - 0x00007ffe42583000 	C:\Windows\SYSTEM32\WINMM.dll
0x00007ffe4dc40000 - 0x00007ffe4dcaf000 	C:\Windows\System32\WS2_32.dll
0x00007ffe4a640000 - 0x00007ffe4a658000 	C:\Windows\SYSTEM32\kernel.appcore.dll
0x00007ffe3b610000 - 0x00007ffe3b61a000 	C:\Program Files\Java\jdk-17\bin\jimage.dll
0x00007ffe49200000 - 0x00007ffe49421000 	C:\Windows\SYSTEM32\DBGHELP.DLL
0x00007ffe31160000 - 0x00007ffe31191000 	C:\Windows\SYSTEM32\dbgcore.DLL
0x00007ffe4b8c0000 - 0x00007ffe4b93f000 	C:\Windows\System32\bcryptPrimitives.dll
0x00007ffe3cc80000 - 0x00007ffe3cc8e000 	C:\Program Files\Java\jdk-17\bin\instrument.dll
0x00007ffe3a7d0000 - 0x00007ffe3a7f5000 	C:\Program Files\Java\jdk-17\bin\java.dll
0x00007ffe11260000 - 0x00007ffe11337000 	C:\Program Files\Java\jdk-17\bin\jsvml.dll
0x00007ffe4c030000 - 0x00007ffe4c7f5000 	C:\Windows\System32\SHELL32.dll
0x00007ffe495c0000 - 0x00007ffe49e24000 	C:\Windows\SYSTEM32\windows.storage.dll
0x00007ffe4d060000 - 0x00007ffe4d3d6000 	C:\Windows\System32\combase.dll
0x00007ffe49450000 - 0x00007ffe495b7000 	C:\Windows\SYSTEM32\wintypes.dll
0x00007ffe4d930000 - 0x00007ffe4da1a000 	C:\Windows\System32\SHCORE.dll
0x00007ffe4dbe0000 - 0x00007ffe4dc3d000 	C:\Windows\System32\shlwapi.dll
0x00007ffe4b440000 - 0x00007ffe4b461000 	C:\Windows\SYSTEM32\profapi.dll
0x00007ffe3a5e0000 - 0x00007ffe3a5f9000 	C:\Program Files\Java\jdk-17\bin\net.dll
0x00007ffe45220000 - 0x00007ffe45333000 	C:\Windows\SYSTEM32\WINHTTP.dll
0x00007ffe4aad0000 - 0x00007ffe4ab37000 	C:\Windows\system32\mswsock.dll
0x00007ffe3a5c0000 - 0x00007ffe3a5d6000 	C:\Program Files\Java\jdk-17\bin\nio.dll
0x00007ffe3a5a0000 - 0x00007ffe3a5b8000 	C:\Program Files\Java\jdk-17\bin\zip.dll
0x00007ffe3a190000 - 0x00007ffe3a1aa000 	C:\Program Files\JetBrains\IntelliJ IDEA 2022.2\bin\breakgen64.dll
0x000001d0197c0000 - 0x000001d0197c3000 	C:\Users\Ausu\.openjfx\cache\17.0.2-ea\api-ms-win-core-console-l1-1-0.dll
0x000001d0197d0000 - 0x000001d0197d3000 	C:\Users\Ausu\.openjfx\cache\17.0.2-ea\api-ms-win-core-console-l1-2-0.dll
0x000001d0197e0000 - 0x000001d0197e3000 	C:\Users\Ausu\.openjfx\cache\17.0.2-ea\api-ms-win-core-datetime-l1-1-0.dll
0x000001d0197f0000 - 0x000001d0197f3000 	C:\Users\Ausu\.openjfx\cache\17.0.2-ea\api-ms-win-core-debug-l1-1-0.dll
0x000001d01bbd0000 - 0x000001d01bbd3000 	C:\Users\Ausu\.openjfx\cache\17.0.2-ea\api-ms-win-core-errorhandling-l1-1-0.dll
0x000001d01bbe0000 - 0x000001d01bbe4000 	C:\Users\Ausu\.openjfx\cache\17.0.2-ea\api-ms-win-core-file-l1-1-0.dll
0x000001d01bbf0000 - 0x000001d01bbf3000 	C:\Users\Ausu\.openjfx\cache\17.0.2-ea\api-ms-win-core-file-l1-2-0.dll
0x000001d01bc00000 - 0x000001d01bc03000 	C:\Users\Ausu\.openjfx\cache\17.0.2-ea\api-ms-win-core-file-l2-1-0.dll
0x000001d01bc10000 - 0x000001d01bc13000 	C:\Users\Ausu\.openjfx\cache\17.0.2-ea\api-ms-win-core-handle-l1-1-0.dll
0x000001d01bc20000 - 0x000001d01bc23000 	C:\Users\Ausu\.openjfx\cache\17.0.2-ea\api-ms-win-core-heap-l1-1-0.dll
0x000001d01bc30000 - 0x000001d01bc33000 	C:\Users\Ausu\.openjfx\cache\17.0.2-ea\api-ms-win-core-interlocked-l1-1-0.dll
0x000001d01bc40000 - 0x000001d01bc43000 	C:\Users\Ausu\.openjfx\cache\17.0.2-ea\api-ms-win-core-libraryloader-l1-1-0.dll
0x000001d01bc50000 - 0x000001d01bc53000 	C:\Users\Ausu\.openjfx\cache\17.0.2-ea\api-ms-win-core-localization-l1-2-0.dll
0x000001d01bc60000 - 0x000001d01bc63000 	C:\Users\Ausu\.openjfx\cache\17.0.2-ea\api-ms-win-core-memory-l1-1-0.dll
0x000001d01bc70000 - 0x000001d01bc73000 	C:\Users\Ausu\.openjfx\cache\17.0.2-ea\api-ms-win-core-namedpipe-l1-1-0.dll
0x000001d01bc80000 - 0x000001d01bc83000 	C:\Users\Ausu\.openjfx\cache\17.0.2-ea\api-ms-win-core-processenvironment-l1-1-0.dll
0x000001d01bc90000 - 0x000001d01bc93000 	C:\Users\Ausu\.openjfx\cache\17.0.2-ea\api-ms-win-core-processthreads-l1-1-0.dll
0x000001d01bca0000 - 0x000001d01bca3000 	C:\Users\Ausu\.openjfx\cache\17.0.2-ea\api-ms-win-core-processthreads-l1-1-1.dll
0x000001d01bcb0000 - 0x000001d01bcb3000 	C:\Users\Ausu\.openjfx\cache\17.0.2-ea\api-ms-win-core-profile-l1-1-0.dll
0x000001d01bcc0000 - 0x000001d01bcc3000 	C:\Users\Ausu\.openjfx\cache\17.0.2-ea\api-ms-win-core-rtlsupport-l1-1-0.dll
0x000001d01bcd0000 - 0x000001d01bcd3000 	C:\Users\Ausu\.openjfx\cache\17.0.2-ea\api-ms-win-core-string-l1-1-0.dll
0x000001d01bce0000 - 0x000001d01bce3000 	C:\Users\Ausu\.openjfx\cache\17.0.2-ea\api-ms-win-core-synch-l1-1-0.dll
0x000001d01bcf0000 - 0x000001d01bcf3000 	C:\Users\Ausu\.openjfx\cache\17.0.2-ea\api-ms-win-core-synch-l1-2-0.dll
0x000001d01bd00000 - 0x000001d01bd03000 	C:\Users\Ausu\.openjfx\cache\17.0.2-ea\api-ms-win-core-sysinfo-l1-1-0.dll
0x000001d01bd10000 - 0x000001d01bd13000 	C:\Users\Ausu\.openjfx\cache\17.0.2-ea\api-ms-win-core-timezone-l1-1-0.dll
0x000001d01bd20000 - 0x000001d01bd23000 	C:\Users\Ausu\.openjfx\cache\17.0.2-ea\api-ms-win-core-util-l1-1-0.dll
0x000001d01bd30000 - 0x000001d01bd33000 	C:\Users\Ausu\.openjfx\cache\17.0.2-ea\api-ms-win-crt-conio-l1-1-0.dll
0x000001d01bd40000 - 0x000001d01bd44000 	C:\Users\Ausu\.openjfx\cache\17.0.2-ea\api-ms-win-crt-convert-l1-1-0.dll
0x000001d01bd50000 - 0x000001d01bd53000 	C:\Users\Ausu\.openjfx\cache\17.0.2-ea\api-ms-win-crt-environment-l1-1-0.dll
0x000001d01bd60000 - 0x000001d01bd63000 	C:\Users\Ausu\.openjfx\cache\17.0.2-ea\api-ms-win-crt-filesystem-l1-1-0.dll
0x000001d01bd70000 - 0x000001d01bd73000 	C:\Users\Ausu\.openjfx\cache\17.0.2-ea\api-ms-win-crt-heap-l1-1-0.dll
0x000001d01bd80000 - 0x000001d01bd83000 	C:\Users\Ausu\.openjfx\cache\17.0.2-ea\api-ms-win-crt-locale-l1-1-0.dll
0x000001d01bd90000 - 0x000001d01bd95000 	C:\Users\Ausu\.openjfx\cache\17.0.2-ea\api-ms-win-crt-math-l1-1-0.dll
0x000001d01bda0000 - 0x000001d01bda5000 	C:\Users\Ausu\.openjfx\cache\17.0.2-ea\api-ms-win-crt-multibyte-l1-1-0.dll
0x000001d01bdb0000 - 0x000001d01bdc0000 	C:\Users\Ausu\.openjfx\cache\17.0.2-ea\api-ms-win-crt-private-l1-1-0.dll
0x000001d01bdc0000 - 0x000001d01bdc3000 	C:\Users\Ausu\.openjfx\cache\17.0.2-ea\api-ms-win-crt-process-l1-1-0.dll
0x000001d01bdd0000 - 0x000001d01bdd4000 	C:\Users\Ausu\.openjfx\cache\17.0.2-ea\api-ms-win-crt-runtime-l1-1-0.dll
0x000001d01bde0000 - 0x000001d01bde4000 	C:\Users\Ausu\.openjfx\cache\17.0.2-ea\api-ms-win-crt-stdio-l1-1-0.dll
0x000001d01bdf0000 - 0x000001d01bdf4000 	C:\Users\Ausu\.openjfx\cache\17.0.2-ea\api-ms-win-crt-string-l1-1-0.dll
0x000001d01be00000 - 0x000001d01be03000 	C:\Users\Ausu\.openjfx\cache\17.0.2-ea\api-ms-win-crt-time-l1-1-0.dll
0x000001d01be10000 - 0x000001d01be13000 	C:\Users\Ausu\.openjfx\cache\17.0.2-ea\api-ms-win-crt-utility-l1-1-0.dll
0x00007ffe39960000 - 0x00007ffe39a5c000 	C:\Users\Ausu\.openjfx\cache\17.0.2-ea\ucrtbase.dll
0x00007ffe3a910000 - 0x00007ffe3a92a000 	C:\Users\Ausu\.openjfx\cache\17.0.2-ea\vcruntime140.dll
0x00007ffe3a900000 - 0x00007ffe3a90c000 	C:\Users\Ausu\.openjfx\cache\17.0.2-ea\vcruntime140_1.dll
0x00007ffe398d0000 - 0x00007ffe3995d000 	C:\Users\Ausu\.openjfx\cache\17.0.2-ea\msvcp140.dll
0x00007ffe394f0000 - 0x00007ffe3951a000 	C:\Users\Ausu\.openjfx\cache\17.0.2-ea\prism_d3d.dll
0x00007ffe3d440000 - 0x00007ffe3d5e6000 	C:\Windows\system32\d3d9.dll
0x00007ffe48bd0000 - 0x00007ffe48bff000 	C:\Windows\SYSTEM32\dwmapi.dll
0x00007ffe48a50000 - 0x00007ffe48a88000 	C:\Windows\SYSTEM32\dxcore.dll
0x00007ffe487a0000 - 0x00007ffe4884c000 	C:\Windows\system32\uxtheme.dll
0x00007ffe42120000 - 0x00007ffe422da000 	C:\Windows\System32\DriverStore\FileRepository\u0381698.inf_amd64_c210a171e1a050ef\B381591\aticfx64.dll
0x00007ffe394b0000 - 0x00007ffe394e4000 	C:\Windows\System32\DriverStore\FileRepository\u0381698.inf_amd64_c210a171e1a050ef\B381591\atiu9p64.dll
0x00007ffd96830000 - 0x00007ffd97586000 	C:\Windows\System32\DriverStore\FileRepository\u0381698.inf_amd64_c210a171e1a050ef\B381591\atiumd64.dll
0x00007ffe4d780000 - 0x00007ffe4d91a000 	C:\Windows\System32\ole32.dll
0x00000000762f0000 - 0x00000000771af000 	C:\Windows\System32\DriverStore\FileRepository\u0381698.inf_amd64_c210a171e1a050ef\B381591\atiumd6a.dll
0x00007ffe4cbf0000 - 0x00007ffe4d05c000 	C:\Windows\System32\SETUPAPI.dll
0x00007ffe49e40000 - 0x00007ffe49e8d000 	C:\Windows\SYSTEM32\POWRPROF.dll
0x00007ffe49f30000 - 0x00007ffe49f43000 	C:\Windows\SYSTEM32\UMPDC.dll
0x00007ffe41730000 - 0x00007ffe41760000 	C:\Windows\SYSTEM32\amdihk64.dll
0x00007ffe46610000 - 0x00007ffe46654000 	C:\Windows\SYSTEM32\directxdatabasehelper.dll
0x00007ffe4a660000 - 0x00007ffe4a694000 	C:\Windows\SYSTEM32\ntmarta.dll
0x00007ffe38b00000 - 0x00007ffe38b42000 	C:\Users\Ausu\.openjfx\cache\17.0.2-ea\glass.dll
0x00007ffe4c800000 - 0x00007ffe4c8ec000 	C:\Windows\System32\COMDLG32.dll
0x00007ffe4bf50000 - 0x00007ffe4c026000 	C:\Windows\System32\OLEAUT32.dll
0x00007ffe4c8f0000 - 0x00007ffe4ca0d000 	C:\Windows\System32\MSCTF.dll
0x00007ffe3a580000 - 0x00007ffe3a594000 	C:\Users\Ausu\.openjfx\cache\17.0.2-ea\javafx_font.dll
0x00007ffe30dd0000 - 0x00007ffe3102f000 	C:\Windows\SYSTEM32\dwrite.dll

dbghelp: loaded successfully - version: 4.0.5 - missing functions: none
symbol engine: initialized successfully - sym options: 0x614 - pdb path: .;C:\Program Files\Java\jdk-17\bin;C:\Windows\SYSTEM32;C:\Windows\WinSxS\amd64_microsoft.windows.common-controls_6595b64144ccf1df_6.0.22000.120_none_9d947278b86cc467;C:\Program Files\Java\jdk-17\bin\server;C:\Program Files\JetBrains\IntelliJ IDEA 2022.2\bin;C:\Users\Ausu\.openjfx\cache\17.0.2-ea;C:\Windows\System32\DriverStore\FileRepository\u0381698.inf_amd64_c210a171e1a050ef\B381591

VM Arguments:
jvm_args: -javaagent:C:\Program Files\JetBrains\IntelliJ IDEA 2022.2\lib\idea_rt.jar=11945:C:\Program Files\JetBrains\IntelliJ IDEA 2022.2\bin -Dfile.encoding=UTF-8 --module-path=C:\Users\Ausu\.m2\repository\commons-codec\commons-codec\1.15\commons-codec-1.15.jar;C:\Users\Ausu\.m2\repository\org\openjfx\javafx-graphics\17.0.2\javafx-graphics-17.0.2-win.jar;C:\Users\Ausu\.m2\repository\org\openjfx\javafx-controls\17.0.2\javafx-controls-17.0.2-win.jar;D:\University\Semester2\project-group-09\crusader\target\classes;C:\Users\Ausu\.m2\repository\org\projectlombok\lombok\1.18.26\lombok-1.18.26.jar;C:\Users\Ausu\.m2\repository\com\google\code\gson\gson\2.10.1\gson-2.10.1.jar;C:\Users\Ausu\.m2\repository\org\openjfx\javafx-media\16\javafx-media-16-win.jar;C:\Users\Ausu\.m2\repository\org\openjfx\javafx-base\17.0.2\javafx-base-17.0.2-win.jar;C:\Users\Ausu\.m2\repository\org\openjfx\javafx-fxml\17.0.2\javafx-fxml-17.0.2-win.jar -Djdk.module.main=crusader 
java_command: crusader/view.menus.GameMenu
java_class_path (initial): C:\Users\Ausu\.m2\repository\junit\junit\4.13.2\junit-4.13.2.jar;C:\Users\Ausu\.m2\repository\org\hamcrest\hamcrest-core\1.3\hamcrest-core-1.3.jar;C:\Users\Ausu\.m2\repository\org\junit\jupiter\junit-jupiter\5.10.0-M1\junit-jupiter-5.10.0-M1.jar;C:\Users\Ausu\.m2\repository\org\junit\jupiter\junit-jupiter-api\5.10.0-M1\junit-jupiter-api-5.10.0-M1.jar;C:\Users\Ausu\.m2\repository\org\opentest4j\opentest4j\1.2.0\opentest4j-1.2.0.jar;C:\Users\Ausu\.m2\repository\org\junit\platform\junit-platform-commons\1.10.0-M1\junit-platform-commons-1.10.0-M1.jar;C:\Users\Ausu\.m2\repository\org\apiguardian\apiguardian-api\1.1.2\apiguardian-api-1.1.2.jar;C:\Users\Ausu\.m2\repository\org\junit\jupiter\junit-jupiter-params\5.10.0-M1\junit-jupiter-params-5.10.0-M1.jar;C:\Users\Ausu\.m2\repository\org\junit\jupiter\junit-jupiter-engine\5.10.0-M1\junit-jupiter-engine-5.10.0-M1.jar;C:\Users\Ausu\.m2\repository\org\junit\platform\junit-platform-engine\1.10.0-M1\junit-platform-engine-1.10.0-M1.jar;C:\Users\Ausu\.m2\repository\org\openjfx\javafx-controls\17.0.2\javafx-controls-17.0.2.jar;C:\Users\Ausu\.m2\repository\org\openjfx\javafx-graphics\17.0.2\javafx-graphics-17.0.2.jar;C:\Users\Ausu\.m2\repository\org\openjfx\javafx-base\17.0.2\javafx-base-17.0.2.jar;C:\Users\Ausu\.m2\repository\org\openjfx\javafx-fxml\17.0.2\javafx-fxml-17.0.2.jar;C:\Users\Ausu\.m2\repository\org\openjfx\javafx-media\16\javafx-media-16.jar;C:\Users\Ausu\.m2\repository\org\python\jython-standalone\2.7.3\jython-standalone-2.7.3.jar
Launcher Type: SUN_STANDARD

[Global flags]
     intx CICompilerCount                          = 12                                        {product} {ergonomic}
     uint ConcGCThreads                            = 3                                         {product} {ergonomic}
     uint G1ConcRefinementThreads                  = 13                                        {product} {ergonomic}
   size_t G1HeapRegionSize                         = 2097152                                   {product} {ergonomic}
    uintx GCDrainStackTargetSize                   = 64                                        {product} {ergonomic}
   size_t InitialHeapSize                          = 232783872                                 {product} {ergonomic}
   size_t MarkStackSize                            = 4194304                                   {product} {ergonomic}
   size_t MaxHeapSize                              = 3720347648                                {product} {ergonomic}
   size_t MaxNewSize                               = 2231369728                                {product} {ergonomic}
   size_t MinHeapDeltaBytes                        = 2097152                                   {product} {ergonomic}
   size_t MinHeapSize                              = 8388608                                   {product} {ergonomic}
    uintx NonNMethodCodeHeapSize                   = 7602480                                {pd product} {ergonomic}
    uintx NonProfiledCodeHeapSize                  = 122027880                              {pd product} {ergonomic}
    uintx ProfiledCodeHeapSize                     = 122027880                              {pd product} {ergonomic}
    uintx ReservedCodeCacheSize                    = 251658240                              {pd product} {ergonomic}
     bool SegmentedCodeCache                       = true                                      {product} {ergonomic}
   size_t SoftMaxHeapSize                          = 3720347648                             {manageable} {ergonomic}
     bool UseCompressedClassPointers               = true                           {product lp64_product} {ergonomic}
     bool UseCompressedOops                        = true                           {product lp64_product} {ergonomic}
     bool UseG1GC                                  = true                                      {product} {ergonomic}
     bool UseLargePagesIndividualAllocation        = false                                  {pd product} {ergonomic}

Logging:
Log output configuration:
 #0: stdout all=warning uptime,level,tags
 #1: stderr all=off uptime,level,tags

Environment Variables:
PATH=C:\Program Files (x86)\Common Files\Oracle\Java\javapath;C:\Program Files\Common Files\Oracle\Java\javapath;C:\Windows\system32;C:\Windows;C:\Windows\System32\Wbem;C:\Windows\System32\WindowsPowerShell\v1.0\;C:\Windows\System32\OpenSSH\;C:\Program Files (x86)\NVIDIA Corporation\PhysX\Common;C:\Program Files\NVIDIA Corporation\NVIDIA NvDLISR;C:\Program Files\Microsoft VS Code\bin;C:\MinGW\bin;C:\Program Files\Git\cmd;C:\Program Files\Java\jdk-19\bin;C:\Users\Ausu\AppData\Local\Programs\Python\Python311\Scripts\;C:\Users\Ausu\AppData\Local\Programs\Python\Python311\;C:\Users\Ausu\AppData\Local\Microsoft\WindowsApps;C:\Users\Ausu\AppData\Local\GitHubDesktop\bin;C:\Program Files\JetBrains\IntelliJ IDEA 2022.2\bin;
USERNAME=AmirS
OS=Windows_NT
PROCESSOR_IDENTIFIER=AMD64 Family 25 Model 80 Stepping 0, AuthenticAMD



---------------  S Y S T E M  ---------------

OS:
 Windows 11 , 64 bit Build 22000 (10.0.22000.1880)
OS uptime: 0 days 11:30 hours
Hyper-V role detected

CPU: total 16 (initial active 16) (16 cores per cpu, 2 threads per core) family 25 model 80 stepping 0 microcode 0x0, cx8, cmov, fxsr, ht, mmx, 3dnowpref, sse, sse2, sse3, ssse3, sse4a, sse4.1, sse4.2, popcnt, lzcnt, tsc, tscinvbit, avx, avx2, aes, erms, clmul, bmi1, bmi2, adx, sha, fma, vzeroupper, clflush, clflushopt, hv

Memory: 4k page, system-wide physical 14188M (4093M free)
TotalPageFile size 16236M (AvailPageFile size 6M)
current process WorkingSet (physical memory assigned to process): 230M, peak: 230M
current process commit charge ("private bytes"): 385M, peak: 387M

vm_info: Java HotSpot(TM) 64-Bit Server VM (17.0.6+9-LTS-190) for windows-amd64 JRE (17.0.6+9-LTS-190), built on Dec  6 2022 15:53:54 by "mach5one" with MS VC++ 17.1 (VS2022)

END.
