#
# There is insufficient memory for the Java Runtime Environment to continue.
# Native memory allocation (mmap) failed to map 1157627904 bytes for G1 virtual space
# Possible reasons:
#   The system is out of physical RAM or swap space
#   The process is running with CompressedOops enabled, and the Java Heap may be blocking the growth of the native heap
# Possible solutions:
#   Reduce memory load on the system
#   Increase physical memory or swap space
#   Check if swap backing store is full
#   Decrease Java heap size (-Xmx/-Xms)
#   Decrease number of Java threads
#   Decrease Java thread stack sizes (-Xss)
#   Set larger code cache with -XX:ReservedCodeCacheSize=
#   JVM is running with Zero Based Compressed Oops mode in which the Java heap is
#     placed in the first 32GB address space. The Java Heap base address is the
#     maximum limit for the native heap growth. Please use -XX:HeapBaseMinAddress
#     to set the Java Heap base and to place the Java Heap above 32GB virtual address.
# This output file may be truncated or incomplete.
#
#  Out of Memory Error (os_windows.cpp:3536), pid=2028, tid=4140
#
# JRE version: Java(TM) SE Runtime Environment (19.0.2+7) (build 19.0.2+7-44)
# Java VM: Java HotSpot(TM) 64-Bit Server VM (19.0.2+7-44, mixed mode, sharing, tiered, compressed oops, compressed class ptrs, g1 gc, windows-amd64)
# No core dump will be written. Minidumps are not enabled by default on client versions of Windows
#

---------------  S U M M A R Y ------------

Command Line: -javaagent:C:\Program Files\JetBrains\IntelliJ IDEA 2022.2\lib\idea_rt.jar=1220:C:\Program Files\JetBrains\IntelliJ IDEA 2022.2\bin -Dfile.encoding=UTF-8 --module-path=C:\Users\Ausu\.m2\repository\com\google\code\gson\gson\2.10.1\gson-2.10.1.jar;C:\Users\Ausu\.m2\repository\commons-codec\commons-codec\1.15\commons-codec-1.15.jar;C:\Users\Ausu\.m2\repository\org\openjfx\javafx-graphics\17.0.2\javafx-graphics-17.0.2-win.jar;C:\Users\Ausu\.m2\repository\org\projectlombok\lombok\1.18.26\lombok-1.18.26.jar;C:\Users\Ausu\.m2\repository\org\openjfx\javafx-controls\17.0.2\javafx-controls-17.0.2-win.jar;C:\Users\Ausu\.m2\repository\org\openjfx\javafx-base\17.0.2\javafx-base-17.0.2-win.jar;D:\University\Semester2\project-group-09\crusader\target\classes;C:\Users\Ausu\.m2\repository\org\openjfx\javafx-fxml\17.0.2\javafx-fxml-17.0.2-win.jar;C:\Users\Ausu\.m2\repository\org\openjfx\javafx-media\16\javafx-media-16-win.jar -Djdk.module.main=crusader -Xmx10g crusader/view.Main

Host: AMD Ryzen 7 5800H with Radeon Graphics         , 16 cores, 13G,  Windows 11 , 64 bit Build 22000 (10.0.22000.2003)
Time: Mon Jun 26 10:34:37 2023 Iran Standard Time elapsed time: 95.382831 seconds (0d 0h 1m 35s)

---------------  T H R E A D  ---------------

Current thread (0x000002205a6e6ab0):  VMThread "VM Thread" [stack: 0x000000d0ffa00000,0x000000d0ffb00000] [id=4140]

Stack: [0x000000d0ffa00000,0x000000d0ffb00000]
Native frames: (J=compiled Java code, j=interpreted, Vv=VM code, C=native code)
V  [jvm.dll+0x6ee21a]
V  [jvm.dll+0x85765e]
V  [jvm.dll+0x85904e]
V  [jvm.dll+0x859703]
V  [jvm.dll+0x28298f]
V  [jvm.dll+0x6eb009]
V  [jvm.dll+0x6dfbaa]
V  [jvm.dll+0x3573f6]
V  [jvm.dll+0x35ee56]
V  [jvm.dll+0x3b541e]
V  [jvm.dll+0x3b564f]
V  [jvm.dll+0x32c9ea]
V  [jvm.dll+0x32ca97]
V  [jvm.dll+0x374cd2]
V  [jvm.dll+0x37340f]
V  [jvm.dll+0x32c210]
V  [jvm.dll+0x3729ab]
V  [jvm.dll+0x85ebc3]
V  [jvm.dll+0x85f989]
V  [jvm.dll+0x85febd]
V  [jvm.dll+0x86034b]
V  [jvm.dll+0x860407]
V  [jvm.dll+0x80125a]
V  [jvm.dll+0x6ecf0b]
C  [ucrtbase.dll+0x26c0c]
C  [KERNEL32.DLL+0x155a0]
C  [ntdll.dll+0x485b]

VM_Operation (0x000000d0814fc960): G1CollectForAllocation, mode: safepoint, requested by thread 0x000002205f4cb0e0


---------------  P R O C E S S  ---------------

Threads class SMR info:
_java_thread_list=0x0000022067b69910, length=25, elements={
0x0000022026d94d30, 0x000002205a6fdc70, 0x000002205a6fe7a0, 0x000002205a705a70,
0x000002205a7063a0, 0x000002205a706cd0, 0x000002205a707a10, 0x000002205a710680,
0x000002205a7144f0, 0x000002205a71d630, 0x000002205f4cb630, 0x000002205f4cc0d0,
0x000002205f4cd0c0, 0x000002205f4cc620, 0x000002205f4ccb70, 0x000002205f4cb0e0,
0x000002205f4cdb60, 0x00000220609b30d0, 0x00000220609b4b60, 0x00000220609b60a0,
0x00000220609b6b40, 0x00000220609ba060, 0x00000220609b50b0, 0x00000220609b7b30,
0x00000220609b8080
}

Java Threads: ( => current thread )
  0x0000022026d94d30 JavaThread "main" [_thread_blocked, id=8028, stack(0x000000d0ff400000,0x000000d0ff500000)]
  0x000002205a6fdc70 JavaThread "Reference Handler" daemon [_thread_blocked, id=12488, stack(0x000000d0ffb00000,0x000000d0ffc00000)]
  0x000002205a6fe7a0 JavaThread "Finalizer" daemon [_thread_blocked, id=16224, stack(0x000000d0ffc00000,0x000000d0ffd00000)]
  0x000002205a705a70 JavaThread "Signal Dispatcher" daemon [_thread_blocked, id=4468, stack(0x000000d0ffd00000,0x000000d0ffe00000)]
  0x000002205a7063a0 JavaThread "Attach Listener" daemon [_thread_blocked, id=10460, stack(0x000000d0ffe00000,0x000000d0fff00000)]
  0x000002205a706cd0 JavaThread "Service Thread" daemon [_thread_blocked, id=9820, stack(0x000000d0fff00000,0x000000d100000000)]
  0x000002205a707a10 JavaThread "Monitor Deflation Thread" daemon [_thread_blocked, id=3636, stack(0x000000d080000000,0x000000d080100000)]
  0x000002205a710680 JavaThread "C2 CompilerThread0" daemon [_thread_blocked, id=7580, stack(0x000000d080100000,0x000000d080200000)]
  0x000002205a7144f0 JavaThread "C1 CompilerThread0" daemon [_thread_blocked, id=10480, stack(0x000000d080200000,0x000000d080300000)]
  0x000002205a71d630 JavaThread "Sweeper thread" daemon [_thread_blocked, id=8248, stack(0x000000d080300000,0x000000d080400000)]
  0x000002205f4cb630 JavaThread "Common-Cleaner" daemon [_thread_blocked, id=6524, stack(0x000000d080500000,0x000000d080600000)]
  0x000002205f4cc0d0 JavaThread "Monitor Ctrl-Break" daemon [_thread_in_native, id=11300, stack(0x000000d080900000,0x000000d080a00000)]
  0x000002205f4cd0c0 JavaThread "Notification Thread" daemon [_thread_blocked, id=12624, stack(0x000000d080a00000,0x000000d080b00000)]
  0x000002205f4cc620 JavaThread "QuantumRenderer-0" daemon [_thread_blocked, id=15708, stack(0x000000d081000000,0x000000d081100000)]
  0x000002205f4ccb70 JavaThread "InvokeLaterDispatcher" daemon [_thread_blocked, id=4176, stack(0x000000d081300000,0x000000d081400000)]
  0x000002205f4cb0e0 JavaThread "JavaFX Application Thread" [_thread_blocked, id=16020, stack(0x000000d081400000,0x000000d081500000)]
  0x000002205f4cdb60 JavaThread "Thread-1" daemon [_thread_blocked, id=7600, stack(0x000000d080700000,0x000000d080800000)]
  0x00000220609b30d0 JavaThread "JavaFX-Launcher" [_thread_blocked, id=1828, stack(0x000000d080800000,0x000000d080900000)]
  0x00000220609b4b60 JavaThread "Prism Font Disposer" daemon [_thread_blocked, id=13844, stack(0x000000d082b00000,0x000000d082c00000)]
  0x00000220609b60a0 JavaThread "JFXMedia Player EventQueueThread" daemon [_thread_blocked, id=9516, stack(0x000000d083000000,0x000000d083100000)]
  0x00000220609b6b40 JavaThread "Media Resource Disposer" daemon [_thread_blocked, id=9196, stack(0x000000d083500000,0x000000d083600000)]
  0x00000220609ba060 JavaThread "Timer-0" daemon [_thread_blocked, id=2440, stack(0x000000d083800000,0x000000d083900000)]
  0x00000220609b50b0 JavaThread "Cleaner-0" daemon [_thread_blocked, id=16032, stack(0x000000d083d00000,0x000000d083e00000)]
  0x00000220609b7b30 JavaThread "JFXMedia Player EventQueueThread" daemon [_thread_blocked, id=12372, stack(0x000000d081f00000,0x000000d082000000)]
  0x00000220609b8080 JavaThread "Timer-1" daemon [_thread_blocked, id=7416, stack(0x000000d083c00000,0x000000d083d00000)]

Other Threads:
=>0x000002205a6e6ab0 VMThread "VM Thread" [stack: 0x000000d0ffa00000,0x000000d0ffb00000] [id=4140]
  0x000002206040e420 WatcherThread "VM Periodic Task Thread" [stack: 0x000000d080f00000,0x000000d081000000] [id=15272]
  0x0000022026e39ff0 WorkerThread "GC Thread#0" [stack: 0x000000d0ff500000,0x000000d0ff600000] [id=12428]
  0x000002205f6695d0 WorkerThread "GC Thread#1" [stack: 0x000000d080b00000,0x000000d080c00000] [id=1808]
  0x000002205f6698a0 WorkerThread "GC Thread#2" [stack: 0x000000d080c00000,0x000000d080d00000] [id=13420]
  0x000002205f669b70 WorkerThread "GC Thread#3" [stack: 0x000000d080d00000,0x000000d080e00000] [id=15432]
  0x000002205f667f50 WorkerThread "GC Thread#4" [stack: 0x000000d080e00000,0x000000d080f00000] [id=11016]
  0x000002205f668a90 WorkerThread "GC Thread#5" [stack: 0x000000d082500000,0x000000d082600000] [id=15060]
  0x000002205f668d60 WorkerThread "GC Thread#6" [stack: 0x000000d082600000,0x000000d082700000] [id=15284]
  0x000002205f669030 WorkerThread "GC Thread#7" [stack: 0x000000d082700000,0x000000d082800000] [id=16340]
  0x0000022060b21d70 WorkerThread "GC Thread#8" [stack: 0x000000d082800000,0x000000d082900000] [id=15800]
  0x0000022060b1f8e0 WorkerThread "GC Thread#9" [stack: 0x000000d082900000,0x000000d082a00000] [id=9028]
  0x0000022060b20150 WorkerThread "GC Thread#10" [stack: 0x000000d082c00000,0x000000d082d00000] [id=4484]
  0x0000022060b1fe80 WorkerThread "GC Thread#11" [stack: 0x000000d082d00000,0x000000d082e00000] [id=8344]
  0x0000022060b20420 WorkerThread "GC Thread#12" [stack: 0x000000d082e00000,0x000000d082f00000] [id=2456]
  0x0000022026e48890 ConcurrentGCThread "G1 Main Marker" [stack: 0x000000d0ff600000,0x000000d0ff700000] [id=6400]
  0x0000022026e495c0 WorkerThread "G1 Conc#0" [stack: 0x000000d0ff700000,0x000000d0ff800000] [id=15344]
  0x0000022060b20c90 WorkerThread "G1 Conc#1" [stack: 0x000000d080400000,0x000000d080500000] [id=5608]
  0x0000022060b22b80 WorkerThread "G1 Conc#2" [stack: 0x000000d080600000,0x000000d080700000] [id=13260]
  0x000002205a5a0390 ConcurrentGCThread "G1 Refine#0" [stack: 0x000000d0ff800000,0x000000d0ff900000] [id=15460]
  0x000002205a5a1d80 ConcurrentGCThread "G1 Service" [stack: 0x000000d0ff900000,0x000000d0ffa00000] [id=16072]

Threads with active compile tasks:

VM state: at safepoint (normal execution)

VM Mutex/Monitor currently owned by a thread:  ([mutex/lock_event])
[0x0000022026d92310] Threads_lock - owner thread: 0x000002205a6e6ab0
[0x0000022026d90ed0] Heap_lock - owner thread: 0x000002205f4cb0e0

Heap address: 0x0000000580000000, size: 10240 MB, Compressed Oops mode: Zero based, Oop shift amount: 3

CDS archive(s) mapped at: [0x0000000800000000-0x0000000800c40000-0x0000000800c40000), size 12845056, SharedBaseAddress: 0x0000000800000000, ArchiveRelocationMode: 0.
Compressed class space mapped at: 0x0000000801000000-0x0000000841000000, reserved size: 1073741824
Narrow klass base: 0x0000000800000000, Narrow klass shift: 0, Narrow klass range: 0x100000000

GC Precious Log:
 CardTable entry size: 512
 Card Set container configuration: InlinePtr #cards 4 size 8 Array Of Cards #cards 64 size 144 Howl #buckets 8 coarsen threshold 14745 Howl Bitmap #cards 2048 size 272 coarsen threshold 1843 Card regions per heap region 1 cards per card region 16384
 CPUs: 16 total, 16 available
 Memory: 14188M
 Large Page Support: Disabled
 NUMA Support: Disabled
 Compressed Oops: Enabled (Zero based)
 Heap Region Size: 8M
 Heap Min Capacity: 8M
 Heap Initial Capacity: 224M
 Heap Max Capacity: 10G
 Pre-touch: Disabled
 Parallel Workers: 13
 Concurrent Workers: 3
 Concurrent Refinement Workers: 13
 Periodic GC: Disabled

Heap:
 garbage-first heap   total 1179648K, used 956015K [0x0000000580000000, 0x0000000800000000)
  region size 8192K, 1 young (8192K), 1 survivors (8192K)
 Metaspace       used 21135K, committed 21504K, reserved 1114112K
  class space    used 2687K, committed 2880K, reserved 1048576K

Heap Regions: E=young(eden), S=young(survivor), O=old, HS=humongous(starts), HC=humongous(continues), CS=collection set, F=free, OA=open archive, CA=closed archive, TAMS=top-at-mark-start (previous, next)
|   0|0x0000000580000000, 0x0000000580800000, 0x0000000580800000|100%| O|  |TAMS 0x0000000580800000, 0x0000000580000000| Untracked 
|   1|0x0000000580800000, 0x0000000581000000, 0x0000000581000000|100%| O|  |TAMS 0x0000000581000000, 0x0000000580800000| Untracked 
|   2|0x0000000581000000, 0x0000000581800000, 0x0000000581800000|100%| O|  |TAMS 0x0000000581800000, 0x0000000581000000| Untracked 
|   3|0x0000000581800000, 0x0000000582000000, 0x0000000582000000|100%| O|  |TAMS 0x0000000582000000, 0x0000000581800000| Untracked 
|   4|0x0000000582000000, 0x0000000582800000, 0x0000000582800000|100%| O|  |TAMS 0x0000000582800000, 0x0000000582000000| Untracked 
|   5|0x0000000582800000, 0x0000000583000000, 0x0000000583000000|100%| O|  |TAMS 0x0000000583000000, 0x0000000582800000| Untracked 
|   6|0x0000000583000000, 0x0000000583800000, 0x0000000583800000|100%| O|  |TAMS 0x0000000583800000, 0x0000000583000000| Untracked 
|   7|0x0000000583800000, 0x0000000584000000, 0x0000000584000000|100%| O|  |TAMS 0x0000000584000000, 0x0000000583800000| Untracked 
|   8|0x0000000584000000, 0x0000000584800000, 0x0000000584800000|100%| O|  |TAMS 0x0000000584000000, 0x0000000584000000| Untracked 
|   9|0x0000000584800000, 0x0000000585000000, 0x0000000585000000|100%| O|  |TAMS 0x0000000585000000, 0x0000000584800000| Untracked 
|  10|0x0000000585000000, 0x0000000585800000, 0x0000000585800000|100%| O|  |TAMS 0x0000000585000000, 0x0000000585000000| Untracked 
|  11|0x0000000585800000, 0x0000000586000000, 0x0000000586000000|100%| O|  |TAMS 0x0000000585800000, 0x0000000585800000| Untracked 
|  12|0x0000000586000000, 0x0000000586800000, 0x0000000586800000|100%| O|  |TAMS 0x0000000586800000, 0x0000000586000000| Untracked 
|  13|0x0000000586800000, 0x0000000587000000, 0x0000000587000000|100%| O|  |TAMS 0x0000000587000000, 0x0000000586800000| Untracked 
|  14|0x0000000587000000, 0x0000000587800000, 0x0000000587800000|100%| O|  |TAMS 0x0000000587800000, 0x0000000587000000| Untracked 
|  15|0x0000000587800000, 0x0000000588000000, 0x0000000588000000|100%| O|  |TAMS 0x0000000587800000, 0x0000000587800000| Untracked 
|  16|0x0000000588000000, 0x0000000588800000, 0x0000000588800000|100%| O|  |TAMS 0x0000000588800000, 0x0000000588000000| Untracked 
|  17|0x0000000588800000, 0x0000000589000000, 0x0000000589000000|100%| O|  |TAMS 0x0000000588800000, 0x0000000588800000| Untracked 
|  18|0x0000000589000000, 0x0000000589800000, 0x0000000589800000|100%| O|  |TAMS 0x0000000589800000, 0x0000000589000000| Untracked 
|  19|0x0000000589800000, 0x000000058a000000, 0x000000058a000000|100%| O|  |TAMS 0x000000058a000000, 0x0000000589800000| Untracked 
|  20|0x000000058a000000, 0x000000058a800000, 0x000000058a800000|100%| O|  |TAMS 0x000000058a800000, 0x000000058a000000| Untracked 
|  21|0x000000058a800000, 0x000000058b000000, 0x000000058b000000|100%| O|  |TAMS 0x000000058b000000, 0x000000058a800000| Untracked 
|  22|0x000000058b000000, 0x000000058b800000, 0x000000058b800000|100%| O|  |TAMS 0x000000058b800000, 0x000000058b000000| Untracked 
|  23|0x000000058b800000, 0x000000058c000000, 0x000000058c000000|100%| O|  |TAMS 0x000000058c000000, 0x000000058b800000| Untracked 
|  24|0x000000058c000000, 0x000000058c800000, 0x000000058c800000|100%| O|  |TAMS 0x000000058c800000, 0x000000058c000000| Untracked 
|  25|0x000000058c800000, 0x000000058d000000, 0x000000058d000000|100%| O|  |TAMS 0x000000058d000000, 0x000000058c800000| Untracked 
|  26|0x000000058d000000, 0x000000058d800000, 0x000000058d800000|100%| O|  |TAMS 0x000000058d609600, 0x000000058d000000| Untracked 
|  27|0x000000058d800000, 0x000000058e000000, 0x000000058e000000|100%| O|  |TAMS 0x000000058d800000, 0x000000058d800000| Untracked 
|  28|0x000000058e000000, 0x000000058e800000, 0x000000058e800000|100%| O|  |TAMS 0x000000058e000000, 0x000000058e000000| Untracked 
|  29|0x000000058e800000, 0x000000058f000000, 0x000000058f000000|100%| O|  |TAMS 0x000000058e800000, 0x000000058e800000| Untracked 
|  30|0x000000058f000000, 0x000000058f800000, 0x000000058f800000|100%| O|  |TAMS 0x000000058f000000, 0x000000058f000000| Untracked 
|  31|0x000000058f800000, 0x0000000590000000, 0x0000000590000000|100%| O|  |TAMS 0x000000058f800000, 0x000000058f800000| Untracked 
|  32|0x0000000590000000, 0x0000000590800000, 0x0000000590800000|100%| O|  |TAMS 0x0000000590000000, 0x0000000590000000| Untracked 
|  33|0x0000000590800000, 0x0000000591000000, 0x0000000591000000|100%| O|  |TAMS 0x0000000590800000, 0x0000000590800000| Untracked 
|  34|0x0000000591000000, 0x0000000591800000, 0x0000000591800000|100%| O|  |TAMS 0x0000000591000000, 0x0000000591000000| Untracked 
|  35|0x0000000591800000, 0x0000000592000000, 0x0000000592000000|100%| O|  |TAMS 0x0000000591800000, 0x0000000591800000| Untracked 
|  36|0x0000000592000000, 0x0000000592800000, 0x0000000592800000|100%| O|  |TAMS 0x0000000592000000, 0x0000000592000000| Untracked 
|  37|0x0000000592800000, 0x0000000593000000, 0x0000000593000000|100%| O|  |TAMS 0x0000000592800000, 0x0000000592800000| Untracked 
|  38|0x0000000593000000, 0x0000000593800000, 0x0000000593800000|100%| O|  |TAMS 0x0000000593000000, 0x0000000593000000| Untracked 
|  39|0x0000000593800000, 0x0000000594000000, 0x0000000594000000|100%| O|  |TAMS 0x0000000593800000, 0x0000000593800000| Untracked 
|  40|0x0000000594000000, 0x0000000594800000, 0x0000000594800000|100%| O|  |TAMS 0x0000000594000000, 0x0000000594000000| Untracked 
|  41|0x0000000594800000, 0x0000000595000000, 0x0000000595000000|100%| O|  |TAMS 0x0000000594800000, 0x0000000594800000| Untracked 
|  42|0x0000000595000000, 0x0000000595800000, 0x0000000595800000|100%| O|  |TAMS 0x0000000595000000, 0x0000000595000000| Untracked 
|  43|0x0000000595800000, 0x0000000596000000, 0x0000000596000000|100%| O|  |TAMS 0x0000000595800000, 0x0000000595800000| Untracked 
|  44|0x0000000596000000, 0x0000000596800000, 0x0000000596800000|100%| O|  |TAMS 0x0000000596000000, 0x0000000596000000| Untracked 
|  45|0x0000000596800000, 0x0000000597000000, 0x0000000597000000|100%| O|  |TAMS 0x0000000596800000, 0x0000000596800000| Untracked 
|  46|0x0000000597000000, 0x0000000597800000, 0x0000000597800000|100%| O|  |TAMS 0x0000000597000000, 0x0000000597000000| Untracked 
|  47|0x0000000597800000, 0x0000000598000000, 0x0000000598000000|100%| O|  |TAMS 0x0000000597800000, 0x0000000597800000| Untracked 
|  48|0x0000000598000000, 0x0000000598800000, 0x0000000598800000|100%| O|  |TAMS 0x0000000598000000, 0x0000000598000000| Untracked 
|  49|0x0000000598800000, 0x0000000599000000, 0x0000000599000000|100%| O|  |TAMS 0x0000000598800000, 0x0000000598800000| Untracked 
|  50|0x0000000599000000, 0x0000000599800000, 0x0000000599800000|100%| O|  |TAMS 0x0000000599000000, 0x0000000599000000| Untracked 
|  51|0x0000000599800000, 0x000000059a000000, 0x000000059a000000|100%| O|  |TAMS 0x0000000599800000, 0x0000000599800000| Untracked 
|  52|0x000000059a000000, 0x000000059a800000, 0x000000059a800000|100%| O|  |TAMS 0x000000059a000000, 0x000000059a000000| Untracked 
|  53|0x000000059a800000, 0x000000059b000000, 0x000000059b000000|100%| O|  |TAMS 0x000000059a800000, 0x000000059a800000| Untracked 
|  54|0x000000059b000000, 0x000000059b800000, 0x000000059b800000|100%| O|  |TAMS 0x000000059b000000, 0x000000059b000000| Untracked 
|  55|0x000000059b800000, 0x000000059c000000, 0x000000059c000000|100%| O|  |TAMS 0x000000059b800000, 0x000000059b800000| Untracked 
|  56|0x000000059c000000, 0x000000059c800000, 0x000000059c800000|100%| O|  |TAMS 0x000000059c000000, 0x000000059c000000| Untracked 
|  57|0x000000059c800000, 0x000000059d000000, 0x000000059d000000|100%| O|  |TAMS 0x000000059c800000, 0x000000059c800000| Untracked 
|  58|0x000000059d000000, 0x000000059d800000, 0x000000059d800000|100%| O|  |TAMS 0x000000059d000000, 0x000000059d000000| Untracked 
|  59|0x000000059d800000, 0x000000059e000000, 0x000000059e000000|100%| O|  |TAMS 0x000000059d800000, 0x000000059d800000| Untracked 
|  60|0x000000059e000000, 0x000000059e800000, 0x000000059e800000|100%| O|  |TAMS 0x000000059e000000, 0x000000059e000000| Untracked 
|  61|0x000000059e800000, 0x000000059f000000, 0x000000059f000000|100%| O|  |TAMS 0x000000059e800000, 0x000000059e800000| Untracked 
|  62|0x000000059f000000, 0x000000059f800000, 0x000000059f800000|100%| O|  |TAMS 0x000000059f000000, 0x000000059f000000| Untracked 
|  63|0x000000059f800000, 0x00000005a0000000, 0x00000005a0000000|100%| O|  |TAMS 0x000000059f800000, 0x000000059f800000| Untracked 
|  64|0x00000005a0000000, 0x00000005a0800000, 0x00000005a0800000|100%| O|  |TAMS 0x00000005a0000000, 0x00000005a0000000| Untracked 
|  65|0x00000005a0800000, 0x00000005a1000000, 0x00000005a1000000|100%| O|  |TAMS 0x00000005a0800000, 0x00000005a0800000| Untracked 
|  66|0x00000005a1000000, 0x00000005a1800000, 0x00000005a1800000|100%| O|  |TAMS 0x00000005a1000000, 0x00000005a1000000| Untracked 
|  67|0x00000005a1800000, 0x00000005a2000000, 0x00000005a2000000|100%| O|  |TAMS 0x00000005a1800000, 0x00000005a1800000| Untracked 
|  68|0x00000005a2000000, 0x00000005a2800000, 0x00000005a2800000|100%| O|  |TAMS 0x00000005a2000000, 0x00000005a2000000| Untracked 
|  69|0x00000005a2800000, 0x00000005a3000000, 0x00000005a3000000|100%| O|  |TAMS 0x00000005a2800000, 0x00000005a2800000| Untracked 
|  70|0x00000005a3000000, 0x00000005a3800000, 0x00000005a3800000|100%| O|  |TAMS 0x00000005a3000000, 0x00000005a3000000| Untracked 
|  71|0x00000005a3800000, 0x00000005a4000000, 0x00000005a4000000|100%| O|  |TAMS 0x00000005a3800000, 0x00000005a3800000| Untracked 
|  72|0x00000005a4000000, 0x00000005a4800000, 0x00000005a4800000|100%| O|  |TAMS 0x00000005a4000000, 0x00000005a4000000| Untracked 
|  73|0x00000005a4800000, 0x00000005a5000000, 0x00000005a5000000|100%| O|  |TAMS 0x00000005a4800000, 0x00000005a4800000| Untracked 
|  74|0x00000005a5000000, 0x00000005a5800000, 0x00000005a5800000|100%| O|  |TAMS 0x00000005a5000000, 0x00000005a5000000| Untracked 
|  75|0x00000005a5800000, 0x00000005a6000000, 0x00000005a6000000|100%| O|  |TAMS 0x00000005a5800000, 0x00000005a5800000| Untracked 
|  76|0x00000005a6000000, 0x00000005a6800000, 0x00000005a6800000|100%| O|  |TAMS 0x00000005a6000000, 0x00000005a6000000| Untracked 
|  77|0x00000005a6800000, 0x00000005a7000000, 0x00000005a7000000|100%| O|  |TAMS 0x00000005a6800000, 0x00000005a6800000| Untracked 
|  78|0x00000005a7000000, 0x00000005a7800000, 0x00000005a7800000|100%| O|  |TAMS 0x00000005a7000000, 0x00000005a7000000| Untracked 
|  79|0x00000005a7800000, 0x00000005a8000000, 0x00000005a8000000|100%| O|  |TAMS 0x00000005a7800000, 0x00000005a7800000| Untracked 
|  80|0x00000005a8000000, 0x00000005a8800000, 0x00000005a8800000|100%| O|  |TAMS 0x00000005a8000000, 0x00000005a8000000| Untracked 
|  81|0x00000005a8800000, 0x00000005a9000000, 0x00000005a9000000|100%| O|  |TAMS 0x00000005a8800000, 0x00000005a8800000| Untracked 
|  82|0x00000005a9000000, 0x00000005a9800000, 0x00000005a9800000|100%| O|  |TAMS 0x00000005a9000000, 0x00000005a9000000| Untracked 
|  83|0x00000005a9800000, 0x00000005aa000000, 0x00000005aa000000|100%| O|  |TAMS 0x00000005a9800000, 0x00000005a9800000| Untracked 
|  84|0x00000005aa000000, 0x00000005aa800000, 0x00000005aa800000|100%| O|  |TAMS 0x00000005aa000000, 0x00000005aa000000| Untracked 
|  85|0x00000005aa800000, 0x00000005ab000000, 0x00000005ab000000|100%| O|  |TAMS 0x00000005aa800000, 0x00000005aa800000| Untracked 
|  86|0x00000005ab000000, 0x00000005ab800000, 0x00000005ab800000|100%| O|  |TAMS 0x00000005ab000000, 0x00000005ab000000| Untracked 
|  87|0x00000005ab800000, 0x00000005ac000000, 0x00000005ac000000|100%| O|  |TAMS 0x00000005ab800000, 0x00000005ab800000| Untracked 
|  88|0x00000005ac000000, 0x00000005ac800000, 0x00000005ac800000|100%| O|  |TAMS 0x00000005ac000000, 0x00000005ac000000| Untracked 
|  89|0x00000005ac800000, 0x00000005ad000000, 0x00000005ad000000|100%| O|  |TAMS 0x00000005ac800000, 0x00000005ac800000| Untracked 
|  90|0x00000005ad000000, 0x00000005ad800000, 0x00000005ad800000|100%| O|  |TAMS 0x00000005ad000000, 0x00000005ad000000| Untracked 
|  91|0x00000005ad800000, 0x00000005ae000000, 0x00000005ae000000|100%| O|  |TAMS 0x00000005ad800000, 0x00000005ad800000| Untracked 
|  92|0x00000005ae000000, 0x00000005ae800000, 0x00000005ae800000|100%| O|  |TAMS 0x00000005ae000000, 0x00000005ae000000| Untracked 
|  93|0x00000005ae800000, 0x00000005af000000, 0x00000005af000000|100%| O|  |TAMS 0x00000005ae800000, 0x00000005ae800000| Untracked 
|  94|0x00000005af000000, 0x00000005af800000, 0x00000005af800000|100%| O|  |TAMS 0x00000005af000000, 0x00000005af000000| Untracked 
|  95|0x00000005af800000, 0x00000005b0000000, 0x00000005b0000000|100%| O|  |TAMS 0x00000005af800000, 0x00000005af800000| Untracked 
|  96|0x00000005b0000000, 0x00000005b0800000, 0x00000005b0800000|100%| O|  |TAMS 0x00000005b0000000, 0x00000005b0000000| Untracked 
|  97|0x00000005b0800000, 0x00000005b1000000, 0x00000005b1000000|100%| O|  |TAMS 0x00000005b0800000, 0x00000005b0800000| Untracked 
|  98|0x00000005b1000000, 0x00000005b1800000, 0x00000005b1800000|100%| O|  |TAMS 0x00000005b1000000, 0x00000005b1000000| Untracked 
|  99|0x00000005b1800000, 0x00000005b2000000, 0x00000005b2000000|100%| O|  |TAMS 0x00000005b1800000, 0x00000005b1800000| Untracked 
| 100|0x00000005b2000000, 0x00000005b2800000, 0x00000005b2800000|100%| O|  |TAMS 0x00000005b2000000, 0x00000005b2000000| Untracked 
| 101|0x00000005b2800000, 0x00000005b3000000, 0x00000005b3000000|100%| O|  |TAMS 0x00000005b2800000, 0x00000005b2800000| Untracked 
| 102|0x00000005b3000000, 0x00000005b3800000, 0x00000005b3800000|100%| O|  |TAMS 0x00000005b3000000, 0x00000005b3000000| Untracked 
| 103|0x00000005b3800000, 0x00000005b4000000, 0x00000005b4000000|100%| O|  |TAMS 0x00000005b3800000, 0x00000005b3800000| Untracked 
| 104|0x00000005b4000000, 0x00000005b4800000, 0x00000005b4800000|100%| O|  |TAMS 0x00000005b4000000, 0x00000005b4000000| Untracked 
| 105|0x00000005b4800000, 0x00000005b5000000, 0x00000005b5000000|100%| O|  |TAMS 0x00000005b4800000, 0x00000005b4800000| Untracked 
| 106|0x00000005b5000000, 0x00000005b5800000, 0x00000005b5800000|100%| O|  |TAMS 0x00000005b5000000, 0x00000005b5000000| Untracked 
| 107|0x00000005b5800000, 0x00000005b6000000, 0x00000005b6000000|100%| O|  |TAMS 0x00000005b5800000, 0x00000005b5800000| Untracked 
| 108|0x00000005b6000000, 0x00000005b6800000, 0x00000005b6800000|100%| O|  |TAMS 0x00000005b6000000, 0x00000005b6000000| Untracked 
| 109|0x00000005b6800000, 0x00000005b7000000, 0x00000005b7000000|100%| O|  |TAMS 0x00000005b6800000, 0x00000005b6800000| Untracked 
| 110|0x00000005b7000000, 0x00000005b7800000, 0x00000005b7800000|100%| O|  |TAMS 0x00000005b7000000, 0x00000005b7000000| Untracked 
| 111|0x00000005b7800000, 0x00000005b8000000, 0x00000005b8000000|100%| O|  |TAMS 0x00000005b7800000, 0x00000005b7800000| Untracked 
| 112|0x00000005b8000000, 0x00000005b8800000, 0x00000005b8800000|100%| O|  |TAMS 0x00000005b8000000, 0x00000005b8000000| Untracked 
| 113|0x00000005b8800000, 0x00000005b9000000, 0x00000005b9000000|100%| O|  |TAMS 0x00000005b8800000, 0x00000005b8800000| Untracked 
| 114|0x00000005b9000000, 0x00000005b9800000, 0x00000005b9800000|100%| O|  |TAMS 0x00000005b9000000, 0x00000005b9000000| Untracked 
| 115|0x00000005b9800000, 0x00000005b9d9be00, 0x00000005ba000000| 70%| O|  |TAMS 0x00000005b9800000, 0x00000005b9800000| Untracked 
| 116|0x00000005ba000000, 0x00000005ba000000, 0x00000005ba800000|  0%| F|  |TAMS 0x00000005ba000000, 0x00000005ba000000| Untracked 
| 117|0x00000005ba800000, 0x00000005ba800000, 0x00000005bb000000|  0%| F|  |TAMS 0x00000005ba800000, 0x00000005ba800000| Untracked 
| 118|0x00000005bb000000, 0x00000005bb000000, 0x00000005bb800000|  0%| F|  |TAMS 0x00000005bb000000, 0x00000005bb000000| Untracked 
| 119|0x00000005bb800000, 0x00000005bb800000, 0x00000005bc000000|  0%| F|  |TAMS 0x00000005bb800000, 0x00000005bb800000| Untracked 
| 120|0x00000005bc000000, 0x00000005bc000000, 0x00000005bc800000|  0%| F|  |TAMS 0x00000005bc000000, 0x00000005bc000000| Untracked 
| 121|0x00000005bc800000, 0x00000005bc800000, 0x00000005bd000000|  0%| F|  |TAMS 0x00000005bc800000, 0x00000005bc800000| Untracked 
| 122|0x00000005bd000000, 0x00000005bd000000, 0x00000005bd800000|  0%| F|  |TAMS 0x00000005bd000000, 0x00000005bd000000| Untracked 
| 123|0x00000005bd800000, 0x00000005bd800000, 0x00000005be000000|  0%| F|  |TAMS 0x00000005bd800000, 0x00000005bd800000| Untracked 
| 124|0x00000005be000000, 0x00000005be000000, 0x00000005be800000|  0%| F|  |TAMS 0x00000005be000000, 0x00000005be000000| Untracked 
| 125|0x00000005be800000, 0x00000005be800000, 0x00000005bf000000|  0%| F|  |TAMS 0x00000005be800000, 0x00000005be800000| Untracked 
| 126|0x00000005bf000000, 0x00000005bf000000, 0x00000005bf800000|  0%| F|  |TAMS 0x00000005bf000000, 0x00000005bf000000| Untracked 
| 127|0x00000005bf800000, 0x00000005bf800000, 0x00000005c0000000|  0%| F|  |TAMS 0x00000005bf800000, 0x00000005bf800000| Untracked 
| 128|0x00000005c0000000, 0x00000005c0000000, 0x00000005c0800000|  0%| F|  |TAMS 0x00000005c0000000, 0x00000005c0000000| Untracked 
| 129|0x00000005c0800000, 0x00000005c0800000, 0x00000005c1000000|  0%| F|  |TAMS 0x00000005c0800000, 0x00000005c0800000| Untracked 
| 130|0x00000005c1000000, 0x00000005c1000000, 0x00000005c1800000|  0%| F|  |TAMS 0x00000005c1000000, 0x00000005c1000000| Untracked 
| 131|0x00000005c1800000, 0x00000005c1800000, 0x00000005c2000000|  0%| F|  |TAMS 0x00000005c1800000, 0x00000005c1800000| Untracked 
| 132|0x00000005c2000000, 0x00000005c2000000, 0x00000005c2800000|  0%| F|  |TAMS 0x00000005c2000000, 0x00000005c2000000| Untracked 
| 133|0x00000005c2800000, 0x00000005c2800000, 0x00000005c3000000|  0%| F|  |TAMS 0x00000005c2800000, 0x00000005c2800000| Untracked 
| 134|0x00000005c3000000, 0x00000005c3000000, 0x00000005c3800000|  0%| F|  |TAMS 0x00000005c3000000, 0x00000005c3000000| Untracked 
| 135|0x00000005c3800000, 0x00000005c3800000, 0x00000005c4000000|  0%| F|  |TAMS 0x00000005c3800000, 0x00000005c3800000| Untracked 
| 136|0x00000005c4000000, 0x00000005c4000000, 0x00000005c4800000|  0%| F|  |TAMS 0x00000005c4000000, 0x00000005c4000000| Untracked 
| 137|0x00000005c4800000, 0x00000005c4800000, 0x00000005c5000000|  0%| F|  |TAMS 0x00000005c4800000, 0x00000005c4800000| Untracked 
| 138|0x00000005c5000000, 0x00000005c5800000, 0x00000005c5800000|100%| S|CS|TAMS 0x00000005c5000000, 0x00000005c5000000| Complete 
| 139|0x00000005c5800000, 0x00000005c5800000, 0x00000005c6000000|  0%| F|  |TAMS 0x00000005c5800000, 0x00000005c5800000| Untracked 
| 140|0x00000005c6000000, 0x00000005c6000000, 0x00000005c6800000|  0%| F|  |TAMS 0x00000005c6000000, 0x00000005c6000000| Untracked 
| 141|0x00000005c6800000, 0x00000005c6800000, 0x00000005c7000000|  0%| F|  |TAMS 0x00000005c6800000, 0x00000005c6800000| Untracked 
| 142|0x00000005c7000000, 0x00000005c7000000, 0x00000005c7800000|  0%| F|  |TAMS 0x00000005c7000000, 0x00000005c7000000| Untracked 
| 143|0x00000005c7800000, 0x00000005c7800000, 0x00000005c8000000|  0%| F|  |TAMS 0x00000005c7800000, 0x00000005c7800000| Untracked 

Card table byte_map: [0x00000220418a0000,0x0000022042ca0000] _byte_map_base: 0x000002203eca0000

Marking Bits (Prev, Next): (CMBitMap*) 0x0000022026e3d660, (CMBitMap*) 0x0000022026e3d620
 Prev Bits: [0x000002204e0a0000, 0x00000220580a0000)
 Next Bits: [0x00000220440a0000, 0x000002204e0a0000)

Polling page: 0x00000220304b0000

Metaspace:

Usage:
  Non-class:     18.02 MB used.
      Class:      2.62 MB used.
       Both:     20.64 MB used.

Virtual space:
  Non-class space:       64.00 MB reserved,      18.19 MB ( 28%) committed,  1 nodes.
      Class space:        1.00 GB reserved,       2.81 MB ( <1%) committed,  1 nodes.
             Both:        1.06 GB reserved,      21.00 MB (  2%) committed. 

Chunk freelists:
   Non-Class:  1.84 MB
       Class:  1.20 MB
        Both:  3.04 MB

MaxMetaspaceSize: unlimited
CompressedClassSpaceSize: 1.00 GB
Initial GC threshold: 21.00 MB
Current GC threshold: 24.69 MB
CDS: on
MetaspaceReclaimPolicy: balanced
 - commit_granule_bytes: 65536.
 - commit_granule_words: 8192.
 - virtual_space_node_default_size: 8388608.
 - enlarge_chunks_in_place: 1.
 - new_chunks_are_fully_committed: 0.
 - uncommit_free_chunks: 1.
 - use_allocation_guard: 0.


Internal statistics:

num_allocs_failed_limit: 0.
num_arena_births: 440.
num_arena_deaths: 0.
num_vsnodes_births: 2.
num_vsnodes_deaths: 0.
num_space_committed: 336.
num_space_uncommitted: 0.
num_chunks_returned_to_freelist: 0.
num_chunks_taken_from_freelist: 1119.
num_chunk_merges: 0.
num_chunk_splits: 786.
num_chunks_enlarged: 609.
num_inconsistent_stats: 0.

CodeHeap 'non-profiled nmethods': size=119168Kb used=3741Kb max_used=3741Kb free=115426Kb
 bounds [0x0000022038070000, 0x0000022038420000, 0x000002203f4d0000]
CodeHeap 'profiled nmethods': size=119104Kb used=10938Kb max_used=10938Kb free=108165Kb
 bounds [0x00000220304d0000, 0x0000022030f90000, 0x0000022037920000]
CodeHeap 'non-nmethods': size=7488Kb used=1564Kb max_used=3297Kb free=5923Kb
 bounds [0x0000022037920000, 0x0000022037c90000, 0x0000022038070000]
 total_blobs=6321 nmethods=5459 adapters=772
 compilation: enabled
              stopped_count=0, restarted_count=0
 full_count=0

Compilation events (20 events):
Event: 92.921 Thread 0x000002205a7144f0 6309       3       model.menugui.game.GameMap::loadMap (231 bytes)
Event: 92.922 Thread 0x000002205a7144f0 nmethod 6309 0x0000022030f79590 code [0x0000022030f799a0, 0x0000022030f7b3c8]
Event: 93.266 Thread 0x000002205a7144f0 6310       3       model.menugui.game.GameTile::refreshTile (17 bytes)
Event: 93.267 Thread 0x000002205a7144f0 nmethod 6310 0x0000022030f7bd90 code [0x0000022030f7bf60, 0x0000022030f7c158]
Event: 93.275 Thread 0x000002205a7144f0 6311       3       model.menugui.game.GameTile::setBuilding (298 bytes)
Event: 93.278 Thread 0x000002205a7144f0 nmethod 6311 0x0000022030f7c290 code [0x0000022030f7c7e0, 0x0000022030f7fb28]
Event: 93.406 Thread 0x000002205f51c580 6312       4       model.menugui.game.GameTile::refreshTile (17 bytes)
Event: 93.409 Thread 0x000002205f51c580 nmethod 6312 0x00000220382fdd90 code [0x00000220382fdf40, 0x00000220382fe0d8]
Event: 93.451 Thread 0x000002205a7144f0 6313       3       model.menugui.game.GameTile::refreshTile (17 bytes)
Event: 93.452 Thread 0x000002205a7144f0 nmethod 6313 0x0000022030f80b10 code [0x0000022030f80ce0, 0x0000022030f80ed8]
Event: 93.587 Thread 0x000002205f51bff0 6314       4       model.menugui.game.GameTile::refreshTile (17 bytes)
Event: 93.601 Thread 0x000002205a710680 6315       4       model.menugui.game.GameTile::setBuilding (298 bytes)
Event: 93.975 Thread 0x000002205f51bff0 nmethod 6314 0x00000220383efb90 code [0x00000220383f0400, 0x00000220383fa8a0]
Event: 94.067 Thread 0x000002205a710680 nmethod 6315 0x00000220383ffd10 code [0x0000022038400540, 0x000002203840a828]
Event: 94.231 Thread 0x000002205a710680 6316 %     4       model.menugui.game.GameMap::loadMap @ 38 (231 bytes)
Event: 94.244 Thread 0x000002205a710680 nmethod 6316% 0x000002203840fa90 code [0x000002203840fce0, 0x0000022038410860]
Event: 94.360 Thread 0x000002205a710680 6317       4       jdk.internal.module.Checks::isJavaIdentifier (76 bytes)
Event: 94.374 Thread 0x000002205a710680 nmethod 6317 0x00000220382dd990 code [0x00000220382ddb60, 0x00000220382de338]
Event: 94.374 Thread 0x000002205a710680 6318   !   4       java.net.URL::<init> (543 bytes)
Event: 94.475 Thread 0x000002205a710680 nmethod 6318 0x0000022038410f90 code [0x00000220384113e0, 0x00000220384153b0]

GC Heap History (20 events):
Event: 49.823 GC heap after
{Heap after GC invocations=28 (full 0):
 garbage-first heap   total 811008K, used 537721K [0x0000000580000000, 0x0000000800000000)
  region size 8192K, 2 young (16384K), 2 survivors (16384K)
 Metaspace       used 16269K, committed 16576K, reserved 1114112K
  class space    used 2033K, committed 2176K, reserved 1048576K
}
Event: 52.039 GC heap before
{Heap before GC invocations=28 (full 0):
 garbage-first heap   total 811008K, used 595065K [0x0000000580000000, 0x0000000800000000)
  region size 8192K, 10 young (81920K), 2 survivors (16384K)
 Metaspace       used 19933K, committed 20288K, reserved 1114112K
  class space    used 2622K, committed 2752K, reserved 1048576K
}
Event: 52.077 GC heap after
{Heap after GC invocations=29 (full 0):
 garbage-first heap   total 811008K, used 570810K [0x0000000580000000, 0x0000000800000000)
  region size 8192K, 2 young (16384K), 2 survivors (16384K)
 Metaspace       used 19933K, committed 20288K, reserved 1114112K
  class space    used 2622K, committed 2752K, reserved 1048576K
}
Event: 75.696 GC heap before
{Heap before GC invocations=29 (full 0):
 garbage-first heap   total 811008K, used 619962K [0x0000000580000000, 0x0000000800000000)
  region size 8192K, 8 young (65536K), 2 survivors (16384K)
 Metaspace       used 20784K, committed 21120K, reserved 1114112K
  class space    used 2658K, committed 2816K, reserved 1048576K
}
Event: 75.719 GC heap after
{Heap after GC invocations=30 (full 0):
 garbage-first heap   total 811008K, used 594272K [0x0000000580000000, 0x0000000800000000)
  region size 8192K, 1 young (8192K), 1 survivors (8192K)
 Metaspace       used 20784K, committed 21120K, reserved 1114112K
  class space    used 2658K, committed 2816K, reserved 1048576K
}
Event: 91.650 GC heap before
{Heap before GC invocations=30 (full 0):
 garbage-first heap   total 811008K, used 635232K [0x0000000580000000, 0x0000000800000000)
  region size 8192K, 6 young (49152K), 1 survivors (8192K)
 Metaspace       used 21069K, committed 21440K, reserved 1114112K
  class space    used 2679K, committed 2880K, reserved 1048576K
}
Event: 91.669 GC heap after
{Heap after GC invocations=31 (full 0):
 garbage-first heap   total 811008K, used 608500K [0x0000000580000000, 0x0000000800000000)
  region size 8192K, 1 young (8192K), 1 survivors (8192K)
 Metaspace       used 21069K, committed 21440K, reserved 1114112K
  class space    used 2679K, committed 2880K, reserved 1048576K
}
Event: 92.054 GC heap before
{Heap before GC invocations=31 (full 0):
 garbage-first heap   total 811008K, used 649460K [0x0000000580000000, 0x0000000800000000)
  region size 8192K, 6 young (49152K), 1 survivors (8192K)
 Metaspace       used 21127K, committed 21504K, reserved 1114112K
  class space    used 2686K, committed 2880K, reserved 1048576K
}
Event: 92.072 GC heap after
{Heap after GC invocations=32 (full 0):
 garbage-first heap   total 811008K, used 643546K [0x0000000580000000, 0x0000000800000000)
  region size 8192K, 1 young (8192K), 1 survivors (8192K)
 Metaspace       used 21127K, committed 21504K, reserved 1114112K
  class space    used 2686K, committed 2880K, reserved 1048576K
}
Event: 92.217 GC heap before
{Heap before GC invocations=32 (full 0):
 garbage-first heap   total 811008K, used 668122K [0x0000000580000000, 0x0000000800000000)
  region size 8192K, 4 young (32768K), 1 survivors (8192K)
 Metaspace       used 21132K, committed 21504K, reserved 1114112K
  class space    used 2686K, committed 2880K, reserved 1048576K
}
Event: 92.234 GC heap after
{Heap after GC invocations=33 (full 0):
 garbage-first heap   total 811008K, used 666673K [0x0000000580000000, 0x0000000800000000)
  region size 8192K, 1 young (8192K), 1 survivors (8192K)
 Metaspace       used 21132K, committed 21504K, reserved 1114112K
  class space    used 2686K, committed 2880K, reserved 1048576K
}
Event: 92.317 GC heap before
{Heap before GC invocations=33 (full 0):
 garbage-first heap   total 811008K, used 691249K [0x0000000580000000, 0x0000000800000000)
  region size 8192K, 4 young (32768K), 1 survivors (8192K)
 Metaspace       used 21132K, committed 21504K, reserved 1114112K
  class space    used 2686K, committed 2880K, reserved 1048576K
}
Event: 92.332 GC heap after
{Heap after GC invocations=34 (full 0):
 garbage-first heap   total 1179648K, used 689877K [0x0000000580000000, 0x0000000800000000)
  region size 8192K, 1 young (8192K), 1 survivors (8192K)
 Metaspace       used 21132K, committed 21504K, reserved 1114112K
  class space    used 2686K, committed 2880K, reserved 1048576K
}
Event: 93.051 GC heap before
{Heap before GC invocations=34 (full 0):
 garbage-first heap   total 1179648K, used 804565K [0x0000000580000000, 0x0000000800000000)
  region size 8192K, 15 young (122880K), 1 survivors (8192K)
 Metaspace       used 21133K, committed 21504K, reserved 1114112K
  class space    used 2686K, committed 2880K, reserved 1048576K
}
Event: 93.118 GC heap after
{Heap after GC invocations=35 (full 0):
 garbage-first heap   total 1179648K, used 789910K [0x0000000580000000, 0x0000000800000000)
  region size 8192K, 2 young (16384K), 2 survivors (16384K)
 Metaspace       used 21133K, committed 21504K, reserved 1114112K
  class space    used 2686K, committed 2880K, reserved 1048576K
}
Event: 93.990 GC heap before
{Heap before GC invocations=35 (full 0):
 garbage-first heap   total 1179648K, used 871830K [0x0000000580000000, 0x0000000800000000)
  region size 8192K, 12 young (98304K), 2 survivors (16384K)
 Metaspace       used 21135K, committed 21504K, reserved 1114112K
  class space    used 2687K, committed 2880K, reserved 1048576K
}
Event: 94.038 GC heap after
{Heap after GC invocations=36 (full 0):
 garbage-first heap   total 1179648K, used 865644K [0x0000000580000000, 0x0000000800000000)
  region size 8192K, 2 young (16384K), 2 survivors (16384K)
 Metaspace       used 21135K, committed 21504K, reserved 1114112K
  class space    used 2687K, committed 2880K, reserved 1048576K
}
Event: 94.705 GC heap before
{Heap before GC invocations=36 (full 0):
 garbage-first heap   total 1179648K, used 922988K [0x0000000580000000, 0x0000000800000000)
  region size 8192K, 9 young (73728K), 2 survivors (16384K)
 Metaspace       used 21135K, committed 21504K, reserved 1114112K
  class space    used 2687K, committed 2880K, reserved 1048576K
}
Event: 94.762 GC heap after
{Heap after GC invocations=37 (full 0):
 garbage-first heap   total 1179648K, used 918528K [0x0000000580000000, 0x0000000800000000)
  region size 8192K, 2 young (16384K), 2 survivors (16384K)
 Metaspace       used 21135K, committed 21504K, reserved 1114112K
  class space    used 2687K, committed 2880K, reserved 1048576K
}
Event: 95.332 GC heap before
{Heap before GC invocations=37 (full 0):
 garbage-first heap   total 1179648K, used 959488K [0x0000000580000000, 0x0000000800000000)
  region size 8192K, 7 young (57344K), 2 survivors (16384K)
 Metaspace       used 21135K, committed 21504K, reserved 1114112K
  class space    used 2687K, committed 2880K, reserved 1048576K
}

Dll operation events (20 events):
Event: 2.617 Loaded shared library C:\Users\Ausu\.openjfx\cache\17.0.2-ea\api-ms-win-crt-math-l1-1-0.dll
Event: 2.620 Loaded shared library C:\Users\Ausu\.openjfx\cache\17.0.2-ea\api-ms-win-crt-multibyte-l1-1-0.dll
Event: 2.623 Loaded shared library C:\Users\Ausu\.openjfx\cache\17.0.2-ea\api-ms-win-crt-private-l1-1-0.dll
Event: 2.626 Loaded shared library C:\Users\Ausu\.openjfx\cache\17.0.2-ea\api-ms-win-crt-process-l1-1-0.dll
Event: 2.629 Loaded shared library C:\Users\Ausu\.openjfx\cache\17.0.2-ea\api-ms-win-crt-runtime-l1-1-0.dll
Event: 2.632 Loaded shared library C:\Users\Ausu\.openjfx\cache\17.0.2-ea\api-ms-win-crt-stdio-l1-1-0.dll
Event: 2.635 Loaded shared library C:\Users\Ausu\.openjfx\cache\17.0.2-ea\api-ms-win-crt-string-l1-1-0.dll
Event: 2.638 Loaded shared library C:\Users\Ausu\.openjfx\cache\17.0.2-ea\api-ms-win-crt-time-l1-1-0.dll
Event: 2.640 Loaded shared library C:\Users\Ausu\.openjfx\cache\17.0.2-ea\api-ms-win-crt-utility-l1-1-0.dll
Event: 2.655 Loaded shared library C:\Users\Ausu\.openjfx\cache\17.0.2-ea\ucrtbase.dll
Event: 2.658 Loaded shared library C:\Users\Ausu\.openjfx\cache\17.0.2-ea\vcruntime140.dll
Event: 2.661 Loaded shared library C:\Users\Ausu\.openjfx\cache\17.0.2-ea\vcruntime140_1.dll
Event: 2.669 Loaded shared library C:\Users\Ausu\.openjfx\cache\17.0.2-ea\msvcp140.dll
Event: 2.704 Loaded shared library C:\Users\Ausu\.openjfx\cache\17.0.2-ea\prism_d3d.dll
Event: 2.753 Loaded shared library C:\Users\Ausu\.openjfx\cache\17.0.2-ea\glass.dll
Event: 3.175 Loaded shared library C:\Users\Ausu\.openjfx\cache\17.0.2-ea\javafx_font.dll
Event: 3.250 Loaded shared library C:\Users\Ausu\.openjfx\cache\17.0.2-ea\javafx_iio.dll
Event: 49.313 Loaded shared library C:\Users\Ausu\.openjfx\cache\17.0.2-ea\glib-lite.dll
Event: 49.328 Loaded shared library C:\Users\Ausu\.openjfx\cache\17.0.2-ea\gstreamer-lite.dll
Event: 49.342 Loaded shared library C:\Users\Ausu\.openjfx\cache\17.0.2-ea\jfxmedia.dll

Deoptimization events (20 events):
Event: 92.052 Thread 0x000002205f4cb0e0 DEOPT PACKING pc=0x00000220382fd680 sp=0x000000d0814fcc80
Event: 92.052 Thread 0x000002205f4cb0e0 DEOPT UNPACKING pc=0x0000022037986da3 sp=0x000000d0814fcc00 mode 2
Event: 92.211 Thread 0x000002205f4cb0e0 DEOPT PACKING pc=0x0000022030d82572 sp=0x000000d0814fc810
Event: 92.211 Thread 0x000002205f4cb0e0 DEOPT UNPACKING pc=0x0000022037987543 sp=0x000000d0814fbcd0 mode 0
Event: 92.213 Thread 0x000002205f4cb0e0 DEOPT PACKING pc=0x0000022030d82572 sp=0x000000d0814fc810
Event: 92.213 Thread 0x000002205f4cb0e0 DEOPT UNPACKING pc=0x0000022037987543 sp=0x000000d0814fbcd0 mode 0
Event: 93.265 Thread 0x000002205f4cb0e0 Uncommon trap: trap_request=0xffffff45 fr.pc=0x00000220383e4658 relative=0x0000000000003718
Event: 93.265 Thread 0x000002205f4cb0e0 Uncommon trap: reason=unstable_if action=reinterpret pc=0x00000220383e4658 method=model.menugui.game.GameTile.setBuilding()V @ 9 c2
Event: 93.265 Thread 0x000002205f4cb0e0 DEOPT PACKING pc=0x00000220383e4658 sp=0x000000d0814fcbb0
Event: 93.265 Thread 0x000002205f4cb0e0 DEOPT UNPACKING pc=0x0000022037986da3 sp=0x000000d0814fcba8 mode 2
Event: 93.275 Thread 0x000002205f4cb0e0 Uncommon trap: trap_request=0xffffff45 fr.pc=0x00000220382f7208 relative=0x0000000000000068
Event: 93.275 Thread 0x000002205f4cb0e0 Uncommon trap: reason=unstable_if action=reinterpret pc=0x00000220382f7208 method=model.menugui.game.GameTile.setBuilding()V @ 9 c2
Event: 93.275 Thread 0x000002205f4cb0e0 DEOPT PACKING pc=0x00000220382f7208 sp=0x000000d0814fcc50
Event: 93.275 Thread 0x000002205f4cb0e0 DEOPT UNPACKING pc=0x0000022037986da3 sp=0x000000d0814fcbc8 mode 2
Event: 93.446 Thread 0x000002205f4cb0e0 Uncommon trap: trap_request=0xffffffad fr.pc=0x00000220382fe028 relative=0x00000000000000e8
Event: 93.446 Thread 0x000002205f4cb0e0 Uncommon trap: reason=uninitialized action=reinterpret pc=0x00000220382fe028 method=model.menugui.game.GameTile.setBuilding()V @ 128 c2
Event: 93.446 Thread 0x000002205f4cb0e0 DEOPT PACKING pc=0x00000220382fe028 sp=0x000000d0814fcc80
Event: 93.446 Thread 0x000002205f4cb0e0 DEOPT UNPACKING pc=0x0000022037986da3 sp=0x000000d0814fcb88 mode 2
Event: 94.513 Thread 0x000002205f4cb0e0 DEOPT PACKING pc=0x0000022030f78a2f sp=0x000000d0814fcd80
Event: 94.513 Thread 0x000002205f4cb0e0 DEOPT UNPACKING pc=0x0000022037987543 sp=0x000000d0814fc2d8 mode 0

Classes loaded (20 events):
Event: 79.017 Loading class sun/text/resources/BreakIteratorResources
Event: 79.018 Loading class sun/util/resources/BreakIteratorResourceBundle
Event: 79.018 Loading class sun/util/resources/BreakIteratorResourceBundle done
Event: 79.018 Loading class sun/text/resources/BreakIteratorResources done
Event: 79.018 Loading class sun/text/resources/BreakIteratorResources_en
Event: 79.018 Loading class sun/text/resources/BreakIteratorResources_en done
Event: 79.018 Loading class sun/text/resources/BreakIteratorResources_en_US
Event: 79.018 Loading class sun/text/resources/BreakIteratorResources_en_US done
Event: 79.018 Loading class sun/text/RuleBasedBreakIterator
Event: 79.018 Loading class sun/text/RuleBasedBreakIterator done
Event: 79.019 Loading class sun/text/CompactByteArray
Event: 79.020 Loading class sun/text/CompactByteArray done
Event: 79.020 Loading class sun/text/SupplementaryCharacterData
Event: 79.020 Loading class sun/text/SupplementaryCharacterData done
Event: 79.020 Loading class java/text/BreakIterator$BreakIteratorCache
Event: 79.020 Loading class java/text/BreakIterator$BreakIteratorCache done
Event: 91.561 Loading class java/lang/BorderPane
Event: 91.561 Loading class java/lang/BorderPane done
Event: 91.561 Loading class java/util/BorderPane
Event: 91.561 Loading class java/util/BorderPane done

Classes unloaded (0 events):
No events

Classes redefined (0 events):
No events

Internal exceptions (20 events):
Event: 9.120 Thread 0x000002205f4cb0e0 Exception <a 'java/lang/NoSuchMethodError'{0x00000005af9b10d0}: 'java.lang.Object java.lang.invoke.DirectMethodHandle$Holder.newInvokeSpecial(java.lang.Object, java.lang.Object, long)'> (0x00000005af9b10d0) 
thrown [s\open\src\hotspot\share\interpreter\linkResolver.cpp, line 774]
Event: 9.120 Thread 0x000002205f4cb0e0 Exception <a 'java/lang/NoSuchMethodError'{0x00000005af9b4c58}: 'java.lang.Object java.lang.invoke.Invokers$Holder.linkToTargetMethod(java.lang.Object, long, java.lang.Object)'> (0x00000005af9b4c58) 
thrown [s\open\src\hotspot\share\interpreter\linkResolver.cpp, line 774]
Event: 49.347 Thread 0x000002205f4cb0e0 Exception <a 'java/lang/NoSuchMethodError'{0x00000005afd6bb58}: 'long java.lang.invoke.DirectMethodHandle$Holder.invokeVirtual(java.lang.Object, java.lang.Object)'> (0x00000005afd6bb58) 
thrown [s\open\src\hotspot\share\interpreter\linkResolver.cpp, line 774]
Event: 49.347 Thread 0x000002205f4cb0e0 Exception <a 'java/lang/NoSuchMethodError'{0x00000005afd6f628}: 'long java.lang.invoke.DelegatingMethodHandle$Holder.reinvoke_L(java.lang.Object, java.lang.Object)'> (0x00000005afd6f628) 
thrown [s\open\src\hotspot\share\interpreter\linkResolver.cpp, line 774]
Event: 49.350 Thread 0x000002205f4cb0e0 Implicit null exception at 0x00000220380dbf52 to 0x00000220380dc4d4
Event: 49.350 Thread 0x000002205f4cb0e0 Implicit null exception at 0x00000220380a13d2 to 0x00000220380a1968
Event: 49.422 Thread 0x000002205f4cb0e0 Exception <a 'sun/nio/fs/WindowsException'{0x00000005af133478}> (0x00000005af133478) 
thrown [s\open\src\hotspot\share\prims\jni.cpp, line 517]
Event: 49.423 Thread 0x000002205f4cb0e0 Exception <a 'sun/nio/fs/WindowsException'{0x00000005af135120}> (0x00000005af135120) 
thrown [s\open\src\hotspot\share\prims\jni.cpp, line 517]
Event: 49.424 Thread 0x000002205f4cb0e0 Exception <a 'sun/nio/fs/WindowsException'{0x00000005af136b88}> (0x00000005af136b88) 
thrown [s\open\src\hotspot\share\prims\jni.cpp, line 517]
Event: 50.020 Thread 0x000002205f4cb0e0 Implicit null exception at 0x00000220380fbcd8 to 0x00000220380fbef0
Event: 50.022 Thread 0x000002205f4cb0e0 Implicit null exception at 0x000002203817af94 to 0x000002203817b38c
Event: 50.047 Thread 0x000002205f4cb0e0 Exception <a 'java/lang/ClassNotFoundException'{0x00000005b0e45c88}: com/sun/javafx/scene/control/skin/resources/controls> (0x00000005b0e45c88) 
thrown [s\open\src\hotspot\share\prims\jni.cpp, line 536]
Event: 50.047 Thread 0x000002205f4cb0e0 Exception <a 'java/lang/ClassNotFoundException'{0x00000005b0e53c88}: com/sun/javafx/scene/control/skin/resources/controls_en> (0x00000005b0e53c88) 
thrown [s\open\src\hotspot\share\prims\jni.cpp, line 536]
Event: 50.048 Thread 0x000002205f4cb0e0 Exception <a 'java/lang/ClassNotFoundException'{0x00000005b0e54d70}: com/sun/javafx/scene/control/skin/resources/controls_en_US> (0x00000005b0e54d70) 
thrown [s\open\src\hotspot\share\prims\jni.cpp, line 536]
Event: 50.070 Thread 0x000002205f4cb0e0 Implicit null exception at 0x000002203817a7af to 0x000002203817aa18
Event: 50.070 Thread 0x000002205f4cb0e0 Exception <a 'java/lang/NoSuchMethodError'{0x00000005b0f69ba0}: 'void java.lang.invoke.DirectMethodHandle$Holder.invokeSpecial(java.lang.Object, java.lang.Object, java.lang.Object, java.lang.Object, java.lang.Object, java.lang.Object)'> (0x00000005b0f69ba0) 
thrown [s\open\src\hotspot\share\interpreter\linkResolver.cpp, line 774]
Event: 50.074 Thread 0x000002205f4cb0e0 Implicit null exception at 0x0000022038106baf to 0x0000022038106d7c
Event: 51.253 Thread 0x000002205f4cc620 Exception <a 'java/lang/NoSuchMethodError'{0x00000005af1e0e98}: 'java.lang.Object java.lang.invoke.DirectMethodHandle$Holder.invokeStaticInit(java.lang.Object, int)'> (0x00000005af1e0e98) 
thrown [s\open\src\hotspot\share\interpreter\linkResolver.cpp, line 774]
Event: 52.195 Thread 0x000002205f4cb0e0 Implicit null exception at 0x0000022038085202 to 0x0000022038085880
Event: 52.221 Thread 0x000002205f4cb0e0 Implicit null exception at 0x00000220382f40a5 to 0x00000220382f40f8

VM Operations (20 events):
Event: 86.725 Executing VM operation: Cleanup done
Event: 90.726 Executing VM operation: Cleanup
Event: 90.727 Executing VM operation: Cleanup done
Event: 91.650 Executing VM operation: G1CollectForAllocation
Event: 91.669 Executing VM operation: G1CollectForAllocation done
Event: 92.005 Executing VM operation: HandshakeAllThreads
Event: 92.005 Executing VM operation: HandshakeAllThreads done
Event: 92.054 Executing VM operation: G1CollectForAllocation
Event: 92.072 Executing VM operation: G1CollectForAllocation done
Event: 92.217 Executing VM operation: G1CollectForAllocation
Event: 92.234 Executing VM operation: G1CollectForAllocation done
Event: 92.317 Executing VM operation: G1CollectForAllocation
Event: 92.332 Executing VM operation: G1CollectForAllocation done
Event: 93.051 Executing VM operation: G1CollectForAllocation
Event: 93.118 Executing VM operation: G1CollectForAllocation done
Event: 93.990 Executing VM operation: G1CollectForAllocation
Event: 94.038 Executing VM operation: G1CollectForAllocation done
Event: 94.705 Executing VM operation: G1CollectForAllocation
Event: 94.762 Executing VM operation: G1CollectForAllocation done
Event: 95.332 Executing VM operation: G1CollectForAllocation

Events (20 events):
Event: 91.870 Thread 0x000002205f519370 Thread added: 0x000002205f519370
Event: 91.897 Thread 0x000002205f51a420 Thread added: 0x000002205f51a420
Event: 91.903 Thread 0x000002205f51a9b0 Thread added: 0x000002205f51a9b0
Event: 91.972 Thread 0x000002205f519900 Thread added: 0x000002205f519900
Event: 91.983 Thread 0x00000220609b7090 Thread added: 0x00000220609b7090
Event: 91.983 Thread 0x00000220609b7090 Thread exited: 0x00000220609b7090
Event: 92.007 Thread 0x000002205a71d630 flushing nmethod 0x00000220382dd990
Event: 92.007 Thread 0x000002205a71d630 flushing nmethod 0x00000220382e5b10
Event: 92.008 Thread 0x000002205a71d630 flushing nmethod 0x00000220382ef390
Event: 92.008 Thread 0x000002205a71d630 flushing nmethod 0x00000220382f7010
Event: 92.008 Thread 0x000002205a71d630 flushing nmethod 0x00000220382fc190
Event: 92.008 Thread 0x000002205a71d630 flushing nmethod 0x00000220382fdd90
Event: 92.898 Thread 0x000002205f519900 Thread exited: 0x000002205f519900
Event: 92.898 Thread 0x000002205f519e90 Thread exited: 0x000002205f519e90
Event: 92.921 Thread 0x000002205f51a9b0 Thread exited: 0x000002205f51a9b0
Event: 93.266 Thread 0x000002205f51a420 Thread exited: 0x000002205f51a420
Event: 93.266 Thread 0x000002205f519370 Thread exited: 0x000002205f519370
Event: 93.275 Thread 0x000002205f518de0 Thread exited: 0x000002205f518de0
Event: 93.587 Thread 0x000002205f51c580 Thread exited: 0x000002205f51c580
Event: 94.231 Thread 0x000002205f51bff0 Thread exited: 0x000002205f51bff0


Dynamic libraries:
0x00007ff799830000 - 0x00007ff799840000 	C:\Program Files\Java\jdk-19\bin\java.exe
0x00007ff8df800000 - 0x00007ff8dfa09000 	C:\Windows\SYSTEM32\ntdll.dll
0x00007ff8de830000 - 0x00007ff8de8ee000 	C:\Windows\System32\KERNEL32.DLL
0x00007ff8dceb0000 - 0x00007ff8dd234000 	C:\Windows\System32\KERNELBASE.dll
0x00007ff8dcca0000 - 0x00007ff8dcdb1000 	C:\Windows\System32\ucrtbase.dll
0x00007ff8c49b0000 - 0x00007ff8c49c8000 	C:\Program Files\Java\jdk-19\bin\jli.dll
0x00007ff8de8f0000 - 0x00007ff8de99f000 	C:\Windows\System32\ADVAPI32.dll
0x00007ff8dec30000 - 0x00007ff8decd3000 	C:\Windows\System32\msvcrt.dll
0x00007ff8df1c0000 - 0x00007ff8df25e000 	C:\Windows\System32\sechost.dll
0x00007ff8de550000 - 0x00007ff8de671000 	C:\Windows\System32\RPCRT4.dll
0x00007ff8c4990000 - 0x00007ff8c49ab000 	C:\Program Files\Java\jdk-19\bin\VCRUNTIME140.dll
0x00007ff8de680000 - 0x00007ff8de82d000 	C:\Windows\System32\USER32.dll
0x00007ff8dd240000 - 0x00007ff8dd266000 	C:\Windows\System32\win32u.dll
0x00007ff8c9a60000 - 0x00007ff8c9d05000 	C:\Windows\WinSxS\amd64_microsoft.windows.common-controls_6595b64144ccf1df_6.0.22000.120_none_9d947278b86cc467\COMCTL32.dll
0x00007ff8de520000 - 0x00007ff8de54a000 	C:\Windows\System32\GDI32.dll
0x00007ff8dd540000 - 0x00007ff8dd65f000 	C:\Windows\System32\gdi32full.dll
0x00007ff8dd270000 - 0x00007ff8dd30d000 	C:\Windows\System32\msvcp_win.dll
0x00007ff8d59a0000 - 0x00007ff8d59aa000 	C:\Windows\SYSTEM32\VERSION.dll
0x00007ff8dee00000 - 0x00007ff8dee31000 	C:\Windows\System32\IMM32.DLL
0x00007ff8c4980000 - 0x00007ff8c498c000 	C:\Program Files\Java\jdk-19\bin\vcruntime140_1.dll
0x00007ff894f90000 - 0x00007ff89501e000 	C:\Program Files\Java\jdk-19\bin\msvcp140.dll
0x00007ff861da0000 - 0x00007ff862a60000 	C:\Program Files\Java\jdk-19\bin\server\jvm.dll
0x00007ff8c4620000 - 0x00007ff8c4629000 	C:\Windows\SYSTEM32\WSOCK32.dll
0x00007ff8d3b10000 - 0x00007ff8d3b43000 	C:\Windows\SYSTEM32\WINMM.dll
0x00007ff8df460000 - 0x00007ff8df4cf000 	C:\Windows\System32\WS2_32.dll
0x00007ff8dbdc0000 - 0x00007ff8dbdd8000 	C:\Windows\SYSTEM32\kernel.appcore.dll
0x00007ff8c4970000 - 0x00007ff8c497a000 	C:\Program Files\Java\jdk-19\bin\jimage.dll
0x00007ff8da980000 - 0x00007ff8daba1000 	C:\Windows\SYSTEM32\DBGHELP.DLL
0x00007ff8bfea0000 - 0x00007ff8bfed1000 	C:\Windows\SYSTEM32\dbgcore.DLL
0x00007ff8dce30000 - 0x00007ff8dceaf000 	C:\Windows\System32\bcryptPrimitives.dll
0x00007ff8d9230000 - 0x00007ff8d923e000 	C:\Program Files\Java\jdk-19\bin\instrument.dll
0x00007ff8b7e50000 - 0x00007ff8b7e76000 	C:\Program Files\Java\jdk-19\bin\java.dll
0x00007ff894eb0000 - 0x00007ff894f87000 	C:\Program Files\Java\jdk-19\bin\jsvml.dll
0x00007ff8dd7c0000 - 0x00007ff8ddf85000 	C:\Windows\System32\SHELL32.dll
0x00007ff8dad40000 - 0x00007ff8db5a4000 	C:\Windows\SYSTEM32\windows.storage.dll
0x00007ff8dee40000 - 0x00007ff8df1b6000 	C:\Windows\System32\combase.dll
0x00007ff8dabd0000 - 0x00007ff8dad37000 	C:\Windows\SYSTEM32\wintypes.dll
0x00007ff8deb40000 - 0x00007ff8dec2a000 	C:\Windows\System32\SHCORE.dll
0x00007ff8de020000 - 0x00007ff8de07d000 	C:\Windows\System32\shlwapi.dll
0x00007ff8dcbd0000 - 0x00007ff8dcbf1000 	C:\Windows\SYSTEM32\profapi.dll
0x00007ff8b7e30000 - 0x00007ff8b7e43000 	C:\Program Files\Java\jdk-19\bin\net.dll
0x00007ff8d69a0000 - 0x00007ff8d6ab3000 	C:\Windows\SYSTEM32\WINHTTP.dll
0x00007ff8dc260000 - 0x00007ff8dc2c7000 	C:\Windows\system32\mswsock.dll
0x00007ff8b3100000 - 0x00007ff8b3116000 	C:\Program Files\Java\jdk-19\bin\nio.dll
0x00007ff8b30e0000 - 0x00007ff8b30f8000 	C:\Program Files\Java\jdk-19\bin\zip.dll
0x00007ff8d91e0000 - 0x00007ff8d91fa000 	C:\Program Files\JetBrains\IntelliJ IDEA 2022.2\bin\breakgen64.dll
0x000002205b310000 - 0x000002205b313000 	C:\Users\Ausu\.openjfx\cache\17.0.2-ea\api-ms-win-core-console-l1-1-0.dll
0x000002205b320000 - 0x000002205b323000 	C:\Users\Ausu\.openjfx\cache\17.0.2-ea\api-ms-win-core-console-l1-2-0.dll
0x000002205b330000 - 0x000002205b333000 	C:\Users\Ausu\.openjfx\cache\17.0.2-ea\api-ms-win-core-datetime-l1-1-0.dll
0x000002205b340000 - 0x000002205b343000 	C:\Users\Ausu\.openjfx\cache\17.0.2-ea\api-ms-win-core-debug-l1-1-0.dll
0x000002205b350000 - 0x000002205b353000 	C:\Users\Ausu\.openjfx\cache\17.0.2-ea\api-ms-win-core-errorhandling-l1-1-0.dll
0x000002205b360000 - 0x000002205b364000 	C:\Users\Ausu\.openjfx\cache\17.0.2-ea\api-ms-win-core-file-l1-1-0.dll
0x000002205b370000 - 0x000002205b373000 	C:\Users\Ausu\.openjfx\cache\17.0.2-ea\api-ms-win-core-file-l1-2-0.dll
0x000002205b380000 - 0x000002205b383000 	C:\Users\Ausu\.openjfx\cache\17.0.2-ea\api-ms-win-core-file-l2-1-0.dll
0x000002205b390000 - 0x000002205b393000 	C:\Users\Ausu\.openjfx\cache\17.0.2-ea\api-ms-win-core-handle-l1-1-0.dll
0x000002205b3a0000 - 0x000002205b3a3000 	C:\Users\Ausu\.openjfx\cache\17.0.2-ea\api-ms-win-core-heap-l1-1-0.dll
0x000002205b3b0000 - 0x000002205b3b3000 	C:\Users\Ausu\.openjfx\cache\17.0.2-ea\api-ms-win-core-interlocked-l1-1-0.dll
0x000002205b3c0000 - 0x000002205b3c3000 	C:\Users\Ausu\.openjfx\cache\17.0.2-ea\api-ms-win-core-libraryloader-l1-1-0.dll
0x000002205b3d0000 - 0x000002205b3d3000 	C:\Users\Ausu\.openjfx\cache\17.0.2-ea\api-ms-win-core-localization-l1-2-0.dll
0x000002205b3e0000 - 0x000002205b3e3000 	C:\Users\Ausu\.openjfx\cache\17.0.2-ea\api-ms-win-core-memory-l1-1-0.dll
0x000002205b3f0000 - 0x000002205b3f3000 	C:\Users\Ausu\.openjfx\cache\17.0.2-ea\api-ms-win-core-namedpipe-l1-1-0.dll
0x0000022060fd0000 - 0x0000022060fd3000 	C:\Users\Ausu\.openjfx\cache\17.0.2-ea\api-ms-win-core-processenvironment-l1-1-0.dll
0x0000022060fe0000 - 0x0000022060fe3000 	C:\Users\Ausu\.openjfx\cache\17.0.2-ea\api-ms-win-core-processthreads-l1-1-0.dll
0x0000022060ff0000 - 0x0000022060ff3000 	C:\Users\Ausu\.openjfx\cache\17.0.2-ea\api-ms-win-core-processthreads-l1-1-1.dll
0x0000022061000000 - 0x0000022061003000 	C:\Users\Ausu\.openjfx\cache\17.0.2-ea\api-ms-win-core-profile-l1-1-0.dll
0x0000022061010000 - 0x0000022061013000 	C:\Users\Ausu\.openjfx\cache\17.0.2-ea\api-ms-win-core-rtlsupport-l1-1-0.dll
0x0000022061020000 - 0x0000022061023000 	C:\Users\Ausu\.openjfx\cache\17.0.2-ea\api-ms-win-core-string-l1-1-0.dll
0x0000022061030000 - 0x0000022061033000 	C:\Users\Ausu\.openjfx\cache\17.0.2-ea\api-ms-win-core-synch-l1-1-0.dll
0x0000022061040000 - 0x0000022061043000 	C:\Users\Ausu\.openjfx\cache\17.0.2-ea\api-ms-win-core-synch-l1-2-0.dll
0x0000022061050000 - 0x0000022061053000 	C:\Users\Ausu\.openjfx\cache\17.0.2-ea\api-ms-win-core-sysinfo-l1-1-0.dll
0x0000022061060000 - 0x0000022061063000 	C:\Users\Ausu\.openjfx\cache\17.0.2-ea\api-ms-win-core-timezone-l1-1-0.dll
0x0000022061070000 - 0x0000022061073000 	C:\Users\Ausu\.openjfx\cache\17.0.2-ea\api-ms-win-core-util-l1-1-0.dll
0x0000022061080000 - 0x0000022061083000 	C:\Users\Ausu\.openjfx\cache\17.0.2-ea\api-ms-win-crt-conio-l1-1-0.dll
0x0000022061090000 - 0x0000022061094000 	C:\Users\Ausu\.openjfx\cache\17.0.2-ea\api-ms-win-crt-convert-l1-1-0.dll
0x00000220610a0000 - 0x00000220610a3000 	C:\Users\Ausu\.openjfx\cache\17.0.2-ea\api-ms-win-crt-environment-l1-1-0.dll
0x00000220610b0000 - 0x00000220610b3000 	C:\Users\Ausu\.openjfx\cache\17.0.2-ea\api-ms-win-crt-filesystem-l1-1-0.dll
0x00000220610c0000 - 0x00000220610c3000 	C:\Users\Ausu\.openjfx\cache\17.0.2-ea\api-ms-win-crt-heap-l1-1-0.dll
0x00000220610d0000 - 0x00000220610d3000 	C:\Users\Ausu\.openjfx\cache\17.0.2-ea\api-ms-win-crt-locale-l1-1-0.dll
0x00000220610e0000 - 0x00000220610e5000 	C:\Users\Ausu\.openjfx\cache\17.0.2-ea\api-ms-win-crt-math-l1-1-0.dll
0x00000220610f0000 - 0x00000220610f5000 	C:\Users\Ausu\.openjfx\cache\17.0.2-ea\api-ms-win-crt-multibyte-l1-1-0.dll
0x0000022061100000 - 0x0000022061110000 	C:\Users\Ausu\.openjfx\cache\17.0.2-ea\api-ms-win-crt-private-l1-1-0.dll
0x0000022061110000 - 0x0000022061113000 	C:\Users\Ausu\.openjfx\cache\17.0.2-ea\api-ms-win-crt-process-l1-1-0.dll
0x0000022061120000 - 0x0000022061124000 	C:\Users\Ausu\.openjfx\cache\17.0.2-ea\api-ms-win-crt-runtime-l1-1-0.dll
0x0000022061130000 - 0x0000022061134000 	C:\Users\Ausu\.openjfx\cache\17.0.2-ea\api-ms-win-crt-stdio-l1-1-0.dll
0x0000022061140000 - 0x0000022061144000 	C:\Users\Ausu\.openjfx\cache\17.0.2-ea\api-ms-win-crt-string-l1-1-0.dll
0x0000022061150000 - 0x0000022061153000 	C:\Users\Ausu\.openjfx\cache\17.0.2-ea\api-ms-win-crt-time-l1-1-0.dll
0x0000022061160000 - 0x0000022061163000 	C:\Users\Ausu\.openjfx\cache\17.0.2-ea\api-ms-win-crt-utility-l1-1-0.dll
0x00007ff88f4f0000 - 0x00007ff88f5ec000 	C:\Users\Ausu\.openjfx\cache\17.0.2-ea\ucrtbase.dll
0x00007ff8d91c0000 - 0x00007ff8d91da000 	C:\Users\Ausu\.openjfx\cache\17.0.2-ea\vcruntime140.dll
0x00007ff8d91b0000 - 0x00007ff8d91bc000 	C:\Users\Ausu\.openjfx\cache\17.0.2-ea\vcruntime140_1.dll
0x00007ff8c8660000 - 0x00007ff8c86ed000 	C:\Users\Ausu\.openjfx\cache\17.0.2-ea\msvcp140.dll
0x00007ff8d9180000 - 0x00007ff8d91aa000 	C:\Users\Ausu\.openjfx\cache\17.0.2-ea\prism_d3d.dll
0x00007ff8cec80000 - 0x00007ff8cee26000 	C:\Windows\system32\d3d9.dll
0x00007ff8da350000 - 0x00007ff8da37f000 	C:\Windows\SYSTEM32\dwmapi.dll
0x00007ff8da1d0000 - 0x00007ff8da208000 	C:\Windows\SYSTEM32\dxcore.dll
0x00007ff8d9f20000 - 0x00007ff8d9fcc000 	C:\Windows\system32\uxtheme.dll
0x00007ff8d3b50000 - 0x00007ff8d3d0a000 	C:\Windows\System32\DriverStore\FileRepository\u0381698.inf_amd64_c210a171e1a050ef\B381591\aticfx64.dll
0x00007ff8d9140000 - 0x00007ff8d9174000 	C:\Windows\System32\DriverStore\FileRepository\u0381698.inf_amd64_c210a171e1a050ef\B381591\atiu9p64.dll
0x00007ff8680e0000 - 0x00007ff868e36000 	C:\Windows\System32\DriverStore\FileRepository\u0381698.inf_amd64_c210a171e1a050ef\B381591\atiumd64.dll
0x00007ff8de9a0000 - 0x00007ff8deb3a000 	C:\Windows\System32\ole32.dll
0x000000005f0b0000 - 0x000000005ff6f000 	C:\Windows\System32\DriverStore\FileRepository\u0381698.inf_amd64_c210a171e1a050ef\B381591\atiumd6a.dll
0x00007ff8de090000 - 0x00007ff8de4fc000 	C:\Windows\System32\SETUPAPI.dll
0x00007ff8db5c0000 - 0x00007ff8db60d000 	C:\Windows\SYSTEM32\POWRPROF.dll
0x00007ff8db6b0000 - 0x00007ff8db6c3000 	C:\Windows\SYSTEM32\UMPDC.dll
0x00007ff8d0e90000 - 0x00007ff8d0ec0000 	C:\Windows\SYSTEM32\amdihk64.dll
0x00007ff8d7d90000 - 0x00007ff8d7dd4000 	C:\Windows\SYSTEM32\directxdatabasehelper.dll
0x00007ff8dbde0000 - 0x00007ff8dbe14000 	C:\Windows\SYSTEM32\ntmarta.dll
0x00007ff88e860000 - 0x00007ff88e8a2000 	C:\Users\Ausu\.openjfx\cache\17.0.2-ea\glass.dll
0x00007ff8df370000 - 0x00007ff8df45c000 	C:\Windows\System32\COMDLG32.dll
0x00007ff8dd670000 - 0x00007ff8dd746000 	C:\Windows\System32\OLEAUT32.dll
0x00007ff8df4d0000 - 0x00007ff8df5ed000 	C:\Windows\System32\MSCTF.dll
0x00007ff8d8cb0000 - 0x00007ff8d8cc4000 	C:\Users\Ausu\.openjfx\cache\17.0.2-ea\javafx_font.dll
0x00007ff8c6810000 - 0x00007ff8c6a6f000 	C:\Windows\SYSTEM32\dwrite.dll
0x00007ff8ca580000 - 0x00007ff8ca5ad000 	C:\Users\Ausu\.openjfx\cache\17.0.2-ea\javafx_iio.dll
0x00007ff8dece0000 - 0x00007ff8ded8f000 	C:\Windows\System32\clbcatq.dll
0x00007ff8d5ae0000 - 0x00007ff8d5c8e000 	C:\Windows\SYSTEM32\WindowsCodecs.dll
0x00007ff8ad1d0000 - 0x00007ff8ad22d000 	C:\Windows\system32\dataexchange.dll
0x00007ff8d47e0000 - 0x00007ff8d4a46000 	C:\Windows\system32\twinapi.appcore.dll
0x00007ff895740000 - 0x00007ff895772000 	C:\Program Files\Common Files\Microsoft Shared\Ink\rtscom.dll
0x00007ff8c5080000 - 0x00007ff8c51ac000 	C:\Windows\SYSTEM32\textinputframework.dll
0x00007ff8d9b30000 - 0x00007ff8d9c61000 	C:\Windows\SYSTEM32\CoreMessaging.dll
0x00007ff8d6cc0000 - 0x00007ff8d702d000 	C:\Windows\SYSTEM32\CoreUIComponents.dll
0x00007ff8dc450000 - 0x00007ff8dc45c000 	C:\Windows\SYSTEM32\CRYPTBASE.DLL
0x00007ff8ab660000 - 0x00007ff8ab6fb000 	C:\Users\Ausu\.openjfx\cache\17.0.2-ea\glib-lite.dll
0x00007ff8ab570000 - 0x00007ff8ab652000 	C:\Users\Ausu\.openjfx\cache\17.0.2-ea\gstreamer-lite.dll
0x00007ff86b780000 - 0x00007ff86b822000 	C:\Windows\SYSTEM32\DSOUND.dll
0x00007ff86b6c0000 - 0x00007ff86b771000 	C:\Windows\SYSTEM32\ResampleDmo.DLL
0x00007ff8ccd30000 - 0x00007ff8ccd59000 	C:\Windows\SYSTEM32\winmmbase.dll

dbghelp: loaded successfully - version: 4.0.5 - missing functions: none
symbol engine: initialized successfully - sym options: 0x614 - pdb path: .;C:\Program Files\Java\jdk-19\bin;C:\Windows\SYSTEM32;C:\Windows\WinSxS\amd64_microsoft.windows.common-controls_6595b64144ccf1df_6.0.22000.120_none_9d947278b86cc467;C:\Program Files\Java\jdk-19\bin\server;C:\Program Files\JetBrains\IntelliJ IDEA 2022.2\bin;C:\Users\Ausu\.openjfx\cache\17.0.2-ea;C:\Windows\System32\DriverStore\FileRepository\u0381698.inf_amd64_c210a171e1a050ef\B381591;C:\Program Files\Common Files\Microsoft Shared\Ink

VM Arguments:
jvm_args: -javaagent:C:\Program Files\JetBrains\IntelliJ IDEA 2022.2\lib\idea_rt.jar=1220:C:\Program Files\JetBrains\IntelliJ IDEA 2022.2\bin -Dfile.encoding=UTF-8 --module-path=C:\Users\Ausu\.m2\repository\com\google\code\gson\gson\2.10.1\gson-2.10.1.jar;C:\Users\Ausu\.m2\repository\commons-codec\commons-codec\1.15\commons-codec-1.15.jar;C:\Users\Ausu\.m2\repository\org\openjfx\javafx-graphics\17.0.2\javafx-graphics-17.0.2-win.jar;C:\Users\Ausu\.m2\repository\org\projectlombok\lombok\1.18.26\lombok-1.18.26.jar;C:\Users\Ausu\.m2\repository\org\openjfx\javafx-controls\17.0.2\javafx-controls-17.0.2-win.jar;C:\Users\Ausu\.m2\repository\org\openjfx\javafx-base\17.0.2\javafx-base-17.0.2-win.jar;D:\University\Semester2\project-group-09\crusader\target\classes;C:\Users\Ausu\.m2\repository\org\openjfx\javafx-fxml\17.0.2\javafx-fxml-17.0.2-win.jar;C:\Users\Ausu\.m2\repository\org\openjfx\javafx-media\16\javafx-media-16-win.jar -Djdk.module.main=crusader -Xmx10g 
java_command: crusader/view.Main
java_class_path (initial): C:\Users\Ausu\.m2\repository\junit\junit\4.13.2\junit-4.13.2.jar;C:\Users\Ausu\.m2\repository\org\hamcrest\hamcrest-core\1.3\hamcrest-core-1.3.jar;C:\Users\Ausu\.m2\repository\org\junit\jupiter\junit-jupiter\5.10.0-M1\junit-jupiter-5.10.0-M1.jar;C:\Users\Ausu\.m2\repository\org\junit\jupiter\junit-jupiter-api\5.10.0-M1\junit-jupiter-api-5.10.0-M1.jar;C:\Users\Ausu\.m2\repository\org\opentest4j\opentest4j\1.2.0\opentest4j-1.2.0.jar;C:\Users\Ausu\.m2\repository\org\junit\platform\junit-platform-commons\1.10.0-M1\junit-platform-commons-1.10.0-M1.jar;C:\Users\Ausu\.m2\repository\org\apiguardian\apiguardian-api\1.1.2\apiguardian-api-1.1.2.jar;C:\Users\Ausu\.m2\repository\org\junit\jupiter\junit-jupiter-params\5.10.0-M1\junit-jupiter-params-5.10.0-M1.jar;C:\Users\Ausu\.m2\repository\org\junit\jupiter\junit-jupiter-engine\5.10.0-M1\junit-jupiter-engine-5.10.0-M1.jar;C:\Users\Ausu\.m2\repository\org\junit\platform\junit-platform-engine\1.10.0-M1\junit-platform-engine-1.10.0-M1.jar;C:\Users\Ausu\.m2\repository\org\openjfx\javafx-controls\17.0.2\javafx-controls-17.0.2.jar;C:\Users\Ausu\.m2\repository\org\openjfx\javafx-graphics\17.0.2\javafx-graphics-17.0.2.jar;C:\Users\Ausu\.m2\repository\org\openjfx\javafx-base\17.0.2\javafx-base-17.0.2.jar;C:\Users\Ausu\.m2\repository\org\openjfx\javafx-fxml\17.0.2\javafx-fxml-17.0.2.jar;C:\Users\Ausu\.m2\repository\org\openjfx\javafx-media\16\javafx-media-16.jar;C:\Users\Ausu\.m2\repository\org\python\jython-standalone\2.7.3\jython-standalone-2.7.3.jar
Launcher Type: SUN_STANDARD

[Global flags]
     intx CICompilerCount                          = 12                                        {product} {ergonomic}
     uint ConcGCThreads                            = 3                                         {product} {ergonomic}
     uint G1ConcRefinementThreads                  = 13                                        {product} {ergonomic}
   size_t G1HeapRegionSize                         = 8388608                                   {product} {ergonomic}
    uintx GCDrainStackTargetSize                   = 64                                        {product} {ergonomic}
   size_t InitialHeapSize                          = 234881024                                 {product} {ergonomic}
   size_t MarkStackSize                            = 4194304                                   {product} {ergonomic}
   size_t MaxHeapSize                              = 10737418240                               {product} {command line}
   size_t MaxNewSize                               = 6442450944                                {product} {ergonomic}
   size_t MinHeapDeltaBytes                        = 8388608                                   {product} {ergonomic}
   size_t MinHeapSize                              = 8388608                                   {product} {ergonomic}
    uintx NonNMethodCodeHeapSize                   = 7602480                                {pd product} {ergonomic}
    uintx NonProfiledCodeHeapSize                  = 122027880                              {pd product} {ergonomic}
    uintx ProfiledCodeHeapSize                     = 122027880                              {pd product} {ergonomic}
    uintx ReservedCodeCacheSize                    = 251658240                              {pd product} {ergonomic}
     bool SegmentedCodeCache                       = true                                      {product} {ergonomic}
   size_t SoftMaxHeapSize                          = 10737418240                            {manageable} {ergonomic}
     bool UseCompressedClassPointers               = true                           {product lp64_product} {ergonomic}
     bool UseCompressedOops                        = true                           {product lp64_product} {ergonomic}
     bool UseG1GC                                  = true                                      {product} {ergonomic}
     bool UseLargePagesIndividualAllocation        = false                                  {pd product} {ergonomic}

Logging:
Log output configuration:
 #0: stdout all=warning uptime,level,tags foldmultilines=false
 #1: stderr all=off uptime,level,tags foldmultilines=false

Environment Variables:
_JAVA_OPTIONS=-Xmx10g
PATH=C:\Program Files (x86)\Common Files\Oracle\Java\javapath;C:\Program Files\Common Files\Oracle\Java\javapath;C:\Windows\system32;C:\Windows;C:\Windows\System32\Wbem;C:\Windows\System32\WindowsPowerShell\v1.0\;C:\Windows\System32\OpenSSH\;C:\Program Files (x86)\NVIDIA Corporation\PhysX\Common;C:\Program Files\NVIDIA Corporation\NVIDIA NvDLISR;C:\Program Files\Microsoft VS Code\bin;C:\MinGW\bin;C:\Program Files\Git\cmd;C:\Program Files\Java\jdk-19\bin;C:\Users\Ausu\AppData\Local\Programs\Python\Python311\Scripts\;C:\Users\Ausu\AppData\Local\Programs\Python\Python311\;C:\Users\Ausu\AppData\Local\Microsoft\WindowsApps;C:\Users\Ausu\AppData\Local\GitHubDesktop\bin;C:\Program Files\JetBrains\IntelliJ IDEA 2022.2\bin;
USERNAME=AmirS
OS=Windows_NT
PROCESSOR_IDENTIFIER=AMD64 Family 25 Model 80 Stepping 0, AuthenticAMD
TMP=C:\Users\Ausu\AppData\Local\Temp
TEMP=C:\Users\Ausu\AppData\Local\Temp



---------------  S Y S T E M  ---------------

OS:
 Windows 11 , 64 bit Build 22000 (10.0.22000.2003)
OS uptime: 0 days 9:22 hours
Hyper-V role detected

CPU: total 16 (initial active 16) (16 cores per cpu, 2 threads per core) family 25 model 80 stepping 0 microcode 0x0, cx8, cmov, fxsr, ht, mmx, 3dnowpref, sse, sse2, sse3, ssse3, sse4a, sse4.1, sse4.2, popcnt, lzcnt, tsc, tscinvbit, avx, avx2, aes, erms, clmul, bmi1, bmi2, adx, sha, fma, vzeroupper, clflush, clflushopt, hv, rdtscp, rdpid, fsrm

Memory: 4k page, system-wide physical 14188M (3804M free)
TotalPageFile size 16178M (AvailPageFile size 324M)
current process WorkingSet (physical memory assigned to process): 1227M, peak: 1227M
current process commit charge ("private bytes"): 1463M, peak: 2567M

vm_info: Java HotSpot(TM) 64-Bit Server VM (19.0.2+7-44) for windows-amd64 JRE (19.0.2+7-44), built on 2022-11-30T18:02:09Z by "mach5one" with MS VC++ 17.1 (VS2022)

END.
